2023-02-13 17:59:37 SimCov version SimCov version 0.1.1.8024051-dirty-master built on 20230202_133339
2023-02-13 17:59:37 _________________________
2023-02-13 17:59:37 Compiler definitions:
2023-02-13 17:59:37   _XOPEN_SOURCE=700
2023-02-13 17:59:37   CONFIG_USE_COLORS
2023-02-13 17:59:37   USE_BYTELL
2023-02-13 17:59:37   MAX_VIRIONS=125000
2023-02-13 17:59:37   MIN_VIRIONS=1e-10
2023-02-13 17:59:37   BLOCK_PARTITION
2023-02-13 17:59:37   MIN_BLOCKS_PER_PROC=1
2023-02-13 17:59:37   AVERAGE_SUBSAMPLE
2023-02-13 17:59:37 _________________________
2023-02-13 17:59:37 Options:
2023-02-13 17:59:37   dim =                         15000 15000 1
2023-02-13 17:59:37   whole-lung-dim =              48000 40000 20000
2023-02-13 17:59:37   timesteps =                   33120
2023-02-13 17:59:37   infection-coords =            uniform:1
2023-02-13 17:59:37   initial-infection =           1000
2023-02-13 17:59:37   incubation-period =           480
2023-02-13 17:59:37   apoptosis-period =            180
2023-02-13 17:59:37   expressing-period =           900
2023-02-13 17:59:37   infectivity =                 0.01
2023-02-13 17:59:37   infectivity-multiplier =      1.0
2023-02-13 17:59:37   virion-production =           0.11
2023-02-13 17:59:37   virion-production-multiplier = 1.0
2023-02-13 17:59:37   virion-clearance =            0.002
2023-02-13 17:59:37   virion-diffusion =            0.15
2023-02-13 17:59:37   chemokine-production =        1.0
2023-02-13 17:59:37   chemokine-decay =             0.01
2023-02-13 17:59:37   chemokine-diffusion =         1.0
2023-02-13 17:59:37   min-chemokine =               1e-6
2023-02-13 17:59:37   antibody-factor =             1
2023-02-13 17:59:37   antibody-period =             1150
2023-02-13 17:59:37   tcell-generation-rate =       105000
2023-02-13 17:59:37   tcell-initial-delay =         4320
2023-02-13 17:59:37   tcell-vascular-period =       5760
2023-02-13 17:59:37   tcell-tissue-period =         1440
2023-02-13 17:59:37   tcell-binding-period =        10
2023-02-13 17:59:37   max-binding-prob =            1
2023-02-13 17:59:37   tcells-follow-gradient =      false
2023-02-13 17:59:37   seed =                        1
2023-02-13 17:59:37   sample-period =               0
2023-02-13 17:59:37   sample-resolution =           1
2023-02-13 17:59:37   max-block-dim =               10
2023-02-13 17:59:37   output =                      results/stable/c5_r1-results
2023-02-13 17:59:37 _________________________
2023-02-13 17:59:37 Starting run with 64 processes on 2 nodes at 02/13/23 17:59:37
2023-02-13 17:59:37 Pinned processes, with process 0 (pid 3889523) pinned to core 0
2023-02-13 17:59:37 Using block partitioning
2023-02-13 17:59:37 Initial free memory across all nodes: 150.66GB
2023-02-13 17:59:37 Starting with 75.61GB free on node 0
2023-02-13 17:59:37 Dividing 225000000 grid points into 3515625 squares of size 64 (8^2), with 54932 per process
2023-02-13 17:59:37 Total initial memory required per process is at least 281.63MB with each grid point requiring on average 84 bytes
2023-02-13 17:59:41  --- Elapsed time for tissue.cpp:Tissue:  (exiting barrier) 2023-02-13 17:59:41 ...
2023-02-13 17:59:41           ... (min/my/avg/max, bal) (3.49/3.49/3.49/3.49 s, 1.00) barrier(0.00 s) --- 
2023-02-13 17:59:41 Memory used on node 0 after initialization is  10.90GB
2023-02-13 17:59:41           ... (min/my/avg/max, bal) No-Time barrier(0.00 s) --- 
2023-02-13 17:59:41 Fraction of circulating T cells extravasating is 5.85938e-06
2023-02-13 17:59:41 # datetime                    step    incb       expr       apop       dead       tvas       ttis       chem       virs       chempts    %infct     <%active  lbln>
2023-02-13 17:59:41 [0] <main.cpp:141> WARNING: Time step 0: SUCCESSFUL initial infection at (7500, 7500, 0) after 0 tries
2023-02-13 17:59:41 [02/13/23 17:59:41    0.01s]: 0       1          0          0          0          0          0          0.00e+00   0.00e+00   1.00e+00   0.00       < 0.000 0.016 >
2023-02-13 17:59:41 [02/13/23 17:59:41    0.16s]: 662     436        242        0          0          0          0          2.86e-06   2.44e+03   7.44e+03   0.00       < 0.004 0.614 >
2023-02-13 17:59:41 [02/13/23 17:59:41    0.32s]: 1324    1313       998        0          1          0          0          1.02e-05   2.63e+04   1.93e+04   0.00       < 0.009 0.787 >
2023-02-13 17:59:41 [02/13/23 17:59:41    0.42s]: 1986    1936       2278       0          630        0          0          2.15e-05   7.60e+04   2.61e+04   0.00       < 0.012 0.798 >
2023-02-13 17:59:42 [02/13/23 17:59:42    0.53s]: 2648    2652       3614       0          2138       0          0          3.30e-05   1.45e+05   3.47e+04   0.00       < 0.015 0.872 >
2023-02-13 17:59:43 [02/13/23 17:59:43    0.63s]: 3310    3358       4958       0          4577       0          0          4.52e-05   2.17e+05   4.32e+04   0.01       < 0.019 0.830 >
2023-02-13 17:59:43 [02/13/23 17:59:43    0.76s]: 3972    4154       6293       0          8065       0          0          5.76e-05   2.88e+05   5.34e+04   0.01       < 0.024 0.911 >
2023-02-13 17:59:44 [02/13/23 17:59:44    0.92s]: 4634    4805       7675       23         12486      32084613   12         7.01e-05   3.64e+05   6.42e+04   0.01       < 0.029 0.906 >
2023-02-13 17:59:45 [02/13/23 17:59:45    1.10s]: 5296    5349       8734       288        18174      94259170   90         8.14e-05   4.35e+05   7.61e+04   0.01       < 0.034 0.894 >
2023-02-13 17:59:47 [02/13/23 17:59:47    1.30s]: 5958    5965       8832       732        25442      149682632  279        9.30e-05   4.87e+05   8.89e+04   0.02       < 0.040 0.915 >
2023-02-13 17:59:48 [02/13/23 17:59:48    1.51s]: 6620    6143       8500       1260       34198      199087860  503        1.03e-04   5.04e+05   1.02e+05   0.02       < 0.046 0.928 >
2023-02-13 17:59:50 [02/13/23 17:59:50    1.74s]: 7282    6220       7658       1674       44182      243128711  713        1.09e-04   4.95e+05   1.16e+05   0.03       < 0.051 0.927 >
2023-02-13 17:59:52 [02/13/23 17:59:52    2.03s]: 7944    6497       6847       2209       54538      282387355  980        1.15e-04   4.69e+05   1.30e+05   0.03       < 0.058 0.930 >
2023-02-13 17:59:54 [02/13/23 17:59:54    2.24s]: 8606    6441       5650       2588       66197      317383121  1316       1.18e-04   4.29e+05   1.45e+05   0.04       < 0.064 0.940 >
2023-02-13 17:59:57 [02/13/23 17:59:57    2.52s]: 9268    6628       5084       2994       77663      348578896  1649       1.19e-04   3.84e+05   1.60e+05   0.04       < 0.071 0.947 >
2023-02-13 18:00:00 [02/13/23 18:00:00    2.82s]: 9930    6800       4327       3167       90101      376387145  1972       1.22e-04   3.50e+05   1.75e+05   0.05       < 0.078 0.939 >
2023-02-13 18:00:03 [02/13/23 18:00:03    3.18s]: 10592   6713       3881       3466       102884     401176031  2303       1.20e-04   3.23e+05   1.92e+05   0.05       < 0.085 0.957 >
2023-02-13 18:00:06 [02/13/23 18:00:06    3.27s]: 11254   6849       3304       3511       116311     423273183  2527       1.21e-04   2.87e+05   2.09e+05   0.06       < 0.093 0.964 >
2023-02-13 18:00:10 [02/13/23 18:00:10    3.58s]: 11916   7106       3138       3634       129732     442970869  2776       1.22e-04   2.65e+05   2.26e+05   0.06       < 0.100 0.974 >
2023-02-13 18:00:14 [02/13/23 18:00:14    4.01s]: 12578   7117       2696       3792       143840     460529544  3088       1.22e-04   2.50e+05   2.43e+05   0.07       < 0.108 0.972 >
2023-02-13 18:00:18 [02/13/23 18:00:18    4.25s]: 13240   6990       2567       3954       158216     476181675  3354       1.19e-04   2.33e+05   2.61e+05   0.08       < 0.116 0.944 >
2023-02-13 18:00:22 [02/13/23 18:00:22    4.59s]: 13902   7485       2250       4067       172868     490134237  3552       1.21e-04   2.12e+05   2.80e+05   0.08       < 0.125 0.963 >
2023-02-13 18:00:27 [02/13/23 18:00:27    4.85s]: 14564   7567       2013       4258       188281     502571700  3798       1.23e-04   2.02e+05   2.98e+05   0.09       < 0.133 0.965 >
2023-02-13 18:00:32 [02/13/23 18:00:32    5.13s]: 15226   7794       2120       4364       203840     513658420  4017       1.22e-04   1.90e+05   3.18e+05   0.10       < 0.141 0.957 >
2023-02-13 18:00:38 [02/13/23 18:00:38    5.64s]: 15888   7972       1969       4462       220190     523541305  4260       1.24e-04   1.92e+05   3.38e+05   0.10       < 0.150 0.965 >
2023-02-13 18:00:44 [02/13/23 18:00:44    5.98s]: 16550   8052       2192       4772       236662     532350996  4562       1.28e-04   1.94e+05   3.59e+05   0.11       < 0.160 0.968 >
2023-02-13 18:00:50 [02/13/23 18:00:50    6.33s]: 17212   7993       1835       4797       254475     540204057  4808       1.29e-04   1.88e+05   3.79e+05   0.12       < 0.169 0.975 >
2023-02-13 18:00:57 [02/13/23 18:00:57    6.74s]: 17874   8023       1561       4850       272389     547204319  5033       1.26e-04   1.71e+05   4.00e+05   0.13       < 0.178 0.969 >
2023-02-13 18:01:04 [02/13/23 18:01:04    7.24s]: 18536   8257       1653       4721       290050     553444203  5261       1.25e-04   1.59e+05   4.21e+05   0.14       < 0.187 0.964 >
2023-02-13 18:01:12 [02/13/23 18:01:12    7.52s]: 19198   8234       1642       5065       308174     559006680  5450       1.28e-04   1.60e+05   4.43e+05   0.14       < 0.195 0.976 >
2023-02-13 18:01:20 [02/13/23 18:01:20    7.80s]: 19860   8489       1486       5018       326931     563965047  5698       1.30e-04   1.59e+05   4.65e+05   0.15       < 0.202 0.980 >
2023-02-13 18:01:28 [02/13/23 18:01:28    8.12s]: 20522   8604       1596       5173       345945     568384708  6066       1.31e-04   1.57e+05   4.88e+05   0.16       < 0.210 0.981 >
2023-02-13 18:01:36 [02/13/23 18:01:36    8.59s]: 21184   8463       1545       5593       365397     572324650  6285       1.31e-04   1.60e+05   5.11e+05   0.17       < 0.217 0.977 >
2023-02-13 18:01:45 [02/13/23 18:01:45    9.10s]: 21846   8585       1275       5498       385761     575836602  6534       1.27e-04   1.45e+05   5.34e+05   0.18       < 0.224 0.973 >
2023-02-13 18:01:55 [02/13/23 18:01:55    9.39s]: 22508   8323       1270       5356       406108     578967100  6802       1.24e-04   1.35e+05   5.57e+05   0.19       < 0.230 0.969 >
2023-02-13 18:02:05 [02/13/23 18:02:05    9.96s]: 23170   8099       1004       5558       426446     581757752  6850       1.19e-04   1.23e+05   5.81e+05   0.20       < 0.237 0.972 >
2023-02-13 18:02:15 [02/13/23 18:02:15   10.22s]: 23832   8445       1141       5401       446517     584245219  6911       1.18e-04   1.13e+05   6.04e+05   0.21       < 0.243 0.984 >
2023-02-13 18:02:25 [02/13/23 18:02:25   10.31s]: 24494   8476       1132       5731       467110     586462434  7132       1.22e-04   1.17e+05   6.29e+05   0.21       < 0.250 0.985 >
2023-02-13 18:02:36 [02/13/23 18:02:36   10.61s]: 25156   8596       1044       5797       488374     588438862  7308       1.22e-04   1.16e+05   6.53e+05   0.22       < 0.256 0.970 >
2023-02-13 18:02:47 [02/13/23 18:02:47   10.93s]: 25818   8986       1048       5919       509994     590200756  7435       1.20e-04   1.12e+05   6.79e+05   0.23       < 0.262 0.974 >
2023-02-13 18:02:58 [02/13/23 18:02:58   11.13s]: 26480   9705       1332       6055       531702     591771344  7636       1.30e-04   1.21e+05   7.06e+05   0.24       < 0.269 0.984 >
2023-02-13 18:03:10 [02/13/23 18:03:10   11.55s]: 27142   9344       1584       6253       554533     593170924  7966       1.37e-04   1.41e+05   7.31e+05   0.25       < 0.275 0.979 >
2023-02-13 18:03:22 [02/13/23 18:03:22   11.94s]: 27804   9402       1314       6432       577925     594418773  8111       1.37e-04   1.44e+05   7.58e+05   0.26       < 0.281 0.969 >
2023-02-13 18:03:34 [02/13/23 18:03:34   12.39s]: 28466   9264       1193       6397       601857     595531015  8283       1.36e-04   1.33e+05   7.85e+05   0.27       < 0.287 0.977 >
2023-02-13 18:03:47 [02/13/23 18:03:47   12.84s]: 29128   9252       1153       6463       625633     596522381  8544       1.32e-04   1.24e+05   8.11e+05   0.29       < 0.293 0.984 >
2023-02-13 18:04:00 [02/13/23 18:04:00   12.96s]: 29790   9334       1091       6536       649460     597405877  8780       1.33e-04   1.20e+05   8.38e+05   0.30       < 0.299 0.959 >
2023-02-13 18:04:13 [02/13/23 18:04:13   13.47s]: 30452   9315       1185       6627       673284     598193506  8795       1.33e-04   1.20e+05   8.65e+05   0.31       < 0.304 0.966 >
2023-02-13 18:04:27 [02/13/23 18:04:27   13.54s]: 31114   9607       1065       6675       697799     598895569  8862       1.31e-04   1.16e+05   8.94e+05   0.32       < 0.310 0.980 >
2023-02-13 18:04:41 [02/13/23 18:04:41   13.81s]: 31776   9790       1203       6709       722434     599521097  9134       1.37e-04   1.18e+05   9.21e+05   0.33       < 0.315 0.970 >
2023-02-13 18:04:55 [02/13/23 18:04:55   14.06s]: 32438   10283      1280       6649       747291     600078924  9311       1.41e-04   1.22e+05   9.50e+05   0.34       < 0.321 0.969 >
2023-02-13 18:05:09 [02/13/23 18:05:09   14.45s]: 33100   10777      1376       7069       772505     600576013  9453       1.51e-04   1.37e+05   9.80e+05   0.35       < 0.327 0.980 >
2023-02-13 18:05:09 [02/13/23 18:05:09    0.42s]: 33119   10778      1396       7065       773276     600589425  9448       1.52e-04   1.37e+05   9.81e+05   0.35       < 0.327 0.979 >
2023-02-13 18:05:09  ---  main.cpp:generate tcells took  avg 0.01 s max 0.01 s balance 0.68  --- 
2023-02-13 18:05:09  ---  main.cpp:update circulating tcells took  avg 9.56 s max 10.06 s balance 0.95  --- 
2023-02-13 18:05:09  ---  main.cpp:update tcells took  avg 21.48 s max 23.98 s balance 0.90  --- 
2023-02-13 18:05:09  ---  main.cpp:update epicells took  avg 10.19 s max 10.42 s balance 0.98  --- 
2023-02-13 18:05:09  ---  main.cpp:update concentrations took  avg 63.20 s max 65.16 s balance 0.97  --- 
2023-02-13 18:05:09  ---  main.cpp:compute updates took  avg 186.90 s max 186.91 s balance 1.00  --- 
2023-02-13 18:05:09  ---  main.cpp:dispatch updates took  avg 86.38 s max 91.24 s balance 0.95  --- 
2023-02-13 18:05:09  ---  main.cpp:add new actives took  avg 4.12 s max 4.27 s balance 0.96  --- 
2023-02-13 18:05:09  ---  main.cpp:erase inactive took  avg 34.54 s max 35.77 s balance 0.97  --- 
2023-02-13 18:05:09  ---  main.cpp:sample took  avg 0.00 s max 0.00 s balance -nan  --- 
2023-02-13 18:05:09  ---  main.cpp:sample write took  avg 0.00 s max 0.00 s balance -nan  --- 
2023-02-13 18:05:09  ---  main.cpp:log took  avg 2.15 s max 2.15 s balance 1.00  --- 
2023-02-13 18:05:09 Finished 33120 time steps in 328.9018 s (0.0099 s per step)
2023-02-13 18:05:09  --- Elapsed time for main.cpp:run_sim:  (exiting barrier) 2023-02-13 18:05:09 ...
2023-02-13 18:05:09           ... (min/my/avg/max, bal) (328.90/328.90/328.90/328.90 s, 1.00) barrier(0.00 s) --- 
2023-02-13 18:05:10 Peak memory used across all nodes: 22.12GB
2023-02-13 18:05:10 Finished in 332.65 s at 02/13/23 18:05:10 for SimCov version 0.1.1.8024051-dirty
