2023-02-17 15:24:35 SimCov version SimCov version 0.1.1.8024051-dirty-master built on 20230202_133339
2023-02-17 15:24:35 _________________________
2023-02-17 15:24:35 Compiler definitions:
2023-02-17 15:24:35   _XOPEN_SOURCE=700
2023-02-17 15:24:35   CONFIG_USE_COLORS
2023-02-17 15:24:35   USE_BYTELL
2023-02-17 15:24:35   MAX_VIRIONS=125000
2023-02-17 15:24:35   MIN_VIRIONS=1e-10
2023-02-17 15:24:35   BLOCK_PARTITION
2023-02-17 15:24:35   MIN_BLOCKS_PER_PROC=1
2023-02-17 15:24:35   AVERAGE_SUBSAMPLE
2023-02-17 15:24:35 _________________________
2023-02-17 15:24:35 Options:
2023-02-17 15:24:35   dim =                         15000 15000 1
2023-02-17 15:24:35   whole-lung-dim =              48000 40000 20000
2023-02-17 15:24:35   timesteps =                   33120
2023-02-17 15:24:35   infection-coords =            uniform:1
2023-02-17 15:24:35   initial-infection =           1000
2023-02-17 15:24:35   incubation-period =           480
2023-02-17 15:24:35   apoptosis-period =            180
2023-02-17 15:24:35   expressing-period =           900
2023-02-17 15:24:35   infectivity =                 0.01
2023-02-17 15:24:35   infectivity-multiplier =      1.0
2023-02-17 15:24:35   virion-production =           0.11
2023-02-17 15:24:35   virion-production-multiplier = 1.0
2023-02-17 15:24:35   virion-clearance =            0.004
2023-02-17 15:24:35   virion-diffusion =            0.15
2023-02-17 15:24:35   chemokine-production =        1.0
2023-02-17 15:24:35   chemokine-decay =             0.01
2023-02-17 15:24:35   chemokine-diffusion =         1.0
2023-02-17 15:24:35   min-chemokine =               1e-6
2023-02-17 15:24:35   antibody-factor =             1
2023-02-17 15:24:35   antibody-period =             1150
2023-02-17 15:24:35   tcell-generation-rate =       105000
2023-02-17 15:24:35   tcell-initial-delay =         4320
2023-02-17 15:24:35   tcell-vascular-period =       5760
2023-02-17 15:24:35   tcell-tissue-period =         1440
2023-02-17 15:24:35   tcell-binding-period =        10
2023-02-17 15:24:35   max-binding-prob =            1
2023-02-17 15:24:35   tcells-follow-gradient =      false
2023-02-17 15:24:35   seed =                        5
2023-02-17 15:24:35   sample-period =               0
2023-02-17 15:24:35   sample-resolution =           1
2023-02-17 15:24:35   max-block-dim =               10
2023-02-17 15:24:35   output =                      results/chaotic/c2-5
2023-02-17 15:24:35 _________________________
2023-02-17 15:24:35 Starting run with 64 processes on 2 nodes at 02/17/23 15:24:35
2023-02-17 15:24:35 Pinned processes, with process 0 (pid 3895011) pinned to core 0
2023-02-17 15:24:35 Using block partitioning
2023-02-17 15:24:35 Initial free memory across all nodes: 152.16GB
2023-02-17 15:24:35 Starting with 76.38GB free on node 0
2023-02-17 15:24:35 Dividing 225000000 grid points into 3515625 squares of size 64 (8^2), with 54932 per process
2023-02-17 15:24:35 Total initial memory required per process is at least 281.63MB with each grid point requiring on average 84 bytes
2023-02-17 15:24:39  --- Elapsed time for tissue.cpp:Tissue:  (exiting barrier) 2023-02-17 15:24:39 ...
2023-02-17 15:24:39           ... (min/my/avg/max, bal) (3.47/3.47/3.47/3.47 s, 1.00) barrier(0.00 s) --- 
2023-02-17 15:24:39 Memory used on node 0 after initialization is  10.90GB
2023-02-17 15:24:39           ... (min/my/avg/max, bal) No-Time barrier(0.00 s) --- 
2023-02-17 15:24:39 Fraction of circulating T cells extravasating is 5.85938e-06
2023-02-17 15:24:39 # datetime                    step    incb       expr       apop       dead       tvas       ttis       chem       virs       chempts    %infct     <%active  lbln>
2023-02-17 15:24:39 [0] <main.cpp:141> WARNING: Time step 0: SUCCESSFUL initial infection at (7500, 7500, 0) after 0 tries
2023-02-17 15:24:39 [02/17/23 15:24:39    0.00s]: 0       1          0          0          0          0          0          0.00e+00   0.00e+00   1.00e+00   0.00       < 0.000 0.016 >
2023-02-17 15:24:39 [02/17/23 15:24:39    0.15s]: 662     272        221        0          0          0          0          2.67e-06   1.93e+03   7.29e+03   0.00       < 0.004 0.649 >
2023-02-17 15:24:39 [02/17/23 15:24:39    0.30s]: 1324    1068       808        0          1          0          0          8.42e-06   1.39e+04   1.93e+04   0.00       < 0.009 0.785 >
2023-02-17 15:24:40 [02/17/23 15:24:40    0.48s]: 1986    1588       1894       0          452        0          0          1.80e-05   3.94e+04   2.49e+04   0.00       < 0.011 0.770 >
2023-02-17 15:24:40 [02/17/23 15:24:40    0.49s]: 2648    2087       2851       0          1779       0          0          2.75e-05   6.78e+04   3.17e+04   0.00       < 0.014 0.860 >
2023-02-17 15:24:41 [02/17/23 15:24:41    0.57s]: 3310    2668       3920       0          3739       0          0          3.73e-05   9.72e+04   3.94e+04   0.00       < 0.018 0.852 >
2023-02-17 15:24:41 [02/17/23 15:24:41    0.69s]: 3972    3326       4945       0          6470       0          0          4.82e-05   1.25e+05   4.75e+04   0.01       < 0.021 0.868 >
2023-02-17 15:24:42 [02/17/23 15:24:42    0.81s]: 4634    3848       6109       2          10008      32084614   3          5.83e-05   1.54e+05   5.71e+04   0.01       < 0.025 0.877 >
2023-02-17 15:24:43 [02/17/23 15:24:43    0.98s]: 5296    4331       6906       193        14483      94259107   77         6.85e-05   1.85e+05   6.68e+04   0.01       < 0.030 0.906 >
2023-02-17 15:24:44 [02/17/23 15:24:44    1.14s]: 5958    4444       7117       617        20199      149682568  242        7.63e-05   2.01e+05   7.71e+04   0.01       < 0.034 0.890 >
2023-02-17 15:24:46 [02/17/23 15:24:46    1.34s]: 6620    4635       6271       1086       27405      199087968  437        8.37e-05   1.96e+05   8.81e+04   0.02       < 0.039 0.931 >
2023-02-17 15:24:47 [02/17/23 15:24:47    1.53s]: 7282    4710       5687       1397       35094      243128658  630        8.74e-05   1.82e+05   9.91e+04   0.02       < 0.044 0.931 >
2023-02-17 15:24:49 [02/17/23 15:24:49    1.69s]: 7944    4963       4797       1770       43245      282387350  876        9.24e-05   1.68e+05   1.11e+05   0.02       < 0.049 0.923 >
2023-02-17 15:24:51 [02/17/23 15:24:51    1.98s]: 8606    5122       4440       2037       51653      317383225  1106       9.39e-05   1.57e+05   1.23e+05   0.03       < 0.055 0.901 >
2023-02-17 15:24:53 [02/17/23 15:24:53    2.16s]: 9268    4953       3687       2238       61076      348579097  1377       9.71e-05   1.42e+05   1.35e+05   0.03       < 0.060 0.949 >
2023-02-17 15:24:55 [02/17/23 15:24:55    2.34s]: 9930    4934       2904       2434       70644      376387615  1673       9.35e-05   1.19e+05   1.47e+05   0.04       < 0.066 0.943 >
2023-02-17 15:24:58 [02/17/23 15:24:58    2.57s]: 10592   5080       2640       2465       80062      401176555  1895       9.38e-05   1.05e+05   1.60e+05   0.04       < 0.071 0.950 >
2023-02-17 15:25:01 [02/17/23 15:25:01    2.84s]: 11254   4987       2145       2880       90016      423273754  2162       9.29e-05   9.62e+04   1.73e+05   0.04       < 0.077 0.940 >
2023-02-17 15:25:04 [02/17/23 15:25:04    3.08s]: 11916   4686       1773       2800       100383     442971555  2398       8.67e-05   8.23e+04   1.86e+05   0.05       < 0.082 0.956 >
2023-02-17 15:25:07 [02/17/23 15:25:07    3.18s]: 12578   4662       1523       2610       110432     460530374  2551       8.19e-05   6.71e+04   1.98e+05   0.05       < 0.087 0.949 >
2023-02-17 15:25:10 [02/17/23 15:25:10    3.37s]: 13240   4619       1344       2866       120416     476182733  2755       8.23e-05   6.34e+04   2.11e+05   0.06       < 0.091 0.941 >
2023-02-17 15:25:14 [02/17/23 15:25:14    3.57s]: 13902   4485       1159       2799       130767     490135420  2961       8.09e-05   5.72e+04   2.24e+05   0.06       < 0.095 0.953 >
2023-02-17 15:25:18 [02/17/23 15:25:18    3.69s]: 14564   4280       913        2778       141268     502572926  3230       7.54e-05   4.59e+04   2.37e+05   0.07       < 0.099 0.953 >
2023-02-17 15:25:22 [02/17/23 15:25:22    3.84s]: 15226   4015       754        2629       151472     513659927  3438       6.76e-05   3.92e+04   2.50e+05   0.07       < 0.102 0.963 >
2023-02-17 15:25:26 [02/17/23 15:25:26    4.04s]: 15888   3956       696        2555       161201     523543137  3636       6.38e-05   3.25e+04   2.62e+05   0.07       < 0.105 0.947 >
2023-02-17 15:25:30 [02/17/23 15:25:30    4.21s]: 16550   3465       632        2575       170856     532352981  3708       6.18e-05   3.25e+04   2.73e+05   0.08       < 0.107 0.960 >
2023-02-17 15:25:34 [02/17/23 15:25:34    4.31s]: 17212   3331       374        2516       180243     540206333  3796       5.39e-05   2.61e+04   2.86e+05   0.08       < 0.110 0.953 >
2023-02-17 15:25:39 [02/17/23 15:25:39    4.51s]: 17874   3061       414        2189       189112     547206964  3919       4.80e-05   2.03e+04   2.96e+05   0.09       < 0.112 0.963 >
2023-02-17 15:25:43 [02/17/23 15:25:43    4.51s]: 18536   2807       428        2049       197167     553447258  4071       4.44e-05   2.08e+04   3.07e+05   0.09       < 0.114 0.975 >
2023-02-17 15:25:48 [02/17/23 15:25:48    4.56s]: 19198   2621       393        2145       204801     559009893  4182       4.01e-05   1.91e+04   3.17e+05   0.09       < 0.115 0.962 >
2023-02-17 15:25:52 [02/17/23 15:25:52    4.64s]: 19860   2133       208        1892       212330     563968639  4325       3.35e-05   1.48e+04   3.27e+05   0.10       < 0.116 0.944 >
2023-02-17 15:25:57 [02/17/23 15:25:57    4.72s]: 20522   1671       230        1484       218592     568389002  4393       2.50e-05   1.10e+04   3.31e+05   0.10       < 0.116 0.944 >
2023-02-17 15:26:02 [02/17/23 15:26:02    4.76s]: 21184   1132       67         1186       223784     572329502  4163       1.74e-05   7.81e+03   3.25e+05   0.10       < 0.116 0.946 >
2023-02-17 15:26:06 [02/17/23 15:26:06    4.51s]: 21846   759        23         781        227489     575842244  3815       9.45e-06   3.10e+03   3.17e+05   0.10       < 0.115 0.959 >
2023-02-17 15:26:11 [02/17/23 15:26:11    4.30s]: 22508   391        16         504        229979     578973830  3378       5.43e-06   1.51e+03   3.05e+05   0.10       < 0.113 0.959 >
2023-02-17 15:26:15 [02/17/23 15:26:15    4.07s]: 23170   177        2          258        231548     581765619  2746       2.10e-06   5.24e+02   2.85e+05   0.10       < 0.110 0.935 >
2023-02-17 15:26:18 [02/17/23 15:26:18    3.74s]: 23832   75         1          97         232302     584254695  2054       4.66e-07   1.17e+02   2.60e+05   0.10       < 0.103 0.919 >
2023-02-17 15:26:22 [02/17/23 15:26:22    3.16s]: 24494   58         3          59         232567     586473827  1116       6.95e-07   1.27e+02   2.45e+05   0.10       < 0.093 0.942 >
2023-02-17 15:26:24 [02/17/23 15:26:24    2.68s]: 25156   60         0          56         232794     588452171  484        3.91e-07   9.82e+01   2.47e+05   0.10       < 0.080 0.928 >
2023-02-17 15:26:27 [02/17/23 15:26:27    2.26s]: 25818   51         3          46         232986     590215726  416        3.66e-07   4.96e+01   2.47e+05   0.10       < 0.065 0.934 >
2023-02-17 15:26:28 [02/17/23 15:26:28    1.86s]: 26480   162        6          99         233200     591787655  387        1.32e-06   2.91e+02   2.44e+05   0.10       < 0.047 0.907 >
2023-02-17 15:26:30 [02/17/23 15:26:30    1.45s]: 27142   170        8          143        233631     593188887  334        2.87e-06   8.06e+02   2.45e+05   0.10       < 0.030 0.890 >
2023-02-17 15:26:31 [02/17/23 15:26:31    1.12s]: 27804   159        9          149        234191     594438016  403        2.07e-06   4.33e+02   2.54e+05   0.10       < 0.017 0.733 >
2023-02-17 15:26:32 [02/17/23 15:26:32    0.99s]: 28466   126        12         120        234700     595551475  555        1.80e-06   4.18e+02   2.56e+05   0.10       < 0.015 0.842 >
2023-02-17 15:26:33 [02/17/23 15:26:33    0.99s]: 29128   82         1          92         235123     596544090  633        5.46e-07   2.23e+02   2.52e+05   0.10       < 0.015 0.853 >
2023-02-17 15:26:34 [02/17/23 15:26:34    1.00s]: 29790   111        14         80         235417     597428895  584        1.34e-06   3.39e+02   2.49e+05   0.10       < 0.016 0.861 >
2023-02-17 15:26:35 [02/17/23 15:26:35    1.00s]: 30452   69         0          70         235744     598217498  486        7.31e-07   2.75e+02   2.47e+05   0.10       < 0.017 0.857 >
2023-02-17 15:26:36 [02/17/23 15:26:36    0.96s]: 31114   8          0          27         235970     598920664  387        1.42e-08   2.51e+01   2.45e+05   0.10       < 0.017 0.884 >
2023-02-17 15:26:37 [02/17/23 15:26:37    0.88s]: 31776   2          0          4          236020     599547541  223        0.00e+00   1.77e+00   2.36e+05   0.10       < 0.016 0.859 >
2023-02-17 15:26:38 [02/17/23 15:26:38    0.78s]: 32438   0          0          0          236026     600106427  62         0.00e+00   1.24e-01   2.36e+05   0.10       < 0.014 0.843 >
2023-02-17 15:26:38 [02/17/23 15:26:38    0.71s]: 33100   0          0          0          236026     600604520  0          0.00e+00   8.76e-03   2.36e+05   0.10       < 0.012 0.783 >
2023-02-17 15:26:38 [02/17/23 15:26:38    0.02s]: 33119   0          0          0          236026     600617998  0          0.00e+00   8.11e-03   2.36e+05   0.10       < 0.011 0.785 >
2023-02-17 15:26:38  ---  main.cpp:generate tcells took  avg 0.00 s max 0.00 s balance 0.71  --- 
2023-02-17 15:26:38  ---  main.cpp:update circulating tcells took  avg 9.02 s max 9.49 s balance 0.95  --- 
2023-02-17 15:26:38  ---  main.cpp:update tcells took  avg 8.22 s max 9.08 s balance 0.91  --- 
2023-02-17 15:26:38  ---  main.cpp:update epicells took  avg 4.29 s max 4.50 s balance 0.95  --- 
2023-02-17 15:26:38  ---  main.cpp:update concentrations took  avg 17.40 s max 17.90 s balance 0.97  --- 
2023-02-17 15:26:38  ---  main.cpp:compute updates took  avg 67.80 s max 67.81 s balance 1.00  --- 
2023-02-17 15:26:38  ---  main.cpp:dispatch updates took  avg 31.77 s max 34.04 s balance 0.93  --- 
2023-02-17 15:26:38  ---  main.cpp:add new actives took  avg 1.84 s max 1.90 s balance 0.97  --- 
2023-02-17 15:26:38  ---  main.cpp:erase inactive took  avg 9.39 s max 9.62 s balance 0.98  --- 
2023-02-17 15:26:38  ---  main.cpp:sample took  avg 0.00 s max 0.00 s balance -nan  --- 
2023-02-17 15:26:38  ---  main.cpp:sample write took  avg 0.00 s max 0.00 s balance -nan  --- 
2023-02-17 15:26:38  ---  main.cpp:log took  avg 1.74 s max 1.76 s balance 0.99  --- 
2023-02-17 15:26:38 Finished 33120 time steps in 119.5468 s (0.0036 s per step)
2023-02-17 15:26:38  --- Elapsed time for main.cpp:run_sim:  (exiting barrier) 2023-02-17 15:26:38 ...
2023-02-17 15:26:38           ... (min/my/avg/max, bal) (119.55/119.55/119.55/119.55 s, 1.00) barrier(0.00 s) --- 
2023-02-17 15:26:38 Peak memory used across all nodes: 21.94GB
2023-02-17 15:26:38 Finished in 123.09 s at 02/17/23 15:26:38 for SimCov version 0.1.1.8024051-dirty
