2023-02-16 22:23:50 SimCov version SimCov version 0.1.1.8024051-dirty-master built on 20230202_133339
2023-02-16 22:23:50 _________________________
2023-02-16 22:23:50 Compiler definitions:
2023-02-16 22:23:50   _XOPEN_SOURCE=700
2023-02-16 22:23:50   CONFIG_USE_COLORS
2023-02-16 22:23:50   USE_BYTELL
2023-02-16 22:23:50   MAX_VIRIONS=125000
2023-02-16 22:23:50   MIN_VIRIONS=1e-10
2023-02-16 22:23:50   BLOCK_PARTITION
2023-02-16 22:23:50   MIN_BLOCKS_PER_PROC=1
2023-02-16 22:23:50   AVERAGE_SUBSAMPLE
2023-02-16 22:23:50 _________________________
2023-02-16 22:23:50 Options:
2023-02-16 22:23:50   dim =                         15000 15000 1
2023-02-16 22:23:50   whole-lung-dim =              48000 40000 20000
2023-02-16 22:23:50   timesteps =                   33120
2023-02-16 22:23:50   infection-coords =            uniform:1
2023-02-16 22:23:50   initial-infection =           1000
2023-02-16 22:23:50   incubation-period =           600
2023-02-16 22:23:50   apoptosis-period =            120
2023-02-16 22:23:50   expressing-period =           1100
2023-02-16 22:23:50   infectivity =                 0.002
2023-02-16 22:23:50   infectivity-multiplier =      0.9
2023-02-16 22:23:50   virion-production =           1.1
2023-02-16 22:23:50   virion-production-multiplier = 1.0
2023-02-16 22:23:50   virion-clearance =            0.002
2023-02-16 22:23:50   virion-diffusion =            0.2
2023-02-16 22:23:50   chemokine-production =        1.0
2023-02-16 22:23:50   chemokine-decay =             0.01
2023-02-16 22:23:50   chemokine-diffusion =         1.0
2023-02-16 22:23:50   min-chemokine =               1e-6
2023-02-16 22:23:50   antibody-factor =             0.8
2023-02-16 22:23:50   antibody-period =             5760
2023-02-16 22:23:50   tcell-generation-rate =       130000
2023-02-16 22:23:50   tcell-initial-delay =         9000
2023-02-16 22:23:50   tcell-vascular-period =       5760
2023-02-16 22:23:50   tcell-tissue-period =         1600
2023-02-16 22:23:50   tcell-binding-period =        7
2023-02-16 22:23:50   max-binding-prob =            1
2023-02-16 22:23:50   tcells-follow-gradient =      false
2023-02-16 22:23:50   seed =                        3
2023-02-16 22:23:50   sample-period =               0
2023-02-16 22:23:50   sample-resolution =           1
2023-02-16 22:23:50   max-block-dim =               10
2023-02-16 22:23:50   output =                      results/chaotic/c7-3
2023-02-16 22:23:50 _________________________
2023-02-16 22:23:50 Starting run with 64 processes on 2 nodes at 02/16/23 22:23:50
2023-02-16 22:23:50 Pinned processes, with process 0 (pid 3877003) pinned to core 0
2023-02-16 22:23:50 Using block partitioning
2023-02-16 22:23:50 Initial free memory across all nodes: 152.15GB
2023-02-16 22:23:50 Starting with 76.32GB free on node 0
2023-02-16 22:23:50 Dividing 225000000 grid points into 3515625 squares of size 64 (8^2), with 54932 per process
2023-02-16 22:23:50 Total initial memory required per process is at least 281.63MB with each grid point requiring on average 84 bytes
2023-02-16 22:23:54  --- Elapsed time for tissue.cpp:Tissue:  (exiting barrier) 2023-02-16 22:23:54 ...
2023-02-16 22:23:54           ... (min/my/avg/max, bal) (3.47/3.47/3.47/3.47 s, 1.00) barrier(0.00 s) --- 
2023-02-16 22:23:54 Memory used on node 0 after initialization is  10.90GB
2023-02-16 22:23:54           ... (min/my/avg/max, bal) No-Time barrier(0.00 s) --- 
2023-02-16 22:23:54 Fraction of circulating T cells extravasating is 5.85938e-06
2023-02-16 22:23:54 # datetime                    step    incb       expr       apop       dead       tvas       ttis       chem       virs       chempts    %infct     <%active  lbln>
2023-02-16 22:23:54 [0] <main.cpp:141> WARNING: Time step 0: SUCCESSFUL initial infection at (7500, 7500, 0) after 0 tries
2023-02-16 22:23:54 [02/16/23 22:23:54    0.00s]: 0       1          0          0          0          0          0          0.00e+00   0.00e+00   1.00e+00   0.00       < 0.000 0.016 >
2023-02-16 22:23:54 [02/16/23 22:23:54    0.16s]: 662     327        53         0          0          0          0          8.82e-07   2.10e+03   3.28e+03   0.00       < 0.005 0.684 >
2023-02-16 22:23:54 [02/16/23 22:23:54    0.32s]: 1324    1793       426        0          0          0          0          8.03e-06   1.18e+05   1.82e+04   0.00       < 0.009 0.796 >
2023-02-16 22:23:54 [02/16/23 22:23:54    0.46s]: 1986    2462       2230       0          215        0          0          2.00e-05   6.20e+05   2.50e+04   0.00       < 0.012 0.821 >
2023-02-16 22:23:55 [02/16/23 22:23:55    0.56s]: 2648    4026       4323       0          923        0          0          3.49e-05   1.59e+06   3.47e+04   0.00       < 0.016 0.865 >
2023-02-16 22:23:56 [02/16/23 22:23:56    0.69s]: 3310    4803       6392       0          3275       0          0          5.29e-05   2.67e+06   4.39e+04   0.01       < 0.021 0.870 >
2023-02-16 22:23:57 [02/16/23 22:23:57    0.83s]: 3972    5894       8367       0          6710       0          0          6.91e-05   3.78e+06   5.51e+04   0.01       < 0.026 0.877 >
2023-02-16 22:23:58 [02/16/23 22:23:58    1.00s]: 4634    7343       10325      0          11299      0          0          8.57e-05   4.86e+06   6.78e+04   0.01       < 0.031 0.910 >
2023-02-16 22:23:59 [02/16/23 22:23:59    1.16s]: 5296    8193       12512      0          17247      0          0          1.03e-04   5.99e+06   8.13e+04   0.02       < 0.037 0.913 >
2023-02-16 22:24:00 [02/16/23 22:24:00    1.33s]: 5958    9455       14652      0          24241      0          0          1.21e-04   7.61e+06   9.63e+04   0.02       < 0.044 0.941 >
2023-02-16 22:24:02 [02/16/23 22:24:02    1.61s]: 6620    10895      16847      0          32567      0          0          1.36e-04   9.72e+06   1.13e+05   0.03       < 0.052 0.928 >
2023-02-16 22:24:03 [02/16/23 22:24:03    1.85s]: 7282    12201      19189      0          42260      0          0          1.57e-04   1.16e+07   1.31e+05   0.03       < 0.060 0.935 >
2023-02-16 22:24:06 [02/16/23 22:24:06    2.07s]: 7944    13261      21535      0          53433      0          0          1.75e-04   1.32e+07   1.51e+05   0.04       < 0.069 0.957 >
2023-02-16 22:24:08 [02/16/23 22:24:08    2.33s]: 8606    14656      23814      0          65798      0          0          1.94e-04   1.48e+07   1.71e+05   0.05       < 0.078 0.942 >
2023-02-16 22:24:10 [02/16/23 22:24:10    2.60s]: 9268    15530      26018      27         79770      34038854   22         2.11e-04   1.64e+07   1.93e+05   0.05       < 0.088 0.956 >
2023-02-16 22:24:13 [02/16/23 22:24:13    2.99s]: 9930    16434      26809      730        95957      111633864  267        2.28e-04   1.77e+07   2.16e+05   0.06       < 0.099 0.958 >
2023-02-16 22:24:17 [02/16/23 22:24:17    3.39s]: 10592   16433      24339      1841       116925     180803382  741        2.41e-04   1.80e+07   2.40e+05   0.07       < 0.110 0.966 >
2023-02-16 22:24:21 [02/16/23 22:24:21    3.94s]: 11254   15184      19746      3361       141300     242462230  1410       2.42e-04   1.67e+07   2.65e+05   0.08       < 0.121 0.968 >
2023-02-16 22:24:25 [02/16/23 22:24:25    4.42s]: 11916   13953      12598      4064       168959     297425546  2056       2.31e-04   1.38e+07   2.88e+05   0.09       < 0.133 0.959 >
2023-02-16 22:24:30 [02/16/23 22:24:30    5.06s]: 12578   13006      7408       4280       195112     346420862  2756       2.00e-04   9.90e+06   3.12e+05   0.10       < 0.145 0.969 >
2023-02-16 22:24:36 [02/16/23 22:24:36    5.51s]: 13240   12358      4446       4269       219345     390095889  3419       1.69e-04   6.72e+06   3.37e+05   0.11       < 0.157 0.974 >
2023-02-16 22:24:42 [02/16/23 22:24:42    6.05s]: 13902   10710      2283       4374       243323     429028447  4035       1.36e-04   4.46e+06   3.60e+05   0.12       < 0.170 0.968 >
2023-02-16 22:24:48 [02/16/23 22:24:48    6.60s]: 14564   10227      1240       3883       265600     463733581  4501       1.04e-04   2.60e+06   3.84e+05   0.12       < 0.182 0.979 >
2023-02-16 22:24:56 [02/16/23 22:24:56    7.10s]: 15226   9474       901        3737       286819     494670204  4808       8.67e-05   1.61e+06   4.08e+05   0.13       < 0.194 0.972 >
2023-02-16 22:25:03 [02/16/23 22:25:03    7.61s]: 15888   8311       578        3711       307751     522247606  5274       7.22e-05   1.12e+06   4.30e+05   0.14       < 0.206 0.976 >
2023-02-16 22:25:11 [02/16/23 22:25:11    8.13s]: 16550   7099       318        3510       328180     546830556  5628       5.18e-05   7.28e+05   4.53e+05   0.15       < 0.218 0.974 >
2023-02-16 22:25:20 [02/16/23 22:25:20    8.83s]: 17212   5870       174        3127       346926     568744249  5944       3.79e-05   4.55e+05   4.72e+05   0.16       < 0.230 0.984 >
2023-02-16 22:25:30 [02/16/23 22:25:30    9.45s]: 17874   5175       161        3096       364015     588278319  6139       3.02e-05   2.91e+05   4.91e+05   0.17       < 0.242 0.979 >
2023-02-16 22:25:39 [02/16/23 22:25:39    9.70s]: 18536   4511       134        2618       379886     605691437  6190       2.44e-05   2.10e+05   5.06e+05   0.17       < 0.253 0.982 >
2023-02-16 22:25:49 [02/16/23 22:25:49   10.07s]: 19198   3150       57         2272       393736     621213894  6143       1.68e-05   1.59e+05   5.11e+05   0.18       < 0.264 0.988 >
2023-02-16 22:26:00 [02/16/23 22:26:00   10.36s]: 19860   1785       4          1692       405183     635051077  5873       4.46e-06   7.95e+04   5.01e+05   0.18       < 0.275 0.980 >
2023-02-16 22:26:10 [02/16/23 22:26:10   10.69s]: 20522   976        12         943        412363     647386303  4998       2.83e-06   3.43e+04   4.73e+05   0.18       < 0.286 0.981 >
2023-02-16 22:26:21 [02/16/23 22:26:21   10.69s]: 21184   712        4          565        416650     658382601  3688       1.05e-06   1.55e+04   4.66e+05   0.19       < 0.295 0.982 >
2023-02-16 22:26:32 [02/16/23 22:26:32   10.70s]: 21846   1197       16         562        419391     668185139  2673       5.33e-06   1.48e+04   4.74e+05   0.19       < 0.303 0.981 >
2023-02-16 22:26:43 [02/16/23 22:26:43   11.14s]: 22508   2853       59         1202       423760     676922615  2985       1.06e-05   2.95e+04   5.29e+05   0.19       < 0.311 0.984 >
2023-02-16 22:26:55 [02/16/23 22:26:55   11.82s]: 23170   4138       194        1893       432156     684710668  4406       2.33e-05   1.15e+05   5.91e+05   0.19       < 0.317 0.987 >
2023-02-16 22:27:07 [02/16/23 22:27:07   12.68s]: 23832   4562       110        2825       445541     691652477  6343       2.31e-05   1.54e+05   6.12e+05   0.20       < 0.323 0.980 >
2023-02-16 22:27:20 [02/16/23 22:27:20   13.09s]: 24494   3556       62         2717       461347     697840510  7334       1.63e-05   1.27e+05   5.98e+05   0.21       < 0.331 0.984 >
2023-02-16 22:27:34 [02/16/23 22:27:34   13.22s]: 25156   2234       34         1968       474709     703357245  6912       7.20e-06   8.01e+04   5.78e+05   0.21       < 0.340 0.980 >
2023-02-16 22:27:47 [02/16/23 22:27:47   13.02s]: 25818   1915       20         1360       483965     708275607  5499       6.15e-06   4.66e+04   5.72e+05   0.22       < 0.346 0.972 >
2023-02-16 22:28:00 [02/16/23 22:28:00   13.00s]: 26480   2180       75         1325       491060     712660124  4483       9.68e-06   4.55e+04   5.71e+05   0.22       < 0.351 0.984 >
2023-02-16 22:28:13 [02/16/23 22:28:13   13.37s]: 27142   2972       62         1605       498771     716567892  4632       1.31e-05   7.54e+04   6.35e+05   0.22       < 0.354 0.980 >
2023-02-16 22:28:27 [02/16/23 22:28:27   13.97s]: 27804   3859       96         2006       508442     720050407  6162       1.90e-05   8.62e+04   6.78e+05   0.23       < 0.355 0.979 >
2023-02-16 22:28:42 [02/16/23 22:28:42   14.51s]: 28466   4231       133        2657       521515     723154491  7929       2.19e-05   1.10e+05   6.96e+05   0.23       < 0.355 0.971 >
2023-02-16 22:28:56 [02/16/23 22:28:56   14.62s]: 29128   3296       76         2643       536579     725921924  8333       1.57e-05   1.20e+05   6.96e+05   0.24       < 0.353 0.970 >
2023-02-16 22:29:11 [02/16/23 22:29:11   14.31s]: 29790   2110       41         1831       549330     728389275  7654       8.07e-06   7.67e+04   6.61e+05   0.25       < 0.350 0.972 >
2023-02-16 22:29:24 [02/16/23 22:29:24   13.86s]: 30452   2052       24         1457       558440     730589275  6534       6.54e-06   5.61e+04   6.74e+05   0.25       < 0.351 0.963 >
2023-02-16 22:29:38 [02/16/23 22:29:38   13.92s]: 31114   2709       45         1428       566255     732550381  5589       1.12e-05   6.10e+04   6.86e+05   0.25       < 0.356 0.970 >
2023-02-16 22:29:52 [02/16/23 22:29:52   14.17s]: 31776   3766       167        2084       575840     734297954  6125       1.76e-05   8.56e+04   7.27e+05   0.26       < 0.362 0.978 >
2023-02-16 22:30:07 [02/16/23 22:30:07   14.96s]: 32438   4550       107        2805       589143     735854827  7655       2.27e-05   1.44e+05   7.75e+05   0.27       < 0.370 0.980 >
2023-02-16 22:30:23 [02/16/23 22:30:23   15.74s]: 33100   4557       118        2891       604809     737242484  9206       2.13e-05   1.28e+05   7.79e+05   0.27       < 0.377 0.973 >
2023-02-16 22:30:24 [02/16/23 22:30:24    0.47s]: 33119   4602       121        2892       605268     737280046  9225       2.15e-05   1.28e+05   7.80e+05   0.27       < 0.377 0.973 >
2023-02-16 22:30:24  ---  main.cpp:generate tcells took  avg 0.01 s max 0.01 s balance 0.72  --- 
2023-02-16 22:30:24  ---  main.cpp:update circulating tcells took  avg 9.66 s max 10.39 s balance 0.93  --- 
2023-02-16 22:30:24  ---  main.cpp:update tcells took  avg 19.14 s max 20.84 s balance 0.92  --- 
2023-02-16 22:30:24  ---  main.cpp:update epicells took  avg 13.61 s max 13.89 s balance 0.98  --- 
2023-02-16 22:30:24  ---  main.cpp:update concentrations took  avg 79.03 s max 81.11 s balance 0.97  --- 
2023-02-16 22:30:24  ---  main.cpp:compute updates took  avg 225.09 s max 225.12 s balance 1.00  --- 
2023-02-16 22:30:24  ---  main.cpp:dispatch updates took  avg 96.43 s max 103.79 s balance 0.93  --- 
2023-02-16 22:30:24  ---  main.cpp:add new actives took  avg 4.69 s max 4.82 s balance 0.97  --- 
2023-02-16 22:30:24  ---  main.cpp:erase inactive took  avg 44.90 s max 45.87 s balance 0.98  --- 
2023-02-16 22:30:24  ---  main.cpp:sample took  avg 0.00 s max 0.00 s balance -nan  --- 
2023-02-16 22:30:24  ---  main.cpp:sample write took  avg 0.00 s max 0.00 s balance -nan  --- 
2023-02-16 22:30:24  ---  main.cpp:log took  avg 2.29 s max 2.31 s balance 0.99  --- 
2023-02-16 22:30:24 Finished 33120 time steps in 390.1192 s (0.0118 s per step)
2023-02-16 22:30:24  --- Elapsed time for main.cpp:run_sim:  (exiting barrier) 2023-02-16 22:30:24 ...
2023-02-16 22:30:24           ... (min/my/avg/max, bal) (390.12/390.12/390.12/390.12 s, 1.00) barrier(0.00 s) --- 
2023-02-16 22:30:24 Peak memory used across all nodes: 22.10GB
2023-02-16 22:30:24 Finished in 393.67 s at 02/16/23 22:30:24 for SimCov version 0.1.1.8024051-dirty
