2023-02-16 22:30:51 SimCov version SimCov version 0.1.1.8024051-dirty-master built on 20230202_133339
2023-02-16 22:30:51 _________________________
2023-02-16 22:30:51 Compiler definitions:
2023-02-16 22:30:51   _XOPEN_SOURCE=700
2023-02-16 22:30:51   CONFIG_USE_COLORS
2023-02-16 22:30:51   USE_BYTELL
2023-02-16 22:30:51   MAX_VIRIONS=125000
2023-02-16 22:30:51   MIN_VIRIONS=1e-10
2023-02-16 22:30:51   BLOCK_PARTITION
2023-02-16 22:30:51   MIN_BLOCKS_PER_PROC=1
2023-02-16 22:30:51   AVERAGE_SUBSAMPLE
2023-02-16 22:30:51 _________________________
2023-02-16 22:30:51 Options:
2023-02-16 22:30:51   dim =                         15000 15000 1
2023-02-16 22:30:51   whole-lung-dim =              48000 40000 20000
2023-02-16 22:30:51   timesteps =                   33120
2023-02-16 22:30:51   infection-coords =            uniform:1
2023-02-16 22:30:51   initial-infection =           1000
2023-02-16 22:30:51   incubation-period =           600
2023-02-16 22:30:51   apoptosis-period =            120
2023-02-16 22:30:51   expressing-period =           1100
2023-02-16 22:30:51   infectivity =                 0.002
2023-02-16 22:30:51   infectivity-multiplier =      0.9
2023-02-16 22:30:51   virion-production =           1.1
2023-02-16 22:30:51   virion-production-multiplier = 1.0
2023-02-16 22:30:51   virion-clearance =            0.002
2023-02-16 22:30:51   virion-diffusion =            0.2
2023-02-16 22:30:51   chemokine-production =        1.0
2023-02-16 22:30:51   chemokine-decay =             0.01
2023-02-16 22:30:51   chemokine-diffusion =         1.0
2023-02-16 22:30:51   min-chemokine =               1e-6
2023-02-16 22:30:51   antibody-factor =             0.8
2023-02-16 22:30:51   antibody-period =             5760
2023-02-16 22:30:51   tcell-generation-rate =       130000
2023-02-16 22:30:51   tcell-initial-delay =         9000
2023-02-16 22:30:51   tcell-vascular-period =       5760
2023-02-16 22:30:51   tcell-tissue-period =         1600
2023-02-16 22:30:51   tcell-binding-period =        7
2023-02-16 22:30:51   max-binding-prob =            1
2023-02-16 22:30:51   tcells-follow-gradient =      false
2023-02-16 22:30:51   seed =                        4
2023-02-16 22:30:51   sample-period =               0
2023-02-16 22:30:51   sample-resolution =           1
2023-02-16 22:30:51   max-block-dim =               10
2023-02-16 22:30:51   output =                      results/chaotic/c7-4
2023-02-16 22:30:51 _________________________
2023-02-16 22:30:51 Starting run with 64 processes on 2 nodes at 02/16/23 22:30:51
2023-02-16 22:30:51 Pinned processes, with process 0 (pid 3877406) pinned to core 0
2023-02-16 22:30:51 Using block partitioning
2023-02-16 22:30:51 Initial free memory across all nodes: 152.31GB
2023-02-16 22:30:51 Starting with 76.49GB free on node 0
2023-02-16 22:30:51 Dividing 225000000 grid points into 3515625 squares of size 64 (8^2), with 54932 per process
2023-02-16 22:30:51 Total initial memory required per process is at least 281.63MB with each grid point requiring on average 84 bytes
2023-02-16 22:30:55  --- Elapsed time for tissue.cpp:Tissue:  (exiting barrier) 2023-02-16 22:30:55 ...
2023-02-16 22:30:55           ... (min/my/avg/max, bal) (3.48/3.48/3.48/3.48 s, 1.00) barrier(0.00 s) --- 
2023-02-16 22:30:55 Memory used on node 0 after initialization is  10.90GB
2023-02-16 22:30:55           ... (min/my/avg/max, bal) No-Time barrier(0.00 s) --- 
2023-02-16 22:30:55 Fraction of circulating T cells extravasating is 5.85938e-06
2023-02-16 22:30:55 # datetime                    step    incb       expr       apop       dead       tvas       ttis       chem       virs       chempts    %infct     <%active  lbln>
2023-02-16 22:30:55 [0] <main.cpp:141> WARNING: Time step 0: SUCCESSFUL initial infection at (7500, 7500, 0) after 0 tries
2023-02-16 22:30:55 [02/16/23 22:30:55    0.00s]: 0       1          0          0          0          0          0          0.00e+00   0.00e+00   1.00e+00   0.00       < 0.000 0.016 >
2023-02-16 22:30:55 [02/16/23 22:30:55    0.16s]: 662     329        48         0          0          0          0          8.44e-07   1.94e+03   3.36e+03   0.00       < 0.005 0.684 >
2023-02-16 22:30:55 [02/16/23 22:30:55    0.33s]: 1324    1831       419        0          0          0          0          7.94e-06   1.18e+05   1.84e+04   0.00       < 0.009 0.797 >
2023-02-16 22:30:56 [02/16/23 22:30:56    0.44s]: 1986    2382       2268       0          209        0          0          1.99e-05   6.30e+05   2.45e+04   0.00       < 0.012 0.820 >
2023-02-16 22:30:56 [02/16/23 22:30:56    0.56s]: 2648    3832       4296       0          930        0          0          3.42e-05   1.57e+06   3.40e+04   0.00       < 0.016 0.885 >
2023-02-16 22:30:57 [02/16/23 22:30:57    0.69s]: 3310    4758       6256       0          3196       0          0          5.20e-05   2.59e+06   4.34e+04   0.01       < 0.020 0.855 >
2023-02-16 22:30:58 [02/16/23 22:30:58    0.83s]: 3972    6132       8228       0          6542       0          0          6.83e-05   3.69e+06   5.54e+04   0.01       < 0.025 0.863 >
2023-02-16 22:30:59 [02/16/23 22:30:59    1.00s]: 4634    7021       10561      0          11036      0          0          8.65e-05   4.85e+06   6.72e+04   0.01       < 0.031 0.939 >
2023-02-16 22:31:00 [02/16/23 22:31:00    1.17s]: 5296    8287       12468      0          16976      0          0          1.02e-04   6.02e+06   8.09e+04   0.02       < 0.037 0.910 >
2023-02-16 22:31:01 [02/16/23 22:31:01    1.41s]: 5958    9561       14452      0          24167      0          0          1.20e-04   7.61e+06   9.62e+04   0.02       < 0.044 0.956 >
2023-02-16 22:31:03 [02/16/23 22:31:03    1.54s]: 6620    10685      16726      0          32501      0          0          1.38e-04   9.69e+06   1.12e+05   0.03       < 0.052 0.926 >
2023-02-16 22:31:05 [02/16/23 22:31:05    1.84s]: 7282    12349      19191      0          41873      0          0          1.57e-04   1.15e+07   1.31e+05   0.03       < 0.060 0.967 >
2023-02-16 22:31:07 [02/16/23 22:31:07    2.07s]: 7944    13512      21534      0          53117      0          0          1.76e-04   1.32e+07   1.51e+05   0.04       < 0.069 0.963 >
2023-02-16 22:31:09 [02/16/23 22:31:09    2.32s]: 8606    14612      24063      0          65586      0          0          1.96e-04   1.49e+07   1.71e+05   0.05       < 0.078 0.958 >
2023-02-16 22:31:12 [02/16/23 22:31:12    2.63s]: 9268    15542      26357      51         79447      34038888   21         2.13e-04   1.65e+07   1.93e+05   0.05       < 0.088 0.952 >
2023-02-16 22:31:15 [02/16/23 22:31:15    2.98s]: 9930    16407      26566      751        96286      111633956  249        2.29e-04   1.78e+07   2.16e+05   0.06       < 0.099 0.971 >
2023-02-16 22:31:18 [02/16/23 22:31:18    3.40s]: 10592   16021      23999      2014       117190     180803611  780        2.40e-04   1.80e+07   2.39e+05   0.07       < 0.110 0.963 >
2023-02-16 22:31:22 [02/16/23 22:31:22    3.94s]: 11254   15446      18131      3453       142480     242462239  1445       2.42e-04   1.64e+07   2.65e+05   0.08       < 0.121 0.967 >
2023-02-16 22:31:26 [02/16/23 22:31:26    4.45s]: 11916   14105      12308      4042       169159     297425867  2101       2.26e-04   1.33e+07   2.88e+05   0.09       < 0.133 0.956 >
2023-02-16 22:31:31 [02/16/23 22:31:31    5.01s]: 12578   13005      7123       4414       195343     346421104  2787       2.03e-04   9.76e+06   3.12e+05   0.10       < 0.145 0.967 >
2023-02-16 22:31:37 [02/16/23 22:31:37    5.59s]: 13240   12354      4057       4210       219783     390096073  3476       1.68e-04   6.52e+06   3.37e+05   0.11       < 0.158 0.976 >
2023-02-16 22:31:43 [02/16/23 22:31:43    6.14s]: 13902   11222      2372       4213       243273     429028660  3993       1.39e-04   4.29e+06   3.61e+05   0.12       < 0.170 0.974 >
2023-02-16 22:31:50 [02/16/23 22:31:50    6.60s]: 14564   10007      1345       3963       265905     463733612  4453       1.14e-04   2.68e+06   3.85e+05   0.12       < 0.182 0.978 >
2023-02-16 22:31:57 [02/16/23 22:31:57    7.08s]: 15226   8910       616        3836       287950     494670169  4964       8.18e-05   1.60e+06   4.08e+05   0.13       < 0.194 0.969 >
2023-02-16 22:32:04 [02/16/23 22:32:04    7.64s]: 15888   7635       380        3610       308561     522247512  5358       6.09e-05   9.63e+05   4.30e+05   0.14       < 0.207 0.980 >
2023-02-16 22:32:13 [02/16/23 22:32:13    8.15s]: 16550   6586       235        3462       327921     546830369  5616       4.60e-05   5.73e+05   4.51e+05   0.15       < 0.219 0.979 >
2023-02-16 22:32:21 [02/16/23 22:32:21    8.77s]: 17212   4963       127        3131       346308     568743921  5944       2.82e-05   3.46e+05   4.70e+05   0.16       < 0.230 0.984 >
2023-02-16 22:32:31 [02/16/23 22:32:31    9.28s]: 17874   3622       62         2407       361720     588278156  6069       1.54e-05   1.95e+05   4.81e+05   0.16       < 0.242 0.982 >
2023-02-16 22:32:40 [02/16/23 22:32:40    9.65s]: 18536   2509       55         1899       373772     605691282  6090       9.79e-06   1.07e+05   4.87e+05   0.17       < 0.253 0.974 >
2023-02-16 22:32:50 [02/16/23 22:32:50    9.94s]: 19198   1789       36         1475       383137     621213900  5704       7.34e-06   7.69e+04   4.82e+05   0.17       < 0.263 0.980 >
2023-02-16 22:33:00 [02/16/23 22:33:00    9.99s]: 19860   1072       4          970        390122     635051608  4898       3.03e-06   3.91e+04   4.61e+05   0.17       < 0.273 0.978 >
2023-02-16 22:33:10 [02/16/23 22:33:10   10.13s]: 20522   788        3          639        394636     647387460  3660       1.64e-06   1.68e+04   4.48e+05   0.18       < 0.282 0.982 >
2023-02-16 22:33:21 [02/16/23 22:33:21   10.26s]: 21184   1042       18         565        397802     658383910  2786       3.99e-06   1.42e+04   4.59e+05   0.18       < 0.290 0.979 >
2023-02-16 22:33:31 [02/16/23 22:33:31   10.70s]: 21846   1885       47         845        401488     668185965  2868       7.82e-06   2.56e+04   4.93e+05   0.18       < 0.298 0.977 >
2023-02-16 22:33:43 [02/16/23 22:33:43   11.32s]: 22508   2415       97         1384       407425     676922942  3981       1.30e-05   5.84e+04   5.20e+05   0.18       < 0.304 0.974 >
2023-02-16 22:33:55 [02/16/23 22:33:55   11.81s]: 23170   2677       46         1816       416246     684711074  5077       1.05e-05   7.11e+04   5.44e+05   0.19       < 0.310 0.978 >
2023-02-16 22:34:07 [02/16/23 22:34:07   12.16s]: 23832   2371       22         1709       425975     691653482  5664       7.80e-06   5.56e+04   5.42e+05   0.19       < 0.315 0.983 >
2023-02-16 22:34:19 [02/16/23 22:34:19   12.22s]: 24494   1974       39         1401       434628     697842301  5607       7.98e-06   4.82e+04   5.21e+05   0.19       < 0.321 0.985 >
2023-02-16 22:34:31 [02/16/23 22:34:31   12.19s]: 25156   1781       36         1303       442050     703359737  4686       8.90e-06   5.68e+04   5.20e+05   0.20       < 0.327 0.981 >
2023-02-16 22:34:43 [02/16/23 22:34:43   12.11s]: 25818   2189       17         1201       448833     708278049  3965       7.45e-06   4.41e+04   5.43e+05   0.20       < 0.330 0.977 >
2023-02-16 22:34:56 [02/16/23 22:34:56   12.54s]: 26480   3292       114        1556       456113     712661506  4540       1.42e-05   5.60e+04   6.01e+05   0.20       < 0.334 0.984 >
2023-02-16 22:35:09 [02/16/23 22:35:09   13.29s]: 27142   5604       318        2785       467293     716568276  6376       2.82e-05   1.54e+05   6.50e+05   0.21       < 0.337 0.985 >
2023-02-16 22:35:23 [02/16/23 22:35:23   13.84s]: 27804   4989       203        3469       485173     720050368  8018       3.08e-05   2.55e+05   6.49e+05   0.22       < 0.339 0.982 >
2023-02-16 22:35:37 [02/16/23 22:35:37   14.00s]: 28466   3436       36         2714       502476     723154759  8286       1.26e-05   1.72e+05   6.41e+05   0.23       < 0.340 0.976 >
2023-02-16 22:35:51 [02/16/23 22:35:51   13.80s]: 29128   2296       26         1928       515743     725922577  7553       6.22e-06   8.51e+04   6.30e+05   0.23       < 0.339 0.976 >
2023-02-16 22:36:04 [02/16/23 22:36:04   13.60s]: 29790   1903       20         1364       525082     728390253  6563       5.50e-06   4.83e+04   6.17e+05   0.23       < 0.337 0.985 >
2023-02-16 22:36:18 [02/16/23 22:36:18   13.30s]: 30452   2921       65         1488       532650     730589871  5717       9.97e-06   4.60e+04   6.58e+05   0.24       < 0.337 0.978 >
2023-02-16 22:36:31 [02/16/23 22:36:31   13.48s]: 31114   3783       139        1898       541734     732550299  5816       1.91e-05   9.86e+04   6.97e+05   0.24       < 0.343 0.976 >
2023-02-16 22:36:46 [02/16/23 22:36:46   14.50s]: 31776   5537       149        3108       554674     734296715  7890       2.78e-05   1.52e+05   7.68e+05   0.25       < 0.351 0.975 >
2023-02-16 22:37:01 [02/16/23 22:37:01   15.37s]: 32438   5386       129        3660       573832     735852886  10030      2.44e-05   1.50e+05   7.87e+05   0.26       < 0.361 0.976 >
2023-02-16 22:37:17 [02/16/23 22:37:17   15.79s]: 33100   4485       165        3273       593784     737240666  10959      1.94e-05   1.43e+05   7.81e+05   0.27       < 0.371 0.983 >
2023-02-16 22:37:17 [02/16/23 22:37:17    0.46s]: 33119   4536       144        3231       594345     737278190  10944      1.92e-05   1.44e+05   7.81e+05   0.27       < 0.371 0.982 >
2023-02-16 22:37:17  ---  main.cpp:generate tcells took  avg 0.01 s max 0.01 s balance 0.74  --- 
2023-02-16 22:37:17  ---  main.cpp:update circulating tcells took  avg 9.54 s max 10.09 s balance 0.95  --- 
2023-02-16 22:37:17  ---  main.cpp:update tcells took  avg 18.98 s max 21.15 s balance 0.90  --- 
2023-02-16 22:37:17  ---  main.cpp:update epicells took  avg 13.37 s max 13.67 s balance 0.98  --- 
2023-02-16 22:37:17  ---  main.cpp:update concentrations took  avg 76.81 s max 79.00 s balance 0.97  --- 
2023-02-16 22:37:17  ---  main.cpp:compute updates took  avg 220.10 s max 220.13 s balance 1.00  --- 
2023-02-16 22:37:17  ---  main.cpp:dispatch updates took  avg 94.76 s max 101.44 s balance 0.93  --- 
2023-02-16 22:37:17  ---  main.cpp:add new actives took  avg 4.73 s max 4.85 s balance 0.98  --- 
2023-02-16 22:37:17  ---  main.cpp:erase inactive took  avg 43.86 s max 45.11 s balance 0.97  --- 
2023-02-16 22:37:17  ---  main.cpp:sample took  avg 0.00 s max 0.00 s balance -nan  --- 
2023-02-16 22:37:17  ---  main.cpp:sample write took  avg 0.00 s max 0.00 s balance -nan  --- 
2023-02-16 22:37:17  ---  main.cpp:log took  avg 2.35 s max 2.37 s balance 0.99  --- 
2023-02-16 22:37:17 Finished 33120 time steps in 382.4841 s (0.0115 s per step)
2023-02-16 22:37:17  --- Elapsed time for main.cpp:run_sim:  (exiting barrier) 2023-02-16 22:37:17 ...
2023-02-16 22:37:17           ... (min/my/avg/max, bal) (382.48/382.48/382.48/382.48 s, 1.00) barrier(0.00 s) --- 
2023-02-16 22:37:17 Peak memory used across all nodes: 22.09GB
2023-02-16 22:37:17 Finished in 386.21 s at 02/16/23 22:37:17 for SimCov version 0.1.1.8024051-dirty
