2023-02-17 15:17:10 SimCov version SimCov version 0.1.1.8024051-dirty-master built on 20230202_133339
2023-02-17 15:17:10 _________________________
2023-02-17 15:17:10 Compiler definitions:
2023-02-17 15:17:10   _XOPEN_SOURCE=700
2023-02-17 15:17:10   CONFIG_USE_COLORS
2023-02-17 15:17:10   USE_BYTELL
2023-02-17 15:17:10   MAX_VIRIONS=125000
2023-02-17 15:17:10   MIN_VIRIONS=1e-10
2023-02-17 15:17:10   BLOCK_PARTITION
2023-02-17 15:17:10   MIN_BLOCKS_PER_PROC=1
2023-02-17 15:17:10   AVERAGE_SUBSAMPLE
2023-02-17 15:17:10 _________________________
2023-02-17 15:17:10 Options:
2023-02-17 15:17:10   dim =                         15000 15000 1
2023-02-17 15:17:10   whole-lung-dim =              48000 40000 20000
2023-02-17 15:17:10   timesteps =                   33120
2023-02-17 15:17:10   infection-coords =            uniform:1
2023-02-17 15:17:10   initial-infection =           1000
2023-02-17 15:17:10   incubation-period =           480
2023-02-17 15:17:10   apoptosis-period =            180
2023-02-17 15:17:10   expressing-period =           900
2023-02-17 15:17:10   infectivity =                 0.01
2023-02-17 15:17:10   infectivity-multiplier =      1.0
2023-02-17 15:17:10   virion-production =           0.11
2023-02-17 15:17:10   virion-production-multiplier = 1.0
2023-02-17 15:17:10   virion-clearance =            0.004
2023-02-17 15:17:10   virion-diffusion =            0.15
2023-02-17 15:17:10   chemokine-production =        1.0
2023-02-17 15:17:10   chemokine-decay =             0.01
2023-02-17 15:17:10   chemokine-diffusion =         1.0
2023-02-17 15:17:10   min-chemokine =               1e-6
2023-02-17 15:17:10   antibody-factor =             1
2023-02-17 15:17:10   antibody-period =             1150
2023-02-17 15:17:10   tcell-generation-rate =       105000
2023-02-17 15:17:10   tcell-initial-delay =         4320
2023-02-17 15:17:10   tcell-vascular-period =       5760
2023-02-17 15:17:10   tcell-tissue-period =         1440
2023-02-17 15:17:10   tcell-binding-period =        10
2023-02-17 15:17:10   max-binding-prob =            1
2023-02-17 15:17:10   tcells-follow-gradient =      false
2023-02-17 15:17:10   seed =                        2
2023-02-17 15:17:10   sample-period =               0
2023-02-17 15:17:10   sample-resolution =           1
2023-02-17 15:17:10   max-block-dim =               10
2023-02-17 15:17:10   output =                      results/chaotic/c2-2
2023-02-17 15:17:10 _________________________
2023-02-17 15:17:10 Starting run with 64 processes on 2 nodes at 02/17/23 15:17:10
2023-02-17 15:17:10 Pinned processes, with process 0 (pid 3893906) pinned to core 0
2023-02-17 15:17:10 Using block partitioning
2023-02-17 15:17:10 Initial free memory across all nodes: 152.17GB
2023-02-17 15:17:10 Starting with 76.39GB free on node 0
2023-02-17 15:17:10 Dividing 225000000 grid points into 3515625 squares of size 64 (8^2), with 54932 per process
2023-02-17 15:17:10 Total initial memory required per process is at least 281.63MB with each grid point requiring on average 84 bytes
2023-02-17 15:17:14  --- Elapsed time for tissue.cpp:Tissue:  (exiting barrier) 2023-02-17 15:17:14 ...
2023-02-17 15:17:14           ... (min/my/avg/max, bal) (3.48/3.48/3.48/3.48 s, 1.00) barrier(0.00 s) --- 
2023-02-17 15:17:14 Memory used on node 0 after initialization is  10.90GB
2023-02-17 15:17:14           ... (min/my/avg/max, bal) No-Time barrier(0.00 s) --- 
2023-02-17 15:17:14 Fraction of circulating T cells extravasating is 5.85938e-06
2023-02-17 15:17:14 # datetime                    step    incb       expr       apop       dead       tvas       ttis       chem       virs       chempts    %infct     <%active  lbln>
2023-02-17 15:17:14 [0] <main.cpp:141> WARNING: Time step 0: SUCCESSFUL initial infection at (7500, 7500, 0) after 0 tries
2023-02-17 15:17:14 [02/17/23 15:17:14    0.00s]: 0       1          0          0          0          0          0          0.00e+00   0.00e+00   1.00e+00   0.00       < 0.000 0.016 >
2023-02-17 15:17:14 [02/17/23 15:17:14    0.15s]: 662     295        214        0          0          0          0          2.68e-06   1.87e+03   7.29e+03   0.00       < 0.004 0.649 >
2023-02-17 15:17:14 [02/17/23 15:17:14    0.31s]: 1324    1048       831        0          2          0          0          8.63e-06   1.44e+04   1.89e+04   0.00       < 0.008 0.769 >
2023-02-17 15:17:15 [02/17/23 15:17:15    0.38s]: 1986    1574       1858       0          475        0          0          1.81e-05   3.91e+04   2.48e+04   0.00       < 0.011 0.773 >
2023-02-17 15:17:15 [02/17/23 15:17:15    0.50s]: 2648    2100       2898       0          1771       0          0          2.77e-05   6.74e+04   3.18e+04   0.00       < 0.014 0.862 >
2023-02-17 15:17:16 [02/17/23 15:17:16    0.57s]: 3310    2710       4027       0          3700       0          0          3.81e-05   9.84e+04   3.94e+04   0.00       < 0.017 0.873 >
2023-02-17 15:17:16 [02/17/23 15:17:16    0.68s]: 3972    3264       5002       0          6500       0          0          4.78e-05   1.27e+05   4.78e+04   0.01       < 0.021 0.871 >
2023-02-17 15:17:17 [02/17/23 15:17:17    0.81s]: 4634    3901       5982       16         10096      32084524   11         5.79e-05   1.54e+05   5.70e+04   0.01       < 0.025 0.886 >
2023-02-17 15:17:18 [02/17/23 15:17:18    0.97s]: 5296    4311       6836       243        14527      94258919   76         6.77e-05   1.83e+05   6.69e+04   0.01       < 0.030 0.910 >
2023-02-17 15:17:19 [02/17/23 15:17:19    1.13s]: 5958    4609       6918       643        20293      149682331  223        7.75e-05   1.98e+05   7.73e+04   0.01       < 0.034 0.868 >
2023-02-17 15:17:21 [02/17/23 15:17:21    1.33s]: 6620    4713       6614       1075       27095      199087800  423        8.36e-05   2.02e+05   8.82e+04   0.02       < 0.039 0.927 >
2023-02-17 15:17:22 [02/17/23 15:17:22    1.52s]: 7282    4516       5843       1513       35036      243128625  648        8.74e-05   1.90e+05   9.94e+04   0.02       < 0.044 0.933 >
2023-02-17 15:17:24 [02/17/23 15:17:24    1.69s]: 7944    4703       4485       1638       43726      282387244  852        9.03e-05   1.59e+05   1.10e+05   0.02       < 0.049 0.930 >
2023-02-17 15:17:26 [02/17/23 15:17:26    1.96s]: 8606    5165       4369       1839       51628      317383135  1097       9.20e-05   1.45e+05   1.22e+05   0.03       < 0.054 0.905 >
2023-02-17 15:17:28 [02/17/23 15:17:28    2.16s]: 9268    4966       4033       2418       60319      348578999  1374       9.61e-05   1.48e+05   1.35e+05   0.03       < 0.060 0.959 >
2023-02-17 15:17:30 [02/17/23 15:17:30    2.32s]: 9930    4846       2981       2402       70335      376387519  1651       9.51e-05   1.26e+05   1.46e+05   0.04       < 0.065 0.945 >
2023-02-17 15:17:33 [02/17/23 15:17:33    2.55s]: 10592   4701       2314       2558       79969      401176368  1946       9.04e-05   1.01e+05   1.59e+05   0.04       < 0.071 0.953 >
2023-02-17 15:17:36 [02/17/23 15:17:36    2.80s]: 11254   4741       1889       2538       89629      423273494  2156       8.86e-05   8.41e+04   1.71e+05   0.04       < 0.076 0.943 >
2023-02-17 15:17:39 [02/17/23 15:17:39    2.98s]: 11916   4745       1451       2775       99524      442971419  2404       8.46e-05   7.36e+04   1.84e+05   0.05       < 0.081 0.957 >
2023-02-17 15:17:42 [02/17/23 15:17:42    3.11s]: 12578   4839       1452       2635       109251     460530417  2636       8.48e-05   6.49e+04   1.97e+05   0.05       < 0.086 0.945 >
2023-02-17 15:17:45 [02/17/23 15:17:45    3.33s]: 13240   4681       1237       2759       119382     476182453  2881       8.28e-05   6.13e+04   2.10e+05   0.06       < 0.090 0.943 >
2023-02-17 15:17:48 [02/17/23 15:17:48    3.49s]: 13902   4425       995        2806       129777     490135265  3092       7.59e-05   5.18e+04   2.23e+05   0.06       < 0.095 0.944 >
2023-02-17 15:17:52 [02/17/23 15:17:52    3.62s]: 14564   3937       764        2759       140288     502572737  3190       6.94e-05   4.10e+04   2.36e+05   0.07       < 0.098 0.971 >
2023-02-17 15:17:56 [02/17/23 15:17:56    3.77s]: 15226   3857       681        2597       150025     513659769  3398       6.35e-05   3.39e+04   2.48e+05   0.07       < 0.101 0.937 >
2023-02-17 15:18:00 [02/17/23 15:18:00    3.98s]: 15888   3723       676        2471       159357     523542714  3502       6.06e-05   3.30e+04   2.60e+05   0.07       < 0.104 0.937 >
2023-02-17 15:18:04 [02/17/23 15:18:04    4.14s]: 16550   3472       611        2442       168594     532352931  3623       5.51e-05   3.15e+04   2.73e+05   0.08       < 0.107 0.967 >
2023-02-17 15:18:08 [02/17/23 15:18:08    4.19s]: 17212   3205       464        2385       177636     540206159  3792       5.29e-05   2.61e+04   2.84e+05   0.08       < 0.109 0.945 >
2023-02-17 15:18:13 [02/17/23 15:18:13    4.37s]: 17874   2925       464        2291       186185     547206624  3959       4.73e-05   2.24e+04   2.93e+05   0.09       < 0.111 0.934 >
2023-02-17 15:18:17 [02/17/23 15:18:17    4.40s]: 18536   2610       342        2132       194420     553447034  4063       4.16e-05   1.90e+04   2.99e+05   0.09       < 0.113 0.950 >
2023-02-17 15:18:21 [02/17/23 15:18:21    4.44s]: 19198   2205       215        1877       201941     559009787  4087       3.34e-05   1.46e+04   3.07e+05   0.09       < 0.113 0.970 >
2023-02-17 15:18:26 [02/17/23 15:18:26    4.44s]: 19860   1919       199        1580       208464     563968594  3975       2.91e-05   1.13e+04   3.08e+05   0.09       < 0.113 0.950 >
2023-02-17 15:18:30 [02/17/23 15:18:30    4.38s]: 20522   1513       166        1325       213954     568389115  3686       2.23e-05   9.44e+03   3.03e+05   0.10       < 0.113 0.932 >
2023-02-17 15:18:34 [02/17/23 15:18:34    4.32s]: 21184   1175       138        1027       218441     572329885  3361       1.88e-05   7.97e+03   2.98e+05   0.10       < 0.112 0.933 >
2023-02-17 15:18:39 [02/17/23 15:18:39    4.17s]: 21846   979        72         826        222172     575842815  3050       1.42e-05   5.03e+03   2.96e+05   0.10       < 0.109 0.920 >
2023-02-17 15:18:43 [02/17/23 15:18:43    3.92s]: 22508   729        46         808        225161     578974506  2709       1.01e-05   3.74e+03   2.93e+05   0.10       < 0.105 0.948 >
2023-02-17 15:18:46 [02/17/23 15:18:46    3.62s]: 23170   417        23         508        227625     581766284  2293       6.03e-06   1.71e+03   2.78e+05   0.10       < 0.098 0.930 >
2023-02-17 15:18:49 [02/17/23 15:18:49    3.28s]: 23832   231        3          355        229178     584255050  1914       3.34e-06   1.00e+03   2.68e+05   0.10       < 0.087 0.937 >
2023-02-17 15:18:52 [02/17/23 15:18:52    2.86s]: 24494   154        1          199        230186     586474111  1475       1.71e-06   4.23e+02   2.57e+05   0.10       < 0.077 0.927 >
2023-02-17 15:18:55 [02/17/23 15:18:55    2.50s]: 25156   109        5          111        230747     588452152  1037       1.14e-06   3.24e+02   2.50e+05   0.10       < 0.067 0.916 >
2023-02-17 15:18:57 [02/17/23 15:18:57    2.13s]: 25818   72         4          105        231119     590215633  710        9.11e-07   1.92e+02   2.44e+05   0.10       < 0.057 0.893 >
2023-02-17 15:18:59 [02/17/23 15:18:59    1.83s]: 26480   62         5          59         231432     591787649  529        5.79e-07   1.08e+02   2.48e+05   0.10       < 0.046 0.886 >
2023-02-17 15:19:00 [02/17/23 15:19:00    1.58s]: 27142   101        6          97         231676     593189017  444        1.10e-06   2.85e+02   2.43e+05   0.10       < 0.038 0.880 >
2023-02-17 15:19:02 [02/17/23 15:19:02    1.38s]: 27804   78         1          93         232033     594438215  346        1.18e-06   2.87e+02   2.43e+05   0.10       < 0.029 0.871 >
2023-02-17 15:19:03 [02/17/23 15:19:03    1.13s]: 28466   49         1          60         232343     595551726  289        7.75e-07   1.32e+02   2.44e+05   0.10       < 0.022 0.847 >
2023-02-17 15:19:04 [02/17/23 15:19:04    0.99s]: 29128   40         0          43         232551     596544490  334        5.11e-07   6.84e+01   2.43e+05   0.10       < 0.017 0.778 >
2023-02-17 15:19:05 [02/17/23 15:19:05    0.90s]: 29790   30         0          31         232690     597429414  300        2.68e-07   4.01e+01   2.41e+05   0.10       < 0.014 0.837 >
2023-02-17 15:19:06 [02/17/23 15:19:06    0.80s]: 30452   10         0          19         232798     598218253  252        5.08e-08   1.28e+01   2.40e+05   0.10       < 0.011 0.772 >
2023-02-17 15:19:06 [02/17/23 15:19:06    0.73s]: 31114   3          0          1          232845     598921322  212        1.08e-11   9.02e-01   2.33e+05   0.10       < 0.008 0.765 >
2023-02-17 15:19:07 [02/17/23 15:19:07    0.62s]: 31776   0          0          0          232850     599548118  94         0.00e+00   6.35e-02   2.33e+05   0.10       < 0.008 0.807 >
2023-02-17 15:19:07 [02/17/23 15:19:07    0.57s]: 32438   0          0          0          232850     600107088  4          0.00e+00   4.47e-03   2.33e+05   0.10       < 0.007 0.779 >
2023-02-17 15:19:08 [02/17/23 15:19:08    0.54s]: 33100   0          0          0          232850     600605361  0          0.00e+00   3.14e-04   2.33e+05   0.10       < 0.006 0.787 >
2023-02-17 15:19:08 [02/17/23 15:19:08    0.02s]: 33119   0          0          0          232850     600618822  0          0.00e+00   2.91e-04   2.33e+05   0.10       < 0.006 0.781 >
2023-02-17 15:19:08  ---  main.cpp:generate tcells took  avg 0.00 s max 0.00 s balance 0.73  --- 
2023-02-17 15:19:08  ---  main.cpp:update circulating tcells took  avg 8.99 s max 9.60 s balance 0.94  --- 
2023-02-17 15:19:08  ---  main.cpp:update tcells took  avg 7.72 s max 8.56 s balance 0.90  --- 
2023-02-17 15:19:08  ---  main.cpp:update epicells took  avg 4.12 s max 4.22 s balance 0.98  --- 
2023-02-17 15:19:08  ---  main.cpp:update concentrations took  avg 16.39 s max 16.85 s balance 0.97  --- 
2023-02-17 15:19:08  ---  main.cpp:compute updates took  avg 64.87 s max 64.87 s balance 1.00  --- 
2023-02-17 15:19:08  ---  main.cpp:dispatch updates took  avg 30.37 s max 32.07 s balance 0.95  --- 
2023-02-17 15:19:08  ---  main.cpp:add new actives took  avg 1.77 s max 1.84 s balance 0.97  --- 
2023-02-17 15:19:08  ---  main.cpp:erase inactive took  avg 8.98 s max 9.22 s balance 0.97  --- 
2023-02-17 15:19:08  ---  main.cpp:sample took  avg 0.00 s max 0.00 s balance -nan  --- 
2023-02-17 15:19:08  ---  main.cpp:sample write took  avg 0.00 s max 0.00 s balance -nan  --- 
2023-02-17 15:19:08  ---  main.cpp:log took  avg 1.67 s max 1.68 s balance 0.99  --- 
2023-02-17 15:19:08 Finished 33120 time steps in 114.3631 s (0.0035 s per step)
2023-02-17 15:19:08  --- Elapsed time for main.cpp:run_sim:  (exiting barrier) 2023-02-17 15:19:08 ...
2023-02-17 15:19:08           ... (min/my/avg/max, bal) (114.36/114.36/114.36/114.36 s, 1.00) barrier(0.00 s) --- 
2023-02-17 15:19:08 Peak memory used across all nodes: 21.93GB
2023-02-17 15:19:08 Finished in 118.09 s at 02/17/23 15:19:08 for SimCov version 0.1.1.8024051-dirty
