2023-02-17 14:37:53 SimCov version SimCov version 0.1.1.8024051-dirty-master built on 20230202_133339
2023-02-17 14:37:53 _________________________
2023-02-17 14:37:53 Compiler definitions:
2023-02-17 14:37:53   _XOPEN_SOURCE=700
2023-02-17 14:37:53   CONFIG_USE_COLORS
2023-02-17 14:37:53   USE_BYTELL
2023-02-17 14:37:53   MAX_VIRIONS=125000
2023-02-17 14:37:53   MIN_VIRIONS=1e-10
2023-02-17 14:37:53   BLOCK_PARTITION
2023-02-17 14:37:53   MIN_BLOCKS_PER_PROC=1
2023-02-17 14:37:53   AVERAGE_SUBSAMPLE
2023-02-17 14:37:53 _________________________
2023-02-17 14:37:53 Options:
2023-02-17 14:37:53   dim =                         15000 15000 1
2023-02-17 14:37:53   whole-lung-dim =              48000 40000 20000
2023-02-17 14:37:53   timesteps =                   33120
2023-02-17 14:37:53   infection-coords =            uniform:1
2023-02-17 14:37:53   initial-infection =           1000
2023-02-17 14:37:53   incubation-period =           480
2023-02-17 14:37:53   apoptosis-period =            180
2023-02-17 14:37:53   expressing-period =           900
2023-02-17 14:37:53   infectivity =                 0.01
2023-02-17 14:37:53   infectivity-multiplier =      1.0
2023-02-17 14:37:53   virion-production =           0.11
2023-02-17 14:37:53   virion-production-multiplier = 1.0
2023-02-17 14:37:53   virion-clearance =            0.004
2023-02-17 14:37:53   virion-diffusion =            0.15
2023-02-17 14:37:53   chemokine-production =        1.0
2023-02-17 14:37:53   chemokine-decay =             0.01
2023-02-17 14:37:53   chemokine-diffusion =         1.0
2023-02-17 14:37:53   min-chemokine =               1e-6
2023-02-17 14:37:53   antibody-factor =             1
2023-02-17 14:37:53   antibody-period =             1150
2023-02-17 14:37:53   tcell-generation-rate =       105000
2023-02-17 14:37:53   tcell-initial-delay =         4320
2023-02-17 14:37:53   tcell-vascular-period =       5760
2023-02-17 14:37:53   tcell-tissue-period =         1440
2023-02-17 14:37:53   tcell-binding-period =        10
2023-02-17 14:37:53   max-binding-prob =            1
2023-02-17 14:37:53   tcells-follow-gradient =      false
2023-02-17 14:37:53   seed =                        1
2023-02-17 14:37:53   sample-period =               0
2023-02-17 14:37:53   sample-resolution =           1
2023-02-17 14:37:53   max-block-dim =               10
2023-02-17 14:37:53   output =                      results/chaotic/c2-1
2023-02-17 14:37:53 _________________________
2023-02-17 14:37:53 Starting run with 64 processes on 2 nodes at 02/17/23 14:37:53
2023-02-17 14:37:53 Pinned processes, with process 0 (pid 3953954) pinned to core 0
2023-02-17 14:37:53 Using block partitioning
2023-02-17 14:37:53 Initial free memory across all nodes: 152.23GB
2023-02-17 14:37:53 Starting with 76.29GB free on node 0
2023-02-17 14:37:53 Dividing 225000000 grid points into 3515625 squares of size 64 (8^2), with 54932 per process
2023-02-17 14:37:53 Total initial memory required per process is at least 281.63MB with each grid point requiring on average 84 bytes
2023-02-17 14:37:57  --- Elapsed time for tissue.cpp:Tissue:  (exiting barrier) 2023-02-17 14:37:57 ...
2023-02-17 14:37:57           ... (min/my/avg/max, bal) (3.56/3.56/3.56/3.56 s, 1.00) barrier(0.00 s) --- 
2023-02-17 14:37:57 Memory used on node 0 after initialization is  10.91GB
2023-02-17 14:37:57           ... (min/my/avg/max, bal) No-Time barrier(0.00 s) --- 
2023-02-17 14:37:57 Fraction of circulating T cells extravasating is 5.85938e-06
2023-02-17 14:37:57 # datetime                    step    incb       expr       apop       dead       tvas       ttis       chem       virs       chempts    %infct     <%active  lbln>
2023-02-17 14:37:57 [0] <main.cpp:141> WARNING: Time step 0: SUCCESSFUL initial infection at (7500, 7500, 0) after 0 tries
2023-02-17 14:37:57 [02/17/23 14:37:57    0.00s]: 0       1          0          0          0          0          0          0.00e+00   0.00e+00   1.00e+00   0.00       < 0.000 0.016 >
2023-02-17 14:37:57 [02/17/23 14:37:57    0.15s]: 662     313        216        0          0          0          0          2.70e-06   1.87e+03   7.52e+03   0.00       < 0.004 0.649 >
2023-02-17 14:37:57 [02/17/23 14:37:57    0.30s]: 1324    1041       850        0          1          0          0          8.31e-06   1.46e+04   1.91e+04   0.00       < 0.008 0.776 >
2023-02-17 14:37:58 [02/17/23 14:37:58    0.39s]: 1986    1638       1852       0          491        0          0          1.82e-05   3.90e+04   2.48e+04   0.00       < 0.011 0.772 >
2023-02-17 14:37:58 [02/17/23 14:37:58    0.49s]: 2648    2087       2924       0          1775       0          0          2.77e-05   6.84e+04   3.20e+04   0.00       < 0.014 0.867 >
2023-02-17 14:37:59 [02/17/23 14:37:59    0.56s]: 3310    2701       3930       0          3755       0          0          3.74e-05   9.79e+04   3.95e+04   0.00       < 0.018 0.858 >
2023-02-17 14:38:00 [02/17/23 14:38:00    0.67s]: 3972    3349       4961       0          6540       0          0          4.82e-05   1.25e+05   4.77e+04   0.01       < 0.021 0.859 >
2023-02-17 14:38:00 [02/17/23 14:38:00    0.79s]: 4634    3902       6065       28         10059      32084559   7          5.86e-05   1.56e+05   5.71e+04   0.01       < 0.025 0.891 >
2023-02-17 14:38:01 [02/17/23 14:38:01    1.10s]: 5296    4266       6920       200        14603      94259062   70         6.89e-05   1.84e+05   6.72e+04   0.01       < 0.030 0.911 >
2023-02-17 14:38:03 [02/17/23 14:38:03    1.12s]: 5958    4429       7246       534        20322      149682335  217        7.67e-05   2.02e+05   7.75e+04   0.01       < 0.034 0.881 >
2023-02-17 14:38:04 [02/17/23 14:38:04    1.30s]: 6620    4740       6484       1075       27339      199087697  414        8.47e-05   2.00e+05   8.85e+04   0.02       < 0.039 0.939 >
2023-02-17 14:38:05 [02/17/23 14:38:05    1.49s]: 7282    4637       5918       1424       35108      243128543  612        8.79e-05   1.89e+05   9.97e+04   0.02       < 0.044 0.929 >
2023-02-17 14:38:07 [02/17/23 14:38:07    1.65s]: 7944    4898       4986       1802       43362      282387240  804        9.17e-05   1.73e+05   1.11e+05   0.02       < 0.049 0.930 >
2023-02-17 14:38:09 [02/17/23 14:38:09    1.92s]: 8606    4790       4084       2152       52267      317383039  1114       9.36e-05   1.51e+05   1.23e+05   0.03       < 0.055 0.914 >
2023-02-17 14:38:11 [02/17/23 14:38:11    2.14s]: 9268    4915       3251       2155       61524      348579078  1347       9.40e-05   1.27e+05   1.35e+05   0.03       < 0.060 0.957 >
2023-02-17 14:38:13 [02/17/23 14:38:13    2.33s]: 9930    4942       3230       2450       70332      376387580  1633       9.40e-05   1.19e+05   1.48e+05   0.04       < 0.066 0.942 >
2023-02-17 14:38:16 [02/17/23 14:38:16    2.53s]: 10592   4829       2581       2610       80131      401176499  1937       9.50e-05   1.10e+05   1.60e+05   0.04       < 0.071 0.948 >
2023-02-17 14:38:19 [02/17/23 14:38:19    2.76s]: 11254   4990       2041       2580       90154      423273820  2135       9.09e-05   8.87e+04   1.73e+05   0.04       < 0.077 0.930 >
2023-02-17 14:38:22 [02/17/23 14:38:22    2.94s]: 11916   4767       1836       2882       100023     442971611  2343       9.13e-05   8.29e+04   1.86e+05   0.05       < 0.082 0.956 >
2023-02-17 14:38:25 [02/17/23 14:38:25    3.12s]: 12578   4790       1430       2620       110425     460530549  2599       8.53e-05   6.78e+04   1.99e+05   0.05       < 0.087 0.953 >
2023-02-17 14:38:28 [02/17/23 14:38:28    3.29s]: 13240   4604       1281       2859       120413     476182787  2876       8.20e-05   6.34e+04   2.12e+05   0.06       < 0.091 0.939 >
2023-02-17 14:38:32 [02/17/23 14:38:32    3.46s]: 13902   4448       1052       2837       130860     490135416  3048       7.65e-05   5.12e+04   2.25e+05   0.06       < 0.095 0.946 >
2023-02-17 14:38:35 [02/17/23 14:38:35    3.61s]: 14564   4205       968        2706       141166     502572913  3244       7.57e-05   4.61e+04   2.37e+05   0.07       < 0.099 0.957 >
2023-02-17 14:38:39 [02/17/23 14:38:39    3.73s]: 15226   3832       800        2631       151368     513659839  3418       6.89e-05   4.03e+04   2.50e+05   0.07       < 0.102 0.956 >
2023-02-17 14:38:43 [02/17/23 14:38:43    3.90s]: 15888   3740       752        2554       160874     523543003  3554       6.11e-05   3.42e+04   2.62e+05   0.07       < 0.105 0.953 >
2023-02-17 14:38:47 [02/17/23 14:38:47    4.05s]: 16550   3777       566        2462       170244     532352925  3645       6.07e-05   3.13e+04   2.74e+05   0.08       < 0.108 0.956 >
2023-02-17 14:38:51 [02/17/23 14:38:51    4.20s]: 17212   3667       533        2676       179606     540206109  3868       5.93e-05   2.84e+04   2.88e+05   0.08       < 0.111 0.962 >
2023-02-17 14:38:55 [02/17/23 14:38:55    4.32s]: 17874   3147       439        2359       189249     547206557  4127       5.49e-05   2.46e+04   2.99e+05   0.09       < 0.112 0.951 >
2023-02-17 14:39:00 [02/17/23 14:39:00    4.44s]: 18536   2743       393        2233       197889     553446821  4218       4.49e-05   1.94e+04   3.09e+05   0.09       < 0.114 0.955 >
2023-02-17 14:39:04 [02/17/23 14:39:04    4.68s]: 19198   2208       274        1894       205871     559009594  4236       3.51e-05   1.53e+04   3.18e+05   0.09       < 0.115 0.937 >
2023-02-17 14:39:09 [02/17/23 14:39:09    4.62s]: 19860   1798       217        1546       212399     563968407  4249       2.84e-05   1.21e+04   3.24e+05   0.10       < 0.116 0.952 >
2023-02-17 14:39:14 [02/17/23 14:39:14    4.70s]: 20522   1683       203        1358       217816     568388863  4160       2.52e-05   1.06e+04   3.26e+05   0.10       < 0.116 0.936 >
2023-02-17 14:39:18 [02/17/23 14:39:18    4.58s]: 21184   1186       91         1165       222755     572329323  3969       1.98e-05   7.67e+03   3.14e+05   0.10       < 0.116 0.957 >
2023-02-17 14:39:23 [02/17/23 14:39:23    4.40s]: 21846   880        41         897        226712     575842383  3508       1.08e-05   3.35e+03   3.02e+05   0.10       < 0.115 0.955 >
2023-02-17 14:39:27 [02/17/23 14:39:27    4.23s]: 22508   627        46         640        229517     578974125  2919       8.45e-06   2.89e+03   3.03e+05   0.10       < 0.113 0.941 >
2023-02-17 14:39:31 [02/17/23 14:39:31    4.12s]: 23170   503        36         528        231672     581765999  2445       6.70e-06   2.24e+03   2.92e+05   0.10       < 0.110 0.932 >
2023-02-17 14:39:35 [02/17/23 14:39:35    3.78s]: 23832   557        31         539        233437     584254727  2072       7.44e-06   2.21e+03   2.95e+05   0.10       < 0.103 0.903 >
2023-02-17 14:39:38 [02/17/23 14:39:38    3.58s]: 24494   656        37         502        235279     586473218  1926       7.77e-06   1.89e+03   3.00e+05   0.11       < 0.094 0.917 >
2023-02-17 14:39:42 [02/17/23 14:39:42    3.23s]: 25156   557        58         499        237214     588450859  1884       7.23e-06   2.76e+03   2.96e+05   0.11       < 0.082 0.938 >
2023-02-17 14:39:45 [02/17/23 14:39:45    2.93s]: 25818   468        41         411        238923     590213879  1778       7.13e-06   2.30e+03   2.91e+05   0.11       < 0.074 0.940 >
2023-02-17 14:39:47 [02/17/23 14:39:47    2.69s]: 26480   356        22         356        240445     591785518  1741       4.43e-06   1.60e+03   2.96e+05   0.11       < 0.066 0.918 >
2023-02-17 14:39:50 [02/17/23 14:39:50    2.47s]: 27142   248        7          270        241631     593186437  1658       3.11e-06   8.78e+02   2.88e+05   0.11       < 0.058 0.919 >
2023-02-17 14:39:52 [02/17/23 14:39:52    2.27s]: 27804   190        4          220        242566     594435550  1474       2.06e-06   4.63e+02   2.81e+05   0.11       < 0.055 0.914 >
2023-02-17 14:39:54 [02/17/23 14:39:54    2.14s]: 28466   120        0          161        243281     595549094  1206       1.27e-06   2.69e+02   2.79e+05   0.11       < 0.053 0.908 >
2023-02-17 14:39:56 [02/17/23 14:39:56    2.01s]: 29128   81         0          98         243756     596541790  993        9.75e-07   1.58e+02   2.66e+05   0.11       < 0.050 0.884 >
2023-02-17 14:39:58 [02/17/23 14:39:58    1.85s]: 29790   73         5          82         244098     597426751  797        7.38e-07   1.63e+02   2.61e+05   0.11       < 0.046 0.891 >
2023-02-17 14:40:00 [02/17/23 14:40:00    1.65s]: 30452   111        4          92         244378     598215733  515        9.92e-07   1.99e+02   2.52e+05   0.11       < 0.042 0.877 >
2023-02-17 14:40:01 [02/17/23 14:40:01    1.58s]: 31114   116        4          74         244693     598919129  469        1.21e-06   1.77e+02   2.63e+05   0.11       < 0.037 0.886 >
2023-02-17 14:40:03 [02/17/23 14:40:03    1.53s]: 31776   146        8          154        245032     599545948  597        2.14e-06   7.14e+02   2.66e+05   0.11       < 0.032 0.884 >
2023-02-17 14:40:04 [02/17/23 14:40:04    1.38s]: 32438   78         6          120        245547     600104685  720        1.39e-06   3.44e+02   2.67e+05   0.11       < 0.026 0.851 >
2023-02-17 14:40:05 [02/17/23 14:40:05    1.23s]: 33100   46         2          79         245911     600602880  672        7.02e-07   2.21e+02   2.63e+05   0.11       < 0.022 0.865 >
2023-02-17 14:40:05 [02/17/23 14:40:05    0.03s]: 33119   47         1          71         245925     600616332  676        6.82e-07   2.21e+02   2.62e+05   0.11       < 0.022 0.861 >
2023-02-17 14:40:05  ---  main.cpp:generate tcells took  avg 0.00 s max 0.00 s balance 0.78  --- 
2023-02-17 14:40:05  ---  main.cpp:update circulating tcells took  avg 8.97 s max 9.70 s balance 0.92  --- 
2023-02-17 14:40:05  ---  main.cpp:update tcells took  avg 9.03 s max 10.18 s balance 0.89  --- 
2023-02-17 14:40:05  ---  main.cpp:update epicells took  avg 4.68 s max 4.94 s balance 0.95  --- 
2023-02-17 14:40:05  ---  main.cpp:update concentrations took  avg 18.75 s max 19.32 s balance 0.97  --- 
2023-02-17 14:40:05  ---  main.cpp:compute updates took  avg 72.71 s max 72.73 s balance 1.00  --- 
2023-02-17 14:40:05  ---  main.cpp:dispatch updates took  avg 34.31 s max 36.36 s balance 0.94  --- 
2023-02-17 14:40:05  ---  main.cpp:add new actives took  avg 2.02 s max 2.09 s balance 0.97  --- 
2023-02-17 14:40:05  ---  main.cpp:erase inactive took  avg 10.29 s max 10.53 s balance 0.98  --- 
2023-02-17 14:40:05  ---  main.cpp:sample took  avg 0.00 s max 0.00 s balance -nan  --- 
2023-02-17 14:40:05  ---  main.cpp:sample write took  avg 0.00 s max 0.00 s balance -nan  --- 
2023-02-17 14:40:05  ---  main.cpp:log took  avg 1.68 s max 1.70 s balance 0.99  --- 
2023-02-17 14:40:05 Finished 33120 time steps in 128.4312 s (0.0039 s per step)
2023-02-17 14:40:05  --- Elapsed time for main.cpp:run_sim:  (exiting barrier) 2023-02-17 14:40:05 ...
2023-02-17 14:40:05           ... (min/my/avg/max, bal) (128.43/128.43/128.43/128.43 s, 1.00) barrier(0.00 s) --- 
2023-02-17 14:40:05 Peak memory used across all nodes: 21.96GB
2023-02-17 14:40:05 Finished in 132.10 s at 02/17/23 14:40:05 for SimCov version 0.1.1.8024051-dirty
