2023-02-16 22:37:44 SimCov version SimCov version 0.1.1.8024051-dirty-master built on 20230202_133339
2023-02-16 22:37:44 _________________________
2023-02-16 22:37:44 Compiler definitions:
2023-02-16 22:37:44   _XOPEN_SOURCE=700
2023-02-16 22:37:44   CONFIG_USE_COLORS
2023-02-16 22:37:44   USE_BYTELL
2023-02-16 22:37:44   MAX_VIRIONS=125000
2023-02-16 22:37:44   MIN_VIRIONS=1e-10
2023-02-16 22:37:44   BLOCK_PARTITION
2023-02-16 22:37:44   MIN_BLOCKS_PER_PROC=1
2023-02-16 22:37:44   AVERAGE_SUBSAMPLE
2023-02-16 22:37:44 _________________________
2023-02-16 22:37:44 Options:
2023-02-16 22:37:44   dim =                         15000 15000 1
2023-02-16 22:37:44   whole-lung-dim =              48000 40000 20000
2023-02-16 22:37:44   timesteps =                   33120
2023-02-16 22:37:44   infection-coords =            uniform:1
2023-02-16 22:37:44   initial-infection =           1000
2023-02-16 22:37:44   incubation-period =           600
2023-02-16 22:37:44   apoptosis-period =            120
2023-02-16 22:37:44   expressing-period =           1100
2023-02-16 22:37:44   infectivity =                 0.002
2023-02-16 22:37:44   infectivity-multiplier =      0.9
2023-02-16 22:37:44   virion-production =           1.1
2023-02-16 22:37:44   virion-production-multiplier = 1.0
2023-02-16 22:37:44   virion-clearance =            0.002
2023-02-16 22:37:44   virion-diffusion =            0.2
2023-02-16 22:37:44   chemokine-production =        1.0
2023-02-16 22:37:44   chemokine-decay =             0.01
2023-02-16 22:37:44   chemokine-diffusion =         1.0
2023-02-16 22:37:44   min-chemokine =               1e-6
2023-02-16 22:37:44   antibody-factor =             0.8
2023-02-16 22:37:44   antibody-period =             5760
2023-02-16 22:37:44   tcell-generation-rate =       130000
2023-02-16 22:37:44   tcell-initial-delay =         9000
2023-02-16 22:37:44   tcell-vascular-period =       5760
2023-02-16 22:37:44   tcell-tissue-period =         1600
2023-02-16 22:37:44   tcell-binding-period =        7
2023-02-16 22:37:44   max-binding-prob =            1
2023-02-16 22:37:44   tcells-follow-gradient =      false
2023-02-16 22:37:44   seed =                        5
2023-02-16 22:37:44   sample-period =               0
2023-02-16 22:37:44   sample-resolution =           1
2023-02-16 22:37:44   max-block-dim =               10
2023-02-16 22:37:44   output =                      results/chaotic/c7-5
2023-02-16 22:37:44 _________________________
2023-02-16 22:37:44 Starting run with 64 processes on 2 nodes at 02/16/23 22:37:44
2023-02-16 22:37:44 Pinned processes, with process 0 (pid 3877803) pinned to core 0
2023-02-16 22:37:44 Using block partitioning
2023-02-16 22:37:44 Initial free memory across all nodes: 152.31GB
2023-02-16 22:37:44 Starting with 76.49GB free on node 0
2023-02-16 22:37:44 Dividing 225000000 grid points into 3515625 squares of size 64 (8^2), with 54932 per process
2023-02-16 22:37:44 Total initial memory required per process is at least 281.63MB with each grid point requiring on average 84 bytes
2023-02-16 22:37:48  --- Elapsed time for tissue.cpp:Tissue:  (exiting barrier) 2023-02-16 22:37:48 ...
2023-02-16 22:37:48           ... (min/my/avg/max, bal) (3.49/3.49/3.49/3.49 s, 1.00) barrier(0.00 s) --- 
2023-02-16 22:37:48 Memory used on node 0 after initialization is  10.90GB
2023-02-16 22:37:48           ... (min/my/avg/max, bal) No-Time barrier(0.00 s) --- 
2023-02-16 22:37:48 Fraction of circulating T cells extravasating is 5.85938e-06
2023-02-16 22:37:48 # datetime                    step    incb       expr       apop       dead       tvas       ttis       chem       virs       chempts    %infct     <%active  lbln>
2023-02-16 22:37:48 [0] <main.cpp:141> WARNING: Time step 0: SUCCESSFUL initial infection at (7500, 7500, 0) after 0 tries
2023-02-16 22:37:48 [02/16/23 22:37:48    0.00s]: 0       1          0          0          0          0          0          0.00e+00   0.00e+00   1.00e+00   0.00       < 0.000 0.016 >
2023-02-16 22:37:48 [02/16/23 22:37:48    0.16s]: 662     314        46         0          0          0          0          7.93e-07   2.08e+03   3.56e+03   0.00       < 0.005 0.684 >
2023-02-16 22:37:48 [02/16/23 22:37:48    0.32s]: 1324    1648       399        0          0          0          0          7.54e-06   1.09e+05   1.72e+04   0.00       < 0.009 0.792 >
2023-02-16 22:37:49 [02/16/23 22:37:49    0.44s]: 1986    2187       2100       0          183        0          0          1.78e-05   5.77e+05   2.36e+04   0.00       < 0.012 0.801 >
2023-02-16 22:37:49 [02/16/23 22:37:49    0.56s]: 2648    3785       3946       0          846        0          0          3.32e-05   1.46e+06   3.31e+04   0.00       < 0.016 0.881 >
2023-02-16 22:37:50 [02/16/23 22:37:50    0.67s]: 3310    4471       5943       0          3055       0          0          4.91e-05   2.44e+06   4.20e+04   0.01       < 0.020 0.837 >
2023-02-16 22:37:51 [02/16/23 22:37:51    0.81s]: 3972    5864       7953       0          6098       0          0          6.59e-05   3.56e+06   5.35e+04   0.01       < 0.025 0.861 >
2023-02-16 22:37:52 [02/16/23 22:37:52    0.98s]: 4634    6939       10001      0          10580      0          0          8.26e-05   4.64e+06   6.54e+04   0.01       < 0.030 0.926 >
2023-02-16 22:37:53 [02/16/23 22:37:53    1.14s]: 5296    8233       12135      0          16149      0          0          9.97e-05   5.81e+06   7.97e+04   0.02       < 0.036 0.907 >
2023-02-16 22:37:54 [02/16/23 22:37:54    1.32s]: 5958    9603       14348      0          23017      0          0          1.19e-04   7.44e+06   9.60e+04   0.02       < 0.044 0.931 >
2023-02-16 22:37:56 [02/16/23 22:37:56    1.55s]: 6620    10828      16824      0          31181      0          0          1.37e-04   9.61e+06   1.11e+05   0.03       < 0.051 0.901 >
2023-02-16 22:37:58 [02/16/23 22:37:58    1.86s]: 7282    12179      19317      0          40726      0          0          1.56e-04   1.15e+07   1.30e+05   0.03       < 0.060 0.937 >
2023-02-16 22:38:00 [02/16/23 22:38:00    2.06s]: 7944    13384      21763      0          51758      0          0          1.76e-04   1.33e+07   1.49e+05   0.04       < 0.068 0.952 >
2023-02-16 22:38:02 [02/16/23 22:38:02    2.43s]: 8606    14698      23833      0          64529      0          0          1.95e-04   1.49e+07   1.70e+05   0.05       < 0.078 0.924 >
2023-02-16 22:38:05 [02/16/23 22:38:05    2.62s]: 9268    15958      26282      45         78346      34038855   19         2.14e-04   1.65e+07   1.93e+05   0.05       < 0.088 0.964 >
2023-02-16 22:38:08 [02/16/23 22:38:08    3.00s]: 9930    16786      27204      782        94814      111633943  268        2.33e-04   1.80e+07   2.17e+05   0.06       < 0.099 0.960 >
2023-02-16 22:38:11 [02/16/23 22:38:11    3.48s]: 10592   16052      24893      1967       116279     180803465  781        2.46e-04   1.83e+07   2.40e+05   0.07       < 0.110 0.967 >
2023-02-16 22:38:15 [02/16/23 22:38:15    3.99s]: 11254   15090      19282      3473       141566     242462293  1495       2.42e-04   1.69e+07   2.64e+05   0.08       < 0.122 0.961 >
2023-02-16 22:38:20 [02/16/23 22:38:20    4.49s]: 11916   14022      11462      4089       169814     297425641  2174       2.28e-04   1.34e+07   2.88e+05   0.09       < 0.134 0.961 >
2023-02-16 22:38:25 [02/16/23 22:38:25    5.10s]: 12578   13169      6849       4153       195662     346420802  2871       1.93e-04   9.44e+06   3.13e+05   0.10       < 0.146 0.967 >
2023-02-16 22:38:30 [02/16/23 22:38:30    5.67s]: 13240   12163      3971       4112       220010     390095893  3458       1.63e-04   6.25e+06   3.37e+05   0.11       < 0.158 0.978 >
2023-02-16 22:38:37 [02/16/23 22:38:37    6.15s]: 13902   11282      2379       3957       242998     429028505  3936       1.31e-04   4.04e+06   3.60e+05   0.12       < 0.170 0.974 >
2023-02-16 22:38:43 [02/16/23 22:38:43    6.66s]: 14564   10691      1772       4118       264940     463733626  4483       1.14e-04   2.73e+06   3.86e+05   0.13       < 0.182 0.966 >
2023-02-16 22:38:50 [02/16/23 22:38:50    7.14s]: 15226   9192       853        3888       287645     494670164  4923       9.22e-05   1.87e+06   4.08e+05   0.13       < 0.195 0.976 >
2023-02-16 22:38:58 [02/16/23 22:38:58    7.67s]: 15888   8282       579        3764       308529     522247651  5302       6.75e-05   1.11e+06   4.32e+05   0.14       < 0.207 0.971 >
2023-02-16 22:39:06 [02/16/23 22:39:06    8.39s]: 16550   6874       349        3441       328783     546830550  5640       5.13e-05   7.35e+05   4.53e+05   0.15       < 0.219 0.978 >
2023-02-16 22:39:15 [02/16/23 22:39:15    8.83s]: 17212   5500       160        3236       347530     568744139  5950       3.38e-05   4.49e+05   4.72e+05   0.16       < 0.231 0.971 >
2023-02-16 22:39:25 [02/16/23 22:39:25    9.32s]: 17874   3934       93         2692       363873     588278178  6132       1.99e-05   2.41e+05   4.85e+05   0.16       < 0.243 0.979 >
2023-02-16 22:39:34 [02/16/23 22:39:34    9.76s]: 18536   2754       53         2018       377223     605691232  6124       9.61e-06   1.29e+05   4.87e+05   0.17       < 0.254 0.980 >
2023-02-16 22:39:44 [02/16/23 22:39:44    9.81s]: 19198   1750       18         1504       386949     621214024  5629       5.99e-06   7.60e+04   4.71e+05   0.17       < 0.265 0.983 >
2023-02-16 22:39:54 [02/16/23 22:39:54    9.89s]: 19860   1014       14         891        393822     635051923  4591       4.47e-06   4.01e+04   4.56e+05   0.18       < 0.275 0.982 >
2023-02-16 22:40:04 [02/16/23 22:40:04   10.17s]: 20522   1144       17         739        398132     647387542  3468       3.45e-06   2.45e+04   4.53e+05   0.18       < 0.284 0.984 >
2023-02-16 22:40:15 [02/16/23 22:40:15   10.44s]: 21184   2058       81         936        402061     658383760  3003       9.97e-06   4.25e+04   4.81e+05   0.18       < 0.292 0.979 >
2023-02-16 22:40:26 [02/16/23 22:40:26   11.05s]: 21846   3200       90         1528       408492     668185376  3636       1.74e-05   7.88e+04   5.29e+05   0.18       < 0.299 0.973 >
2023-02-16 22:40:37 [02/16/23 22:40:37   11.60s]: 22508   4544       216        2366       418631     676922181  5002       1.96e-05   1.18e+05   5.65e+05   0.19       < 0.306 0.974 >
2023-02-16 22:40:49 [02/16/23 22:40:49   12.14s]: 23170   4239       167        2675       432836     684709846  6298       2.22e-05   1.78e+05   5.81e+05   0.20       < 0.313 0.983 >
2023-02-16 22:41:02 [02/16/23 22:41:02   12.57s]: 23832   2949       42         2314       446984     691652184  6777       1.27e-05   1.36e+05   5.77e+05   0.20       < 0.321 0.984 >
2023-02-16 22:41:15 [02/16/23 22:41:15   12.83s]: 24494   1746       14         1684       458270     697841002  6428       5.27e-06   6.82e+04   5.75e+05   0.21       < 0.331 0.983 >
2023-02-16 22:41:28 [02/16/23 22:41:28   12.87s]: 25156   1128       10         1062       466003     703357878  5677       2.26e-06   2.96e+04   5.52e+05   0.21       < 0.340 0.983 >
2023-02-16 22:41:40 [02/16/23 22:41:40   12.69s]: 25818   2086       73         1013       471174     708276699  4429       8.49e-06   3.17e+04   5.33e+05   0.21       < 0.345 0.987 >
2023-02-16 22:41:53 [02/16/23 22:41:53   12.74s]: 26480   3374       103        1681       478187     712661188  3604       1.77e-05   8.61e+04   5.93e+05   0.21       < 0.349 0.988 >
2023-02-16 22:42:07 [02/16/23 22:42:07   13.45s]: 27142   4348       88         2364       488974     716568238  4882       1.94e-05   1.10e+05   6.62e+05   0.22       < 0.352 0.982 >
2023-02-16 22:42:21 [02/16/23 22:42:21   14.44s]: 27804   6174       128        3350       503935     720049909  7761       2.62e-05   1.26e+05   7.13e+05   0.23       < 0.353 0.980 >
2023-02-16 22:42:36 [02/16/23 22:42:36   14.79s]: 28466   4560       148        3458       523773     723153635  9651       2.48e-05   1.61e+05   7.02e+05   0.24       < 0.353 0.983 >
2023-02-16 22:42:51 [02/16/23 22:42:51   14.71s]: 29128   2605       18         2427       540925     725920894  9494       9.35e-06   1.15e+05   6.77e+05   0.24       < 0.351 0.972 >
2023-02-16 22:43:05 [02/16/23 22:43:05   14.25s]: 29790   1468       8          1383       552027     728388650  7703       3.42e-06   4.99e+04   6.44e+05   0.25       < 0.349 0.986 >
2023-02-16 22:43:18 [02/16/23 22:43:18   13.64s]: 30452   1031       7          835        558491     730589000  5796       2.42e-06   2.27e+04   6.33e+05   0.25       < 0.350 0.988 >
2023-02-16 22:43:32 [02/16/23 22:43:32   13.61s]: 31114   2140       18         1048       563152     732550411  4848       6.42e-06   2.04e+04   6.75e+05   0.25       < 0.354 0.981 >
2023-02-16 22:43:46 [02/16/23 22:43:46   14.07s]: 31776   3412       104        1802       570422     734298026  5721       1.72e-05   5.65e+04   7.21e+05   0.26       < 0.358 0.977 >
2023-02-16 22:44:01 [02/16/23 22:44:01   14.62s]: 32438   3985       105        2413       582052     735855205  7426       2.02e-05   9.95e+04   7.76e+05   0.26       < 0.363 0.980 >
2023-02-16 22:44:16 [02/16/23 22:44:16   15.54s]: 33100   4373       168        2734       596407     737242281  9447       2.09e-05   1.16e+05   7.96e+05   0.27       < 0.369 0.980 >
2023-02-16 22:44:17 [02/16/23 22:44:17    0.45s]: 33119   4352       172        2741       596848     737279784  9484       2.08e-05   1.17e+05   7.95e+05   0.27       < 0.369 0.980 >
2023-02-16 22:44:17  ---  main.cpp:generate tcells took  avg 0.01 s max 0.01 s balance 0.73  --- 
2023-02-16 22:44:17  ---  main.cpp:update circulating tcells took  avg 9.50 s max 10.24 s balance 0.93  --- 
2023-02-16 22:44:17  ---  main.cpp:update tcells took  avg 19.09 s max 21.06 s balance 0.91  --- 
2023-02-16 22:44:17  ---  main.cpp:update epicells took  avg 13.59 s max 14.60 s balance 0.93  --- 
2023-02-16 22:44:17  ---  main.cpp:update concentrations took  avg 78.60 s max 80.75 s balance 0.97  --- 
2023-02-16 22:44:17  ---  main.cpp:compute updates took  avg 224.11 s max 224.15 s balance 1.00  --- 
2023-02-16 22:44:17  ---  main.cpp:dispatch updates took  avg 96.15 s max 103.09 s balance 0.93  --- 
2023-02-16 22:44:17  ---  main.cpp:add new actives took  avg 4.71 s max 4.90 s balance 0.96  --- 
2023-02-16 22:44:17  ---  main.cpp:erase inactive took  avg 44.75 s max 45.76 s balance 0.98  --- 
2023-02-16 22:44:17  ---  main.cpp:sample took  avg 0.00 s max 0.00 s balance -nan  --- 
2023-02-16 22:44:17  ---  main.cpp:sample write took  avg 0.00 s max 0.00 s balance -nan  --- 
2023-02-16 22:44:17  ---  main.cpp:log took  avg 2.18 s max 2.20 s balance 0.99  --- 
2023-02-16 22:44:17 Finished 33120 time steps in 388.9258 s (0.0117 s per step)
2023-02-16 22:44:17  --- Elapsed time for main.cpp:run_sim:  (exiting barrier) 2023-02-16 22:44:17 ...
2023-02-16 22:44:17           ... (min/my/avg/max, bal) (388.93/388.93/388.93/388.93 s, 1.00) barrier(0.00 s) --- 
2023-02-16 22:44:17 Peak memory used across all nodes: 22.09GB
2023-02-16 22:44:17 Finished in 392.72 s at 02/16/23 22:44:17 for SimCov version 0.1.1.8024051-dirty
