2023-02-13 21:39:03 SimCov version SimCov version 0.1.1.8024051-dirty-master built on 20230202_133339
2023-02-13 21:39:03 _________________________
2023-02-13 21:39:03 Compiler definitions:
2023-02-13 21:39:03   _XOPEN_SOURCE=700
2023-02-13 21:39:03   CONFIG_USE_COLORS
2023-02-13 21:39:03   USE_BYTELL
2023-02-13 21:39:03   MAX_VIRIONS=125000
2023-02-13 21:39:03   MIN_VIRIONS=1e-10
2023-02-13 21:39:03   BLOCK_PARTITION
2023-02-13 21:39:03   MIN_BLOCKS_PER_PROC=1
2023-02-13 21:39:03   AVERAGE_SUBSAMPLE
2023-02-13 21:39:03 _________________________
2023-02-13 21:39:03 Options:
2023-02-13 21:39:03   dim =                         15000 15000 1
2023-02-13 21:39:03   whole-lung-dim =              48000 40000 20000
2023-02-13 21:39:03   timesteps =                   33120
2023-02-13 21:39:03   infection-coords =            uniform:1
2023-02-13 21:39:03   initial-infection =           1000
2023-02-13 21:39:03   incubation-period =           480
2023-02-13 21:39:03   apoptosis-period =            180
2023-02-13 21:39:03   expressing-period =           900
2023-02-13 21:39:03   infectivity =                 0.01
2023-02-13 21:39:03   infectivity-multiplier =      1.0
2023-02-13 21:39:03   virion-production =           0.11
2023-02-13 21:39:03   virion-production-multiplier = 1.0
2023-02-13 21:39:03   virion-clearance =            0.002
2023-02-13 21:39:03   virion-diffusion =            0.15
2023-02-13 21:39:03   chemokine-production =        1.0
2023-02-13 21:39:03   chemokine-decay =             0.01
2023-02-13 21:39:03   chemokine-diffusion =         1.0
2023-02-13 21:39:03   min-chemokine =               1e-6
2023-02-13 21:39:03   antibody-factor =             1
2023-02-13 21:39:03   antibody-period =             1150
2023-02-13 21:39:03   tcell-generation-rate =       105000
2023-02-13 21:39:03   tcell-initial-delay =         4320
2023-02-13 21:39:03   tcell-vascular-period =       5760
2023-02-13 21:39:03   tcell-tissue-period =         1440
2023-02-13 21:39:03   tcell-binding-period =        10
2023-02-13 21:39:03   max-binding-prob =            1
2023-02-13 21:39:03   tcells-follow-gradient =      false
2023-02-13 21:39:03   seed =                        5
2023-02-13 21:39:03   sample-period =               0
2023-02-13 21:39:03   sample-resolution =           1
2023-02-13 21:39:03   max-block-dim =               10
2023-02-13 21:39:03   output =                      results/stable/c5_r5-results
2023-02-13 21:39:03 _________________________
2023-02-13 21:39:03 Starting run with 64 processes on 2 nodes at 02/13/23 21:39:03
2023-02-13 21:39:03 Pinned processes, with process 0 (pid 3903415) pinned to core 0
2023-02-13 21:39:03 Using block partitioning
2023-02-13 21:39:03 Initial free memory across all nodes: 150.60GB
2023-02-13 21:39:03 Starting with 75.57GB free on node 0
2023-02-13 21:39:03 Dividing 225000000 grid points into 3515625 squares of size 64 (8^2), with 54932 per process
2023-02-13 21:39:03 Total initial memory required per process is at least 281.63MB with each grid point requiring on average 84 bytes
2023-02-13 21:39:07  --- Elapsed time for tissue.cpp:Tissue:  (exiting barrier) 2023-02-13 21:39:07 ...
2023-02-13 21:39:07           ... (min/my/avg/max, bal) (3.50/3.50/3.50/3.50 s, 1.00) barrier(0.00 s) --- 
2023-02-13 21:39:07 Memory used on node 0 after initialization is  10.90GB
2023-02-13 21:39:07           ... (min/my/avg/max, bal) No-Time barrier(0.00 s) --- 
2023-02-13 21:39:07 Fraction of circulating T cells extravasating is 5.85938e-06
2023-02-13 21:39:07 # datetime                    step    incb       expr       apop       dead       tvas       ttis       chem       virs       chempts    %infct     <%active  lbln>
2023-02-13 21:39:07 [0] <main.cpp:141> WARNING: Time step 0: SUCCESSFUL initial infection at (7500, 7500, 0) after 0 tries
2023-02-13 21:39:07 [02/13/23 21:39:07    0.00s]: 0       1          0          0          0          0          0          0.00e+00   0.00e+00   1.00e+00   0.00       < 0.000 0.016 >
2023-02-13 21:39:07 [02/13/23 21:39:07    0.16s]: 662     444        244        0          0          0          0          2.75e-06   2.39e+03   7.36e+03   0.00       < 0.004 0.614 >
2023-02-13 21:39:07 [02/13/23 21:39:07    0.33s]: 1324    1437       1018       0          1          0          0          1.04e-05   2.69e+04   2.01e+04   0.00       < 0.009 0.819 >
2023-02-13 21:39:07 [02/13/23 21:39:07    0.42s]: 1986    1947       2382       0          646        0          0          2.17e-05   8.00e+04   2.67e+04   0.00       < 0.012 0.815 >
2023-02-13 21:39:08 [02/13/23 21:39:08    0.53s]: 2648    2702       3615       0          2275       0          0          3.39e-05   1.48e+05   3.48e+04   0.00       < 0.015 0.876 >
2023-02-13 21:39:09 [02/13/23 21:39:09    0.64s]: 3310    3323       5071       0          4714       0          0          4.55e-05   2.21e+05   4.37e+04   0.01       < 0.019 0.846 >
2023-02-13 21:39:09 [02/13/23 21:39:09    0.77s]: 3972    4250       6311       0          8274       0          0          5.82e-05   2.92e+05   5.39e+04   0.01       < 0.024 0.924 >
2023-02-13 21:39:10 [02/13/23 21:39:10    0.93s]: 4634    4970       7802       21         12663      32084503   9          7.01e-05   3.68e+05   6.51e+04   0.01       < 0.029 0.916 >
2023-02-13 21:39:11 [02/13/23 21:39:11    1.13s]: 5296    5594       8798       227        18444      94259039   92         8.30e-05   4.43e+05   7.68e+04   0.01       < 0.034 0.875 >
2023-02-13 21:39:13 [02/13/23 21:39:13    1.35s]: 5958    5666       8976       893        25847      149682475  280        9.40e-05   4.97e+05   8.92e+04   0.02       < 0.040 0.923 >
2023-02-13 21:39:14 [02/13/23 21:39:14    1.51s]: 6620    6043       7475       1488       35452      199087928  496        1.02e-04   4.93e+05   1.03e+05   0.02       < 0.046 0.956 >
2023-02-13 21:39:16 [02/13/23 21:39:16    1.74s]: 7282    6349       6856       1727       45075      243128803  705        1.07e-04   4.55e+05   1.16e+05   0.03       < 0.051 0.929 >
2023-02-13 21:39:18 [02/13/23 21:39:18    2.03s]: 7944    6177       7162       2118       54818      282387468  983        1.12e-04   4.49e+05   1.30e+05   0.03       < 0.058 0.936 >
2023-02-13 21:39:20 [02/13/23 21:39:20    2.24s]: 8606    6496       5695       2657       66390      317383269  1282       1.20e-04   4.31e+05   1.45e+05   0.04       < 0.064 0.949 >
2023-02-13 21:39:23 [02/13/23 21:39:23    2.51s]: 9268    6727       4929       2844       78304      348578957  1640       1.21e-04   3.81e+05   1.61e+05   0.04       < 0.071 0.949 >
2023-02-13 21:39:26 [02/13/23 21:39:26    2.81s]: 9930    6809       4603       3179       90435      376387235  1952       1.22e-04   3.50e+05   1.77e+05   0.05       < 0.079 0.942 >
2023-02-13 21:39:29 [02/13/23 21:39:29    3.02s]: 10592   7049       4050       3319       103182     401176090  2147       1.23e-04   3.31e+05   1.92e+05   0.05       < 0.085 0.955 >
2023-02-13 21:39:32 [02/13/23 21:39:32    3.26s]: 11254   6915       3658       3558       116330     423273231  2437       1.24e-04   3.04e+05   2.09e+05   0.06       < 0.093 0.957 >
2023-02-13 21:39:35 [02/13/23 21:39:35    3.55s]: 11916   7142       3506       3496       129804     442971050  2733       1.23e-04   2.82e+05   2.26e+05   0.06       < 0.100 0.972 >
2023-02-13 21:39:39 [02/13/23 21:39:39    3.84s]: 12578   7176       3048       3945       143853     460529691  2948       1.26e-04   2.69e+05   2.44e+05   0.07       < 0.108 0.974 >
2023-02-13 21:39:43 [02/13/23 21:39:43    4.16s]: 13240   7353       2524       3911       158650     476182066  3234       1.23e-04   2.44e+05   2.62e+05   0.08       < 0.116 0.955 >
2023-02-13 21:39:48 [02/13/23 21:39:48    4.50s]: 13902   7182       2119       4290       173545     490134487  3592       1.19e-04   2.21e+05   2.80e+05   0.08       < 0.124 0.969 >
2023-02-13 21:39:53 [02/13/23 21:39:53    4.83s]: 14564   7535       2050       4042       188787     502571783  3859       1.20e-04   1.94e+05   2.99e+05   0.09       < 0.133 0.952 >
2023-02-13 21:39:58 [02/13/23 21:39:58    5.10s]: 15226   7793       2192       4200       204239     513658734  4096       1.21e-04   1.93e+05   3.18e+05   0.10       < 0.142 0.974 >
2023-02-13 21:40:04 [02/13/23 21:40:04    5.68s]: 15888   8118       2157       4324       220273     523541530  4365       1.24e-04   1.93e+05   3.39e+05   0.10       < 0.151 0.975 >
2023-02-13 21:40:10 [02/13/23 21:40:10    5.95s]: 16550   8044       1983       4811       237184     532351121  4651       1.28e-04   1.94e+05   3.59e+05   0.11       < 0.159 0.965 >
2023-02-13 21:40:16 [02/13/23 21:40:16    6.49s]: 17212   7987       1736       4737       254553     540204131  4815       1.24e-04   1.84e+05   3.79e+05   0.12       < 0.169 0.977 >
2023-02-13 21:40:23 [02/13/23 21:40:23    6.66s]: 17874   8066       1549       4885       272167     547204292  5056       1.25e-04   1.68e+05   4.01e+05   0.13       < 0.178 0.963 >
2023-02-13 21:40:30 [02/13/23 21:40:30    7.00s]: 18536   8176       1486       5023       290231     553444317  5342       1.24e-04   1.57e+05   4.22e+05   0.14       < 0.188 0.959 >
2023-02-13 21:40:37 [02/13/23 21:40:37    7.39s]: 19198   7842       1355       5086       308748     559006659  5631       1.20e-04   1.50e+05   4.43e+05   0.14       < 0.195 0.970 >
2023-02-13 21:40:45 [02/13/23 21:40:45    7.71s]: 19860   8004       1217       4930       327221     563964909  5887       1.18e-04   1.33e+05   4.65e+05   0.15       < 0.202 0.980 >
2023-02-13 21:40:53 [02/13/23 21:40:53    8.04s]: 20522   8000       1208       5195       345888     568384655  6086       1.20e-04   1.26e+05   4.87e+05   0.16       < 0.210 0.980 >
2023-02-13 21:41:01 [02/13/23 21:41:01    8.65s]: 21184   8182       1124       5065       365122     572324462  6248       1.19e-04   1.22e+05   5.10e+05   0.17       < 0.217 0.969 >
2023-02-13 21:41:11 [02/13/23 21:41:11    9.22s]: 21846   8237       1337       5469       384099     575836472  6445       1.22e-04   1.27e+05   5.32e+05   0.18       < 0.223 0.975 >
2023-02-13 21:41:20 [02/13/23 21:41:20    9.47s]: 22508   8475       1302       5509       404009     578967086  6656       1.23e-04   1.29e+05   5.56e+05   0.19       < 0.230 0.975 >
2023-02-13 21:41:30 [02/13/23 21:41:30    9.72s]: 23170   8385       1196       5287       424644     581757694  6788       1.20e-04   1.25e+05   5.79e+05   0.20       < 0.236 0.969 >
2023-02-13 21:41:40 [02/13/23 21:41:40   10.05s]: 23832   8340       1262       5576       444621     584245059  6924       1.24e-04   1.28e+05   6.03e+05   0.20       < 0.242 0.973 >
2023-02-13 21:41:50 [02/13/23 21:41:50   10.29s]: 24494   8890       1157       5691       465495     586462368  7218       1.25e-04   1.24e+05   6.27e+05   0.21       < 0.249 0.986 >
2023-02-13 21:42:01 [02/13/23 21:42:01   10.72s]: 25156   8840       1154       5784       486889     588439017  7486       1.25e-04   1.27e+05   6.52e+05   0.22       < 0.255 0.967 >
2023-02-13 21:42:12 [02/13/23 21:42:12   11.26s]: 25818   9220       1323       5842       508497     590200887  7464       1.28e-04   1.24e+05   6.78e+05   0.23       < 0.262 0.969 >
2023-02-13 21:42:24 [02/13/23 21:42:24   11.37s]: 26480   9140       1444       6191       530778     591771243  7616       1.34e-04   1.33e+05   7.04e+05   0.24       < 0.268 0.971 >
2023-02-13 21:42:35 [02/13/23 21:42:35   11.60s]: 27142   9685       1273       6262       553574     593171077  7952       1.38e-04   1.36e+05   7.30e+05   0.25       < 0.274 0.980 >
2023-02-13 21:42:47 [02/13/23 21:42:47   11.90s]: 27804   9576       1433       6363       577082     594418836  8167       1.41e-04   1.38e+05   7.56e+05   0.26       < 0.280 0.965 >
2023-02-13 21:42:59 [02/13/23 21:42:59   12.43s]: 28466   9705       1432       6617       600908     595531032  8346       1.40e-04   1.40e+05   7.84e+05   0.27       < 0.286 0.966 >
2023-02-13 21:43:12 [02/13/23 21:43:12   12.97s]: 29128   9687       1288       6681       625017     596522568  8436       1.42e-04   1.41e+05   8.11e+05   0.29       < 0.292 0.978 >
2023-02-13 21:43:25 [02/13/23 21:43:25   12.97s]: 29790   10209      1358       6522       649311     597406033  8574       1.39e-04   1.36e+05   8.40e+05   0.30       < 0.299 0.971 >
2023-02-13 21:43:39 [02/13/23 21:43:39   13.34s]: 30452   10398      1458       6831       673760     598193643  8658       1.50e-04   1.46e+05   8.68e+05   0.31       < 0.305 0.966 >
2023-02-13 21:43:53 [02/13/23 21:43:53   13.80s]: 31114   9896       1217       6898       699146     598895490  8923       1.46e-04   1.47e+05   8.96e+05   0.32       < 0.311 0.973 >
2023-02-13 21:44:07 [02/13/23 21:44:07   13.97s]: 31776   9828       1241       6813       724181     599521109  9210       1.40e-04   1.35e+05   9.24e+05   0.33       < 0.317 0.985 >
2023-02-13 21:44:21 [02/13/23 21:44:21   14.19s]: 32438   9790       1212       6699       749135     600078618  9429       1.39e-04   1.29e+05   9.53e+05   0.34       < 0.323 0.980 >
2023-02-13 21:44:35 [02/13/23 21:44:35   14.52s]: 33100   9900       1111       6754       774178     600575681  9590       1.37e-04   1.25e+05   9.81e+05   0.35       < 0.329 0.972 >
2023-02-13 21:44:36 [02/13/23 21:44:36    0.43s]: 33119   9865       1130       6756       774888     600589085  9626       1.37e-04   1.25e+05   9.82e+05   0.35       < 0.329 0.972 >
2023-02-13 21:44:36  ---  main.cpp:generate tcells took  avg 0.01 s max 0.01 s balance 0.75  --- 
2023-02-13 21:44:36  ---  main.cpp:update circulating tcells took  avg 9.60 s max 10.15 s balance 0.95  --- 
2023-02-13 21:44:36  ---  main.cpp:update tcells took  avg 21.55 s max 23.84 s balance 0.90  --- 
2023-02-13 21:44:36  ---  main.cpp:update epicells took  avg 10.16 s max 10.79 s balance 0.94  --- 
2023-02-13 21:44:36  ---  main.cpp:update concentrations took  avg 62.89 s max 64.81 s balance 0.97  --- 
2023-02-13 21:44:36  ---  main.cpp:compute updates took  avg 186.41 s max 186.42 s balance 1.00  --- 
2023-02-13 21:44:36  ---  main.cpp:dispatch updates took  avg 86.17 s max 94.04 s balance 0.92  --- 
2023-02-13 21:44:36  ---  main.cpp:add new actives took  avg 4.09 s max 4.23 s balance 0.97  --- 
2023-02-13 21:44:36  ---  main.cpp:erase inactive took  avg 34.48 s max 35.32 s balance 0.98  --- 
2023-02-13 21:44:36  ---  main.cpp:sample took  avg 0.00 s max 0.00 s balance -nan  --- 
2023-02-13 21:44:36  ---  main.cpp:sample write took  avg 0.00 s max 0.00 s balance -nan  --- 
2023-02-13 21:44:36  ---  main.cpp:log took  avg 2.15 s max 2.16 s balance 1.00  --- 
2023-02-13 21:44:36 Finished 33120 time steps in 329.1176 s (0.0099 s per step)
2023-02-13 21:44:36  --- Elapsed time for main.cpp:run_sim:  (exiting barrier) 2023-02-13 21:44:36 ...
2023-02-13 21:44:36           ... (min/my/avg/max, bal) (329.12/329.12/329.12/329.12 s, 1.00) barrier(0.00 s) --- 
2023-02-13 21:44:36 Peak memory used across all nodes: 22.09GB
2023-02-13 21:44:36 Finished in 333.17 s at 02/13/23 21:44:36 for SimCov version 0.1.1.8024051-dirty
