2023-02-17 15:22:08 SimCov version SimCov version 0.1.1.8024051-dirty-master built on 20230202_133339
2023-02-17 15:22:08 _________________________
2023-02-17 15:22:08 Compiler definitions:
2023-02-17 15:22:08   _XOPEN_SOURCE=700
2023-02-17 15:22:08   CONFIG_USE_COLORS
2023-02-17 15:22:08   USE_BYTELL
2023-02-17 15:22:08   MAX_VIRIONS=125000
2023-02-17 15:22:08   MIN_VIRIONS=1e-10
2023-02-17 15:22:08   BLOCK_PARTITION
2023-02-17 15:22:08   MIN_BLOCKS_PER_PROC=1
2023-02-17 15:22:08   AVERAGE_SUBSAMPLE
2023-02-17 15:22:08 _________________________
2023-02-17 15:22:08 Options:
2023-02-17 15:22:08   dim =                         15000 15000 1
2023-02-17 15:22:08   whole-lung-dim =              48000 40000 20000
2023-02-17 15:22:08   timesteps =                   33120
2023-02-17 15:22:08   infection-coords =            uniform:1
2023-02-17 15:22:08   initial-infection =           1000
2023-02-17 15:22:08   incubation-period =           480
2023-02-17 15:22:08   apoptosis-period =            180
2023-02-17 15:22:08   expressing-period =           900
2023-02-17 15:22:08   infectivity =                 0.01
2023-02-17 15:22:08   infectivity-multiplier =      1.0
2023-02-17 15:22:08   virion-production =           0.11
2023-02-17 15:22:08   virion-production-multiplier = 1.0
2023-02-17 15:22:08   virion-clearance =            0.004
2023-02-17 15:22:08   virion-diffusion =            0.15
2023-02-17 15:22:08   chemokine-production =        1.0
2023-02-17 15:22:08   chemokine-decay =             0.01
2023-02-17 15:22:08   chemokine-diffusion =         1.0
2023-02-17 15:22:08   min-chemokine =               1e-6
2023-02-17 15:22:08   antibody-factor =             1
2023-02-17 15:22:08   antibody-period =             1150
2023-02-17 15:22:08   tcell-generation-rate =       105000
2023-02-17 15:22:08   tcell-initial-delay =         4320
2023-02-17 15:22:08   tcell-vascular-period =       5760
2023-02-17 15:22:08   tcell-tissue-period =         1440
2023-02-17 15:22:08   tcell-binding-period =        10
2023-02-17 15:22:08   max-binding-prob =            1
2023-02-17 15:22:08   tcells-follow-gradient =      false
2023-02-17 15:22:08   seed =                        4
2023-02-17 15:22:08   sample-period =               0
2023-02-17 15:22:08   sample-resolution =           1
2023-02-17 15:22:08   max-block-dim =               10
2023-02-17 15:22:08   output =                      results/chaotic/c2-4
2023-02-17 15:22:08 _________________________
2023-02-17 15:22:08 Starting run with 64 processes on 2 nodes at 02/17/23 15:22:08
2023-02-17 15:22:08 Pinned processes, with process 0 (pid 3894645) pinned to core 0
2023-02-17 15:22:08 Using block partitioning
2023-02-17 15:22:08 Initial free memory across all nodes: 152.17GB
2023-02-17 15:22:08 Starting with 76.38GB free on node 0
2023-02-17 15:22:08 Dividing 225000000 grid points into 3515625 squares of size 64 (8^2), with 54932 per process
2023-02-17 15:22:08 Total initial memory required per process is at least 281.63MB with each grid point requiring on average 84 bytes
2023-02-17 15:22:11  --- Elapsed time for tissue.cpp:Tissue:  (exiting barrier) 2023-02-17 15:22:11 ...
2023-02-17 15:22:11           ... (min/my/avg/max, bal) (3.47/3.47/3.47/3.47 s, 1.00) barrier(0.00 s) --- 
2023-02-17 15:22:11 Memory used on node 0 after initialization is  10.90GB
2023-02-17 15:22:11           ... (min/my/avg/max, bal) No-Time barrier(0.00 s) --- 
2023-02-17 15:22:11 Fraction of circulating T cells extravasating is 5.85938e-06
2023-02-17 15:22:11 # datetime                    step    incb       expr       apop       dead       tvas       ttis       chem       virs       chempts    %infct     <%active  lbln>
2023-02-17 15:22:11 [0] <main.cpp:141> WARNING: Time step 0: SUCCESSFUL initial infection at (7500, 7500, 0) after 0 tries
2023-02-17 15:22:11 [02/17/23 15:22:11    0.00s]: 0       1          0          0          0          0          0          0.00e+00   0.00e+00   1.00e+00   0.00       < 0.000 0.016 >
2023-02-17 15:22:12 [02/17/23 15:22:12    0.15s]: 662     305        219        0          0          0          0          2.76e-06   1.83e+03   7.37e+03   0.00       < 0.004 0.649 >
2023-02-17 15:22:12 [02/17/23 15:22:12    0.31s]: 1324    1111       855        0          1          0          0          9.00e-06   1.47e+04   1.96e+04   0.00       < 0.009 0.797 >
2023-02-17 15:22:12 [02/17/23 15:22:12    0.40s]: 1986    1635       1977       0          480        0          0          1.91e-05   4.12e+04   2.51e+04   0.00       < 0.011 0.773 >
2023-02-17 15:22:13 [02/17/23 15:22:13    0.51s]: 2648    2151       3000       0          1843       0          0          2.91e-05   7.06e+04   3.25e+04   0.00       < 0.014 0.862 >
2023-02-17 15:22:13 [02/17/23 15:22:13    0.58s]: 3310    2760       4207       0          3845       0          0          3.95e-05   1.02e+05   4.05e+04   0.00       < 0.018 0.875 >
2023-02-17 15:22:14 [02/17/23 15:22:14    0.70s]: 3972    3429       5246       0          6724       0          0          4.99e-05   1.32e+05   4.89e+04   0.01       < 0.022 0.879 >
2023-02-17 15:22:15 [02/17/23 15:22:15    0.83s]: 4634    3994       6317       12         10453      32084598   8          6.03e-05   1.62e+05   5.86e+04   0.01       < 0.026 0.883 >
2023-02-17 15:22:16 [02/17/23 15:22:16    1.00s]: 5296    4566       7191       122        15108      94259069   70         7.02e-05   1.89e+05   6.92e+04   0.01       < 0.031 0.938 >
2023-02-17 15:22:17 [02/17/23 15:22:17    1.17s]: 5958    4830       7656       499        20762      149682516  216        8.02e-05   2.13e+05   7.93e+04   0.01       < 0.035 0.883 >
2023-02-17 15:22:18 [02/17/23 15:22:18    1.36s]: 6620    4636       7152       1083       27978      199087800  441        8.62e-05   2.18e+05   9.01e+04   0.02       < 0.040 0.917 >
2023-02-17 15:22:20 [02/17/23 15:22:20    1.54s]: 7282    4590       5814       1497       36420      243128729  610        8.94e-05   1.94e+05   1.01e+05   0.02       < 0.045 0.947 >
2023-02-17 15:22:22 [02/17/23 15:22:22    1.73s]: 7944    4833       4860       1690       44918      282387525  847        9.36e-05   1.63e+05   1.13e+05   0.03       < 0.050 0.929 >
2023-02-17 15:22:24 [02/17/23 15:22:24    1.99s]: 8606    4882       4262       1988       53583      317383225  1121       9.65e-05   1.49e+05   1.25e+05   0.03       < 0.055 0.904 >
2023-02-17 15:22:26 [02/17/23 15:22:26    2.18s]: 9268    4884       3768       2185       62610      348578947  1391       9.52e-05   1.37e+05   1.37e+05   0.03       < 0.061 0.935 >
2023-02-17 15:22:28 [02/17/23 15:22:28    2.41s]: 9930    4892       3015       2541       71960      376387413  1646       9.52e-05   1.24e+05   1.49e+05   0.04       < 0.066 0.956 >
2023-02-17 15:22:31 [02/17/23 15:22:31    2.61s]: 10592   4887       2372       2675       81658      401176262  1901       9.20e-05   1.05e+05   1.62e+05   0.04       < 0.072 0.943 >
2023-02-17 15:22:34 [02/17/23 15:22:34    2.83s]: 11254   4771       1883       2545       91729      423273507  2251       8.99e-05   8.54e+04   1.74e+05   0.04       < 0.077 0.950 >
2023-02-17 15:22:37 [02/17/23 15:22:37    3.02s]: 11916   4846       1536       2666       101598     442971374  2469       8.63e-05   7.25e+04   1.87e+05   0.05       < 0.083 0.939 >
2023-02-17 15:22:40 [02/17/23 15:22:40    3.22s]: 12578   4781       1425       2743       111662     460530248  2611       8.37e-05   6.53e+04   2.00e+05   0.05       < 0.088 0.949 >
2023-02-17 15:22:43 [02/17/23 15:22:43    3.39s]: 13240   4808       1490       2698       121693     476182512  2816       8.47e-05   6.18e+04   2.13e+05   0.06       < 0.092 0.951 >
2023-02-17 15:22:47 [02/17/23 15:22:47    3.53s]: 13902   4287       1252       2906       132123     490135020  3098       8.03e-05   6.12e+04   2.26e+05   0.06       < 0.096 0.960 >
2023-02-17 15:22:51 [02/17/23 15:22:51    3.70s]: 14564   4216       950        2654       142510     502572443  3372       7.44e-05   4.59e+04   2.39e+05   0.07       < 0.099 0.951 >
2023-02-17 15:22:54 [02/17/23 15:22:54    3.87s]: 15226   4097       705        2731       152681     513659563  3468       7.03e-05   3.98e+04   2.52e+05   0.07       < 0.103 0.952 >
2023-02-17 15:22:59 [02/17/23 15:22:59    4.05s]: 15888   4105       584        2795       162667     523542786  3537       6.90e-05   3.35e+04   2.65e+05   0.08       < 0.106 0.956 >
2023-02-17 15:23:03 [02/17/23 15:23:03    4.24s]: 16550   3878       722        2682       172716     532352549  3738       6.58e-05   3.21e+04   2.77e+05   0.08       < 0.108 0.962 >
2023-02-17 15:23:07 [02/17/23 15:23:07    4.35s]: 17212   3657       586        2568       182708     540205749  3997       5.91e-05   2.86e+04   2.90e+05   0.08       < 0.111 0.956 >
2023-02-17 15:23:12 [02/17/23 15:23:12    4.49s]: 17874   3556       525        2503       192254     547206259  4101       5.42e-05   2.63e+04   3.03e+05   0.09       < 0.114 0.949 >
2023-02-17 15:23:16 [02/17/23 15:23:16    4.57s]: 18536   3082       353        2375       201521     553446304  4297       4.90e-05   2.21e+04   3.14e+05   0.09       < 0.116 0.959 >
2023-02-17 15:23:21 [02/17/23 15:23:21    4.63s]: 19198   2360       325        2233       210161     559009063  4437       3.93e-05   1.83e+04   3.26e+05   0.10       < 0.118 0.939 >
2023-02-17 15:23:25 [02/17/23 15:23:25    4.68s]: 19860   1939       165        1815       217748     563967692  4437       3.04e-05   1.15e+04   3.34e+05   0.10       < 0.118 0.932 >
2023-02-17 15:23:30 [02/17/23 15:23:30    4.75s]: 20522   1528       130        1411       223841     568388032  4450       2.07e-05   8.82e+03   3.38e+05   0.10       < 0.118 0.936 >
2023-02-17 15:23:35 [02/17/23 15:23:35    4.70s]: 21184   980        46         1049       228740     572328628  4308       1.41e-05   4.84e+03   3.26e+05   0.10       < 0.118 0.954 >
2023-02-17 15:23:39 [02/17/23 15:23:39    4.53s]: 21846   510        24         660        232041     575841478  3701       7.01e-06   2.10e+03   3.14e+05   0.10       < 0.117 0.961 >
2023-02-17 15:23:44 [02/17/23 15:23:44    4.27s]: 22508   330        14         371        233979     578973312  2902       4.34e-06   1.32e+03   2.90e+05   0.10       < 0.114 0.957 >
2023-02-17 15:23:48 [02/17/23 15:23:48    3.86s]: 23170   215        6          246        235122     581765633  2054       3.47e-06   8.92e+02   2.72e+05   0.10       < 0.110 0.944 >
2023-02-17 15:23:51 [02/17/23 15:23:51    3.47s]: 23832   188        7          129        235850     584254884  1310       2.04e-06   3.92e+02   2.61e+05   0.10       < 0.104 0.966 >
2023-02-17 15:23:54 [02/17/23 15:23:54    3.05s]: 24494   179        10         161        236370     586473991  804        2.37e-06   9.48e+02   2.55e+05   0.11       < 0.092 0.948 >
2023-02-17 15:23:57 [02/17/23 15:23:57    2.65s]: 25156   136        3          124        236947     588452275  605        1.71e-06   4.54e+02   2.56e+05   0.11       < 0.074 0.923 >
2023-02-17 15:23:59 [02/17/23 15:23:59    2.16s]: 25818   101        2          103        237384     590215619  592        1.44e-06   3.06e+02   2.55e+05   0.11       < 0.055 0.914 >
2023-02-17 15:24:01 [02/17/23 15:24:01    1.67s]: 26480   41         0          63         237769     591787502  559        6.06e-07   9.45e+01   2.56e+05   0.11       < 0.037 0.840 >
2023-02-17 15:24:02 [02/17/23 15:24:02    1.40s]: 27142   24         0          40         237972     593188802  529        2.58e-07   5.31e+01   2.51e+05   0.11       < 0.024 0.881 >
2023-02-17 15:24:03 [02/17/23 15:24:03    1.05s]: 27804   5          0          8          238085     594438073  392        9.54e-10   4.96e+00   2.45e+05   0.11       < 0.019 0.821 >
2023-02-17 15:24:04 [02/17/23 15:24:04    0.89s]: 28466   0          0          1          238105     595551748  153        0.00e+00   3.49e-01   2.38e+05   0.11       < 0.017 0.851 >
2023-02-17 15:24:05 [02/17/23 15:24:05    0.78s]: 29128   0          0          0          238107     596544571  39         0.00e+00   2.46e-02   2.38e+05   0.11       < 0.015 0.816 >
2023-02-17 15:24:05 [02/17/23 15:24:05    0.70s]: 29790   0          0          0          238107     597429513  0          0.00e+00   1.73e-03   2.38e+05   0.11       < 0.012 0.806 >
2023-02-17 15:24:06 [02/17/23 15:24:06    0.63s]: 30452   0          0          0          238107     598218401  0          0.00e+00   1.20e-04   2.38e+05   0.11       < 0.008 0.764 >
2023-02-17 15:24:07 [02/17/23 15:24:07    0.53s]: 31114   0          0          0          238107     598921592  0          0.00e+00   7.36e-06   2.38e+05   0.11       < 0.003 0.586 >
2023-02-17 15:24:07 [02/17/23 15:24:07    0.43s]: 31776   0          0          0          238107     599548572  0          0.00e+00   6.45e-08   2.38e+05   0.11       < 0.000 0.095 >
2023-02-17 15:24:07 [02/17/23 15:24:07    0.36s]: 32438   0          0          0          238107     600107492  0          0.00e+00   0.00e+00   2.38e+05   0.11       < 0.000 1.000 >
2023-02-17 15:24:08 [02/17/23 15:24:08    0.36s]: 33100   0          0          0          238107     600605589  0          0.00e+00   0.00e+00   2.38e+05   0.11       < 0.000 1.000 >
2023-02-17 15:24:08 [02/17/23 15:24:08    0.01s]: 33119   0          0          0          238107     600619064  0          0.00e+00   0.00e+00   2.38e+05   0.11       < 0.000 1.000 >
2023-02-17 15:24:08  ---  main.cpp:generate tcells took  avg 0.00 s max 0.00 s balance 0.72  --- 
2023-02-17 15:24:08  ---  main.cpp:update circulating tcells took  avg 9.04 s max 9.57 s balance 0.94  --- 
2023-02-17 15:24:08  ---  main.cpp:update tcells took  avg 7.91 s max 8.88 s balance 0.89  --- 
2023-02-17 15:24:08  ---  main.cpp:update epicells took  avg 4.16 s max 4.31 s balance 0.97  --- 
2023-02-17 15:24:08  ---  main.cpp:update concentrations took  avg 17.01 s max 17.67 s balance 0.96  --- 
2023-02-17 15:24:08  ---  main.cpp:compute updates took  avg 66.17 s max 66.18 s balance 1.00  --- 
2023-02-17 15:24:08  ---  main.cpp:dispatch updates took  avg 30.81 s max 32.85 s balance 0.94  --- 
2023-02-17 15:24:08  ---  main.cpp:add new actives took  avg 1.83 s max 1.91 s balance 0.96  --- 
2023-02-17 15:24:08  ---  main.cpp:erase inactive took  avg 9.15 s max 9.53 s balance 0.96  --- 
2023-02-17 15:24:08  ---  main.cpp:sample took  avg 0.00 s max 0.00 s balance -nan  --- 
2023-02-17 15:24:08  ---  main.cpp:sample write took  avg 0.00 s max 0.00 s balance -nan  --- 
2023-02-17 15:24:08  ---  main.cpp:log took  avg 1.68 s max 1.69 s balance 0.99  --- 
2023-02-17 15:24:08 Finished 33120 time steps in 116.2808 s (0.0035 s per step)
2023-02-17 15:24:08  --- Elapsed time for main.cpp:run_sim:  (exiting barrier) 2023-02-17 15:24:08 ...
2023-02-17 15:24:08           ... (min/my/avg/max, bal) (116.28/116.28/116.28/116.28 s, 1.00) barrier(0.00 s) --- 
2023-02-17 15:24:08 Peak memory used across all nodes: 21.95GB
2023-02-17 15:24:08 Finished in 120.09 s at 02/17/23 15:24:08 for SimCov version 0.1.1.8024051-dirty
