2023-02-16 22:16:56 SimCov version SimCov version 0.1.1.8024051-dirty-master built on 20230202_133339
2023-02-16 22:16:56 _________________________
2023-02-16 22:16:56 Compiler definitions:
2023-02-16 22:16:56   _XOPEN_SOURCE=700
2023-02-16 22:16:56   CONFIG_USE_COLORS
2023-02-16 22:16:56   USE_BYTELL
2023-02-16 22:16:56   MAX_VIRIONS=125000
2023-02-16 22:16:56   MIN_VIRIONS=1e-10
2023-02-16 22:16:56   BLOCK_PARTITION
2023-02-16 22:16:56   MIN_BLOCKS_PER_PROC=1
2023-02-16 22:16:56   AVERAGE_SUBSAMPLE
2023-02-16 22:16:56 _________________________
2023-02-16 22:16:56 Options:
2023-02-16 22:16:56   dim =                         15000 15000 1
2023-02-16 22:16:56   whole-lung-dim =              48000 40000 20000
2023-02-16 22:16:56   timesteps =                   33120
2023-02-16 22:16:56   infection-coords =            uniform:1
2023-02-16 22:16:56   initial-infection =           1000
2023-02-16 22:16:56   incubation-period =           600
2023-02-16 22:16:56   apoptosis-period =            120
2023-02-16 22:16:56   expressing-period =           1100
2023-02-16 22:16:56   infectivity =                 0.002
2023-02-16 22:16:56   infectivity-multiplier =      0.9
2023-02-16 22:16:56   virion-production =           1.1
2023-02-16 22:16:56   virion-production-multiplier = 1.0
2023-02-16 22:16:56   virion-clearance =            0.002
2023-02-16 22:16:56   virion-diffusion =            0.2
2023-02-16 22:16:56   chemokine-production =        1.0
2023-02-16 22:16:56   chemokine-decay =             0.01
2023-02-16 22:16:56   chemokine-diffusion =         1.0
2023-02-16 22:16:56   min-chemokine =               1e-6
2023-02-16 22:16:56   antibody-factor =             0.8
2023-02-16 22:16:56   antibody-period =             5760
2023-02-16 22:16:56   tcell-generation-rate =       130000
2023-02-16 22:16:56   tcell-initial-delay =         9000
2023-02-16 22:16:56   tcell-vascular-period =       5760
2023-02-16 22:16:56   tcell-tissue-period =         1600
2023-02-16 22:16:56   tcell-binding-period =        7
2023-02-16 22:16:56   max-binding-prob =            1
2023-02-16 22:16:56   tcells-follow-gradient =      false
2023-02-16 22:16:56   seed =                        2
2023-02-16 22:16:56   sample-period =               0
2023-02-16 22:16:56   sample-resolution =           1
2023-02-16 22:16:56   max-block-dim =               10
2023-02-16 22:16:56   output =                      results/chaotic/c7-2
2023-02-16 22:16:56 _________________________
2023-02-16 22:16:56 Starting run with 64 processes on 2 nodes at 02/16/23 22:16:56
2023-02-16 22:16:56 Pinned processes, with process 0 (pid 3876609) pinned to core 0
2023-02-16 22:16:56 Using block partitioning
2023-02-16 22:16:56 Initial free memory across all nodes: 152.26GB
2023-02-16 22:16:56 Starting with 76.41GB free on node 0
2023-02-16 22:16:56 Dividing 225000000 grid points into 3515625 squares of size 64 (8^2), with 54932 per process
2023-02-16 22:16:56 Total initial memory required per process is at least 281.63MB with each grid point requiring on average 84 bytes
2023-02-16 22:16:59  --- Elapsed time for tissue.cpp:Tissue:  (exiting barrier) 2023-02-16 22:16:59 ...
2023-02-16 22:16:59           ... (min/my/avg/max, bal) (3.52/3.53/3.52/3.53 s, 1.00) barrier(0.00 s) --- 
2023-02-16 22:16:59 Memory used on node 0 after initialization is  10.91GB
2023-02-16 22:16:59           ... (min/my/avg/max, bal) No-Time barrier(0.00 s) --- 
2023-02-16 22:16:59 Fraction of circulating T cells extravasating is 5.85938e-06
2023-02-16 22:16:59 # datetime                    step    incb       expr       apop       dead       tvas       ttis       chem       virs       chempts    %infct     <%active  lbln>
2023-02-16 22:16:59 [0] <main.cpp:141> WARNING: Time step 0: SUCCESSFUL initial infection at (7500, 7500, 0) after 0 tries
2023-02-16 22:16:59 [02/16/23 22:16:59    0.00s]: 0       1          0          0          0          0          0          0.00e+00   0.00e+00   1.00e+00   0.00       < 0.000 0.016 >
2023-02-16 22:17:00 [02/16/23 22:17:00    0.32s]: 662     306        52         0          0          0          0          9.39e-07   2.10e+03   3.15e+03   0.00       < 0.005 0.684 >
2023-02-16 22:17:00 [02/16/23 22:17:00    0.33s]: 1324    1788       403        0          0          0          0          8.12e-06   1.11e+05   1.77e+04   0.00       < 0.009 0.792 >
2023-02-16 22:17:00 [02/16/23 22:17:00    0.45s]: 1986    2247       2215       0          201        0          0          1.87e-05   6.00e+05   2.42e+04   0.00       < 0.012 0.807 >
2023-02-16 22:17:01 [02/16/23 22:17:01    0.56s]: 2648    3969       4124       0          868        0          0          3.43e-05   1.53e+06   3.40e+04   0.00       < 0.016 0.880 >
2023-02-16 22:17:02 [02/16/23 22:17:02    0.75s]: 3310    4402       6217       0          3174       0          0          5.05e-05   2.54e+06   4.25e+04   0.01       < 0.020 0.848 >
2023-02-16 22:17:03 [02/16/23 22:17:03    0.82s]: 3972    5939       8085       0          6275       0          0          6.71e-05   3.64e+06   5.39e+04   0.01       < 0.025 0.863 >
2023-02-16 22:17:04 [02/16/23 22:17:04    0.99s]: 4634    6872       10110      0          10841      0          0          8.31e-05   4.67e+06   6.61e+04   0.01       < 0.031 0.923 >
2023-02-16 22:17:05 [02/16/23 22:17:05    1.15s]: 5296    8383       12126      0          16502      0          0          9.99e-05   5.82e+06   8.09e+04   0.02       < 0.037 0.920 >
2023-02-16 22:17:06 [02/16/23 22:17:06    1.32s]: 5958    9612       14471      0          23442      0          0          1.19e-04   7.47e+06   9.53e+04   0.02       < 0.044 0.947 >
2023-02-16 22:17:08 [02/16/23 22:17:08    1.55s]: 6620    10607      16958      0          31619      0          0          1.37e-04   9.75e+06   1.11e+05   0.03       < 0.051 0.919 >
2023-02-16 22:17:09 [02/16/23 22:17:09    1.83s]: 7282    11816      19003      0          41363      0          0          1.56e-04   1.15e+07   1.29e+05   0.03       < 0.059 0.959 >
2023-02-16 22:17:11 [02/16/23 22:17:11    2.07s]: 7944    13156      21155      0          52371      0          0          1.71e-04   1.30e+07   1.48e+05   0.04       < 0.068 0.954 >
2023-02-16 22:17:14 [02/16/23 22:17:14    2.31s]: 8606    14615      23350      0          64699      0          0          1.92e-04   1.46e+07   1.69e+05   0.05       < 0.077 0.936 >
2023-02-16 22:17:16 [02/16/23 22:17:16    2.59s]: 9268    15219      25951      22         78262      34038900   21         2.10e-04   1.62e+07   1.90e+05   0.05       < 0.087 0.964 >
2023-02-16 22:17:19 [02/16/23 22:17:19    2.96s]: 9930    16250      26931      598        94010      111633926  237        2.25e-04   1.76e+07   2.13e+05   0.06       < 0.097 0.962 >
2023-02-16 22:17:23 [02/16/23 22:17:23    3.37s]: 10592   15831      24296      2014       114776     180803474  755        2.36e-04   1.81e+07   2.37e+05   0.07       < 0.108 0.971 >
2023-02-16 22:17:27 [02/16/23 22:17:27    3.90s]: 11254   15288      18597      3199       140004     242462172  1429       2.37e-04   1.64e+07   2.62e+05   0.08       < 0.120 0.956 >
2023-02-16 22:17:31 [02/16/23 22:17:31    4.42s]: 11916   13959      12795      4084       166344     297425670  2121       2.29e-04   1.35e+07   2.86e+05   0.09       < 0.132 0.981 >
2023-02-16 22:17:36 [02/16/23 22:17:36    4.98s]: 12578   13338      7026       4392       193024     346420993  2758       2.06e-04   9.81e+06   3.10e+05   0.10       < 0.145 0.961 >
2023-02-16 22:17:42 [02/16/23 22:17:42    5.59s]: 13240   11833      4068       4304       217900     390095959  3463       1.65e-04   6.54e+06   3.34e+05   0.11       < 0.157 0.971 >
2023-02-16 22:17:48 [02/16/23 22:17:48    6.14s]: 13902   11201      2079       4055       241195     429028480  4048       1.30e-04   4.12e+06   3.58e+05   0.11       < 0.169 0.967 >
2023-02-16 22:17:54 [02/16/23 22:17:54    6.67s]: 14564   10496      1221       4001       263150     463733586  4505       1.06e-04   2.53e+06   3.83e+05   0.12       < 0.181 0.972 >
2023-02-16 22:18:02 [02/16/23 22:18:02    7.20s]: 15226   9383       927        3967       284829     494670193  4826       8.96e-05   1.67e+06   4.06e+05   0.13       < 0.193 0.972 >
2023-02-16 22:18:09 [02/16/23 22:18:09    7.53s]: 15888   8348       513        3646       306128     522247764  5208       6.93e-05   1.11e+06   4.28e+05   0.14       < 0.205 0.974 >
2023-02-16 22:18:17 [02/16/23 22:18:17    8.13s]: 16550   6752       369        3413       325963     546830548  5572       5.27e-05   7.21e+05   4.48e+05   0.15       < 0.217 0.973 >
2023-02-16 22:18:26 [02/16/23 22:18:26    8.75s]: 17212   5124       172        3050       344322     568744030  5924       3.48e-05   4.65e+05   4.65e+05   0.16       < 0.229 0.981 >
2023-02-16 22:18:35 [02/16/23 22:18:35    9.14s]: 17874   3740       49         2576       360042     588278300  5995       1.91e-05   2.63e+05   4.73e+05   0.16       < 0.241 0.975 >
2023-02-16 22:18:45 [02/16/23 22:18:45    9.45s]: 18536   2481       24         1934       372834     605691649  5855       8.64e-06   1.23e+05   4.81e+05   0.17       < 0.252 0.981 >
2023-02-16 22:18:54 [02/16/23 22:18:54    9.67s]: 19198   1614       21         1375       382101     621214366  5381       3.89e-06   6.28e+04   4.72e+05   0.17       < 0.263 0.986 >
2023-02-16 22:19:04 [02/16/23 22:19:04    9.76s]: 19860   887        3          838        388341     635052234  4387       2.25e-06   3.01e+04   4.49e+05   0.17       < 0.273 0.973 >
2023-02-16 22:19:14 [02/16/23 22:19:14    9.92s]: 20522   655        8          477        392136     647387984  3277       1.85e-06   1.50e+04   4.34e+05   0.17       < 0.282 0.977 >
2023-02-16 22:19:24 [02/16/23 22:19:24   10.11s]: 21184   1009       18         419        394616     658384633  2365       4.07e-06   1.27e+04   4.62e+05   0.18       < 0.290 0.981 >
2023-02-16 22:19:35 [02/16/23 22:19:35   10.79s]: 21846   2547       85         979        398175     668186263  2870       1.29e-05   3.46e+04   5.32e+05   0.18       < 0.297 0.977 >
2023-02-16 22:19:46 [02/16/23 22:19:46   11.46s]: 22508   4853       202        2331       406801     676922939  4551       2.38e-05   9.93e+04   5.63e+05   0.18       < 0.304 0.976 >
2023-02-16 22:19:58 [02/16/23 22:19:58   12.11s]: 23170   4682       153        3048       421744     684710637  6120       2.66e-05   1.86e+05   5.74e+05   0.19       < 0.312 0.975 >
2023-02-16 22:20:11 [02/16/23 22:20:11   12.57s]: 23832   3033       35         2404       437455     691652743  6867       1.24e-05   1.29e+05   5.71e+05   0.20       < 0.319 0.982 >
2023-02-16 22:20:24 [02/16/23 22:20:24   12.65s]: 24494   1734       33         1618       449036     697841387  6526       5.35e-06   6.84e+04   5.53e+05   0.20       < 0.328 0.984 >
2023-02-16 22:20:36 [02/16/23 22:20:36   12.67s]: 25156   1241       8          1006       456461     703358639  5435       2.85e-06   3.35e+04   5.36e+05   0.20       < 0.337 0.985 >
2023-02-16 22:20:49 [02/16/23 22:20:49   12.48s]: 25818   1043       16         732        461393     708277298  4167       4.43e-06   2.60e+04   5.33e+05   0.21       < 0.342 0.979 >
2023-02-16 22:21:02 [02/16/23 22:21:02   12.75s]: 26480   1945       30         927        465801     712661406  3894       5.96e-06   2.20e+04   5.89e+05   0.21       < 0.346 0.986 >
2023-02-16 22:21:15 [02/16/23 22:21:15   13.31s]: 27142   4298       110        1949       472507     716568410  5188       1.83e-05   6.57e+04   6.27e+05   0.21       < 0.348 0.977 >
2023-02-16 22:21:29 [02/16/23 22:21:29   13.74s]: 27804   4582       153        2720       485775     720051142  6753       2.90e-05   1.50e+05   6.45e+05   0.22       < 0.349 0.982 >
2023-02-16 22:21:43 [02/16/23 22:21:43   14.01s]: 28466   3929       142        2575       501022     723155388  7612       1.84e-05   1.44e+05   6.57e+05   0.23       < 0.348 0.975 >
2023-02-16 22:21:56 [02/16/23 22:21:56   13.90s]: 29128   3598       100        2391       514810     725922945  7569       1.71e-05   1.50e+05   6.65e+05   0.23       < 0.346 0.981 >
2023-02-16 22:22:10 [02/16/23 22:22:10   13.83s]: 29790   3240       118        2175       527375     728389924  7279       1.81e-05   1.47e+05   6.62e+05   0.24       < 0.344 0.984 >
2023-02-16 22:22:24 [02/16/23 22:22:24   13.54s]: 30452   2567       71         1959       538923     730589527  6709       1.14e-05   1.21e+05   6.67e+05   0.24       < 0.344 0.980 >
2023-02-16 22:22:37 [02/16/23 22:22:37   13.62s]: 31114   2715       29         1809       549052     732550197  6414       8.82e-06   7.69e+04   6.94e+05   0.25       < 0.349 0.982 >
2023-02-16 22:22:51 [02/16/23 22:22:51   13.99s]: 31776   3477       73         2180       559545     734297564  6762       1.34e-05   7.04e+04   7.22e+05   0.25       < 0.357 0.980 >
2023-02-16 22:23:06 [02/16/23 22:23:06   14.71s]: 32438   4010       87         2503       572347     735854768  7759       1.63e-05   9.23e+04   7.39e+05   0.26       < 0.366 0.974 >
2023-02-16 22:23:21 [02/16/23 22:23:21   15.33s]: 33100   4941       82         2857       586789     737242744  8591       2.10e-05   1.06e+05   7.56e+05   0.26       < 0.375 0.971 >
2023-02-16 22:23:22 [02/16/23 22:23:22    0.45s]: 33119   4925       81         2831       587276     737280279  8616       2.08e-05   1.06e+05   7.57e+05   0.26       < 0.376 0.972 >
2023-02-16 22:23:22  ---  main.cpp:generate tcells took  avg 0.01 s max 0.01 s balance 0.78  --- 
2023-02-16 22:23:22  ---  main.cpp:update circulating tcells took  avg 9.52 s max 10.09 s balance 0.94  --- 
2023-02-16 22:23:22  ---  main.cpp:update tcells took  avg 18.33 s max 20.21 s balance 0.91  --- 
2023-02-16 22:23:22  ---  main.cpp:update epicells took  avg 13.55 s max 14.48 s balance 0.94  --- 
2023-02-16 22:23:22  ---  main.cpp:update concentrations took  avg 77.17 s max 79.07 s balance 0.98  --- 
2023-02-16 22:23:22  ---  main.cpp:compute updates took  avg 220.30 s max 220.33 s balance 1.00  --- 
2023-02-16 22:23:22  ---  main.cpp:dispatch updates took  avg 94.72 s max 101.54 s balance 0.93  --- 
2023-02-16 22:23:22  ---  main.cpp:add new actives took  avg 4.69 s max 4.85 s balance 0.97  --- 
2023-02-16 22:23:22  ---  main.cpp:erase inactive took  avg 44.23 s max 45.21 s balance 0.98  --- 
2023-02-16 22:23:22  ---  main.cpp:sample took  avg 0.00 s max 0.00 s balance -nan  --- 
2023-02-16 22:23:22  ---  main.cpp:sample write took  avg 0.00 s max 0.00 s balance -nan  --- 
2023-02-16 22:23:22  ---  main.cpp:log took  avg 2.27 s max 2.28 s balance 0.99  --- 
2023-02-16 22:23:22 Finished 33120 time steps in 382.6129 s (0.0116 s per step)
2023-02-16 22:23:22  --- Elapsed time for main.cpp:run_sim:  (exiting barrier) 2023-02-16 22:23:22 ...
2023-02-16 22:23:22           ... (min/my/avg/max, bal) (382.61/382.61/382.61/382.61 s, 1.00) barrier(0.00 s) --- 
2023-02-16 22:23:22 Peak memory used across all nodes: 22.10GB
2023-02-16 22:23:22 Finished in 386.70 s at 02/16/23 22:23:22 for SimCov version 0.1.1.8024051-dirty
