2023-02-13 21:33:05 SimCov version SimCov version 0.1.1.8024051-dirty-master built on 20230202_133339
2023-02-13 21:33:05 _________________________
2023-02-13 21:33:05 Compiler definitions:
2023-02-13 21:33:05   _XOPEN_SOURCE=700
2023-02-13 21:33:05   CONFIG_USE_COLORS
2023-02-13 21:33:05   USE_BYTELL
2023-02-13 21:33:05   MAX_VIRIONS=125000
2023-02-13 21:33:05   MIN_VIRIONS=1e-10
2023-02-13 21:33:05   BLOCK_PARTITION
2023-02-13 21:33:05   MIN_BLOCKS_PER_PROC=1
2023-02-13 21:33:05   AVERAGE_SUBSAMPLE
2023-02-13 21:33:05 _________________________
2023-02-13 21:33:05 Options:
2023-02-13 21:33:05   dim =                         15000 15000 1
2023-02-13 21:33:05   whole-lung-dim =              48000 40000 20000
2023-02-13 21:33:05   timesteps =                   33120
2023-02-13 21:33:05   infection-coords =            uniform:1
2023-02-13 21:33:05   initial-infection =           1000
2023-02-13 21:33:05   incubation-period =           480
2023-02-13 21:33:05   apoptosis-period =            180
2023-02-13 21:33:05   expressing-period =           900
2023-02-13 21:33:05   infectivity =                 0.01
2023-02-13 21:33:05   infectivity-multiplier =      1.0
2023-02-13 21:33:05   virion-production =           0.11
2023-02-13 21:33:05   virion-production-multiplier = 1.0
2023-02-13 21:33:05   virion-clearance =            0.002
2023-02-13 21:33:05   virion-diffusion =            0.15
2023-02-13 21:33:05   chemokine-production =        1.0
2023-02-13 21:33:05   chemokine-decay =             0.01
2023-02-13 21:33:05   chemokine-diffusion =         1.0
2023-02-13 21:33:05   min-chemokine =               1e-6
2023-02-13 21:33:05   antibody-factor =             1
2023-02-13 21:33:05   antibody-period =             1150
2023-02-13 21:33:05   tcell-generation-rate =       105000
2023-02-13 21:33:05   tcell-initial-delay =         4320
2023-02-13 21:33:05   tcell-vascular-period =       5760
2023-02-13 21:33:05   tcell-tissue-period =         1440
2023-02-13 21:33:05   tcell-binding-period =        10
2023-02-13 21:33:05   max-binding-prob =            1
2023-02-13 21:33:05   tcells-follow-gradient =      false
2023-02-13 21:33:05   seed =                        4
2023-02-13 21:33:05   sample-period =               0
2023-02-13 21:33:05   sample-resolution =           1
2023-02-13 21:33:05   max-block-dim =               10
2023-02-13 21:33:05   output =                      results/stable/c5_r4-results
2023-02-13 21:33:05 _________________________
2023-02-13 21:33:05 Starting run with 64 processes on 2 nodes at 02/13/23 21:33:05
2023-02-13 21:33:05 Pinned processes, with process 0 (pid 3902891) pinned to core 0
2023-02-13 21:33:05 Using block partitioning
2023-02-13 21:33:05 Initial free memory across all nodes: 150.61GB
2023-02-13 21:33:05 Starting with 75.57GB free on node 0
2023-02-13 21:33:05 Dividing 225000000 grid points into 3515625 squares of size 64 (8^2), with 54932 per process
2023-02-13 21:33:05 Total initial memory required per process is at least 281.63MB with each grid point requiring on average 84 bytes
2023-02-13 21:33:08  --- Elapsed time for tissue.cpp:Tissue:  (exiting barrier) 2023-02-13 21:33:08 ...
2023-02-13 21:33:08           ... (min/my/avg/max, bal) (3.52/3.52/3.52/3.52 s, 1.00) barrier(0.00 s) --- 
2023-02-13 21:33:08 Memory used on node 0 after initialization is  10.90GB
2023-02-13 21:33:08           ... (min/my/avg/max, bal) No-Time barrier(0.00 s) --- 
2023-02-13 21:33:08 Fraction of circulating T cells extravasating is 5.85938e-06
2023-02-13 21:33:08 # datetime                    step    incb       expr       apop       dead       tvas       ttis       chem       virs       chempts    %infct     <%active  lbln>
2023-02-13 21:33:08 [0] <main.cpp:141> WARNING: Time step 0: SUCCESSFUL initial infection at (7500, 7500, 0) after 0 tries
2023-02-13 21:33:08 [02/13/23 21:33:08    0.00s]: 0       1          0          0          0          0          0          0.00e+00   0.00e+00   1.00e+00   0.00       < 0.000 0.016 >
2023-02-13 21:33:09 [02/13/23 21:33:09    0.16s]: 662     459        243        0          0          0          0          2.80e-06   2.40e+03   7.49e+03   0.00       < 0.004 0.614 >
2023-02-13 21:33:09 [02/13/23 21:33:09    0.32s]: 1324    1355       1027       0          2          0          0          1.05e-05   2.69e+04   1.99e+04   0.00       < 0.009 0.808 >
2023-02-13 21:33:09 [02/13/23 21:33:09    0.42s]: 1986    1881       2318       0          652        0          0          2.08e-05   7.84e+04   2.62e+04   0.00       < 0.012 0.799 >
2023-02-13 21:33:10 [02/13/23 21:33:10    0.52s]: 2648    2638       3494       0          2218       0          0          3.24e-05   1.44e+05   3.43e+04   0.00       < 0.015 0.872 >
2023-02-13 21:33:10 [02/13/23 21:33:10    0.63s]: 3310    3420       4878       0          4611       0          0          4.43e-05   2.13e+05   4.33e+04   0.01       < 0.019 0.842 >
2023-02-13 21:33:11 [02/13/23 21:33:11    0.76s]: 3972    4181       6328       0          8022       0          0          5.78e-05   2.88e+05   5.34e+04   0.01       < 0.024 0.914 >
2023-02-13 21:33:12 [02/13/23 21:33:12    0.98s]: 4634    4813       7751       22         12473      32084613   6          7.08e-05   3.67e+05   6.41e+04   0.01       < 0.028 0.917 >
2023-02-13 21:33:13 [02/13/23 21:33:13    1.10s]: 5296    5478       8816       196        18168      94258943   89         8.29e-05   4.37e+05   7.62e+04   0.01       < 0.034 0.889 >
2023-02-13 21:33:15 [02/13/23 21:33:15    1.31s]: 5958    5758       9063       801        25377      149682370  276        9.33e-05   4.96e+05   8.90e+04   0.02       < 0.040 0.927 >
2023-02-13 21:33:16 [02/13/23 21:33:16    1.52s]: 6620    6042       8234       1390       34452      199087766  507        1.02e-04   5.07e+05   1.02e+05   0.02       < 0.045 0.942 >
2023-02-13 21:33:18 [02/13/23 21:33:18    1.74s]: 7282    6075       6766       1950       44925      243128541  756        1.08e-04   4.73e+05   1.15e+05   0.03       < 0.051 0.920 >
2023-02-13 21:33:20 [02/13/23 21:33:20    2.03s]: 7944    6620       6416       2054       55037      282387228  1025       1.14e-04   4.29e+05   1.30e+05   0.03       < 0.058 0.933 >
2023-02-13 21:33:22 [02/13/23 21:33:22    2.26s]: 8606    6395       6564       2587       65528      317383054  1335       1.18e-04   4.32e+05   1.45e+05   0.04       < 0.064 0.945 >
2023-02-13 21:33:25 [02/13/23 21:33:25    2.51s]: 9268    6686       5374       2734       77774      348578744  1595       1.23e-04   4.02e+05   1.60e+05   0.04       < 0.071 0.944 >
2023-02-13 21:33:27 [02/13/23 21:33:27    2.81s]: 9930    6629       4903       3036       89998      376387054  1854       1.23e-04   3.70e+05   1.76e+05   0.05       < 0.078 0.939 >
2023-02-13 21:33:30 [02/13/23 21:33:30    3.00s]: 10592   6822       3951       3334       102955     401175849  2183       1.23e-04   3.36e+05   1.92e+05   0.05       < 0.085 0.963 >
2023-02-13 21:33:34 [02/13/23 21:33:34    3.26s]: 11254   7358       3552       3335       115805     423272918  2442       1.25e-04   3.01e+05   2.09e+05   0.06       < 0.093 0.947 >
2023-02-13 21:33:37 [02/13/23 21:33:37    3.56s]: 11916   7180       3642       3691       129026     442970532  2745       1.25e-04   2.91e+05   2.26e+05   0.06       < 0.100 0.960 >
2023-02-13 21:33:41 [02/13/23 21:33:41    3.97s]: 12578   7484       3269       3878       143282     460529232  3084       1.26e-04   2.78e+05   2.44e+05   0.07       < 0.109 0.967 >
2023-02-13 21:33:45 [02/13/23 21:33:45    4.20s]: 13240   7545       3023       3988       157890     476181488  3271       1.27e-04   2.68e+05   2.62e+05   0.08       < 0.116 0.947 >
2023-02-13 21:33:50 [02/13/23 21:33:50    4.54s]: 13902   7703       2669       4169       173075     490134077  3595       1.28e-04   2.47e+05   2.81e+05   0.08       < 0.125 0.961 >
2023-02-13 21:33:55 [02/13/23 21:33:55    4.84s]: 14564   7302       2460       4477       188876     502571423  3977       1.25e-04   2.31e+05   3.00e+05   0.09       < 0.133 0.954 >
2023-02-13 21:34:00 [02/13/23 21:34:00    5.16s]: 15226   7191       1658       4242       205614     513658212  4224       1.17e-04   1.94e+05   3.18e+05   0.10       < 0.142 0.961 >
2023-02-13 21:34:06 [02/13/23 21:34:06    5.72s]: 15888   7515       1755       4010       221261     523541020  4428       1.13e-04   1.65e+05   3.38e+05   0.10       < 0.150 0.975 >
2023-02-13 21:34:12 [02/13/23 21:34:12    6.05s]: 16550   7602       1824       4419       237064     532350832  4552       1.19e-04   1.67e+05   3.57e+05   0.11       < 0.159 0.974 >
2023-02-13 21:34:18 [02/13/23 21:34:18    6.30s]: 17212   7924       1606       4367       253942     540203813  4771       1.20e-04   1.60e+05   3.78e+05   0.12       < 0.168 0.971 >
2023-02-13 21:34:25 [02/13/23 21:34:25    6.70s]: 17874   8280       1691       4813       270778     547203953  5064       1.28e-04   1.63e+05   3.99e+05   0.13       < 0.178 0.963 >
2023-02-13 21:34:32 [02/13/23 21:34:32    7.05s]: 18536   7975       1487       5185       289219     553443967  5354       1.29e-04   1.61e+05   4.21e+05   0.14       < 0.187 0.965 >
2023-02-13 21:34:39 [02/13/23 21:34:39    7.39s]: 19198   7751       1302       5006       307764     559006281  5669       1.19e-04   1.49e+05   4.42e+05   0.14       < 0.195 0.965 >
2023-02-13 21:34:47 [02/13/23 21:34:47    7.73s]: 19860   7718       1355       4997       325904     563964707  5838       1.16e-04   1.37e+05   4.63e+05   0.15       < 0.202 0.975 >
2023-02-13 21:34:55 [02/13/23 21:34:55    8.04s]: 20522   7571       1246       5085       344358     568384453  6042       1.16e-04   1.29e+05   4.85e+05   0.16       < 0.209 0.980 >
2023-02-13 21:35:04 [02/13/23 21:35:04    8.59s]: 21184   7643       1029       5076       363170     572324299  6217       1.13e-04   1.16e+05   5.07e+05   0.17       < 0.216 0.970 >
2023-02-13 21:35:13 [02/13/23 21:35:13    9.13s]: 21846   7906       1176       5032       381702     575836431  6252       1.14e-04   1.11e+05   5.29e+05   0.18       < 0.222 0.965 >
2023-02-13 21:35:22 [02/13/23 21:35:22    9.41s]: 22508   8420       1220       5307       400859     578966885  6590       1.21e-04   1.18e+05   5.52e+05   0.18       < 0.229 0.971 >
2023-02-13 21:35:32 [02/13/23 21:35:32    9.63s]: 23170   8376       1176       5598       421135     581757472  6840       1.28e-04   1.22e+05   5.76e+05   0.19       < 0.235 0.957 >
2023-02-13 21:35:42 [02/13/23 21:35:42   10.01s]: 23832   8094       936        5732       442159     584244878  7028       1.19e-04   1.19e+05   5.99e+05   0.20       < 0.241 0.972 >
2023-02-13 21:35:52 [02/13/23 21:35:52   10.31s]: 24494   8198       804        5681       462844     586462074  7200       1.18e-04   1.04e+05   6.23e+05   0.21       < 0.247 0.985 >
2023-02-13 21:36:03 [02/13/23 21:36:03   10.73s]: 25156   8209       951        5654       483689     588438687  7366       1.14e-04   9.82e+04   6.48e+05   0.22       < 0.253 0.971 >
2023-02-13 21:36:14 [02/13/23 21:36:14   10.97s]: 25818   8462       902        5786       504729     590200791  7416       1.14e-04   9.97e+04   6.72e+05   0.23       < 0.259 0.967 >
2023-02-13 21:36:25 [02/13/23 21:36:25   11.16s]: 26480   8910       1082       5774       525739     591771281  7522       1.23e-04   1.04e+05   6.97e+05   0.24       < 0.265 0.971 >
2023-02-13 21:36:36 [02/13/23 21:36:36   11.36s]: 27142   8552       1069       6068       547916     593171176  7828       1.25e-04   1.15e+05   7.23e+05   0.25       < 0.271 0.974 >
2023-02-13 21:36:48 [02/13/23 21:36:48   11.70s]: 27804   8988       1107       6164       570185     594419087  7943       1.27e-04   1.13e+05   7.50e+05   0.26       < 0.277 0.966 >
2023-02-13 21:37:00 [02/13/23 21:37:00   12.08s]: 28466   9698       1023       6169       593270     595531398  8076       1.29e-04   1.11e+05   7.76e+05   0.27       < 0.283 0.972 >
2023-02-13 21:37:13 [02/13/23 21:37:13   12.72s]: 29128   9713       1191       6560       616871     596522717  8392       1.36e-04   1.20e+05   8.03e+05   0.28       < 0.289 0.975 >
2023-02-13 21:37:26 [02/13/23 21:37:26   12.94s]: 29790   10124      1200       6542       641293     597406212  8686       1.43e-04   1.22e+05   8.31e+05   0.29       < 0.295 0.977 >
2023-02-13 21:37:39 [02/13/23 21:37:39   13.29s]: 30452   10570      1510       6763       665962     598193846  8853       1.49e-04   1.35e+05   8.60e+05   0.30       < 0.301 0.975 >
2023-02-13 21:37:53 [02/13/23 21:37:53   13.58s]: 31114   9933       1392       6957       691871     598895837  9127       1.49e-04   1.46e+05   8.88e+05   0.32       < 0.308 0.974 >
2023-02-13 21:38:06 [02/13/23 21:38:06   13.92s]: 31776   9394       1230       6944       717241     599521372  9250       1.37e-04   1.40e+05   9.17e+05   0.33       < 0.314 0.976 >
2023-02-13 21:38:21 [02/13/23 21:38:21   14.14s]: 32438   9143       902        6785       742529     600078981  9424       1.29e-04   1.20e+05   9.44e+05   0.34       < 0.320 0.972 >
2023-02-13 21:38:35 [02/13/23 21:38:35   14.33s]: 33100   8986       807        6582       767384     600576289  9506       1.21e-04   9.95e+04   9.73e+05   0.35       < 0.325 0.973 >
2023-02-13 21:38:35 [02/13/23 21:38:35    0.42s]: 33119   9015       824        6515       768129     600589723  9518       1.21e-04   9.92e+04   9.73e+05   0.35       < 0.325 0.973 >
2023-02-13 21:38:35  ---  main.cpp:generate tcells took  avg 0.01 s max 0.01 s balance 0.72  --- 
2023-02-13 21:38:35  ---  main.cpp:update circulating tcells took  avg 9.62 s max 10.06 s balance 0.96  --- 
2023-02-13 21:38:35  ---  main.cpp:update tcells took  avg 21.46 s max 24.11 s balance 0.89  --- 
2023-02-13 21:38:35  ---  main.cpp:update epicells took  avg 10.08 s max 10.28 s balance 0.98  --- 
2023-02-13 21:38:35  ---  main.cpp:update concentrations took  avg 62.38 s max 64.12 s balance 0.97  --- 
2023-02-13 21:38:35  ---  main.cpp:compute updates took  avg 185.71 s max 185.74 s balance 1.00  --- 
2023-02-13 21:38:35  ---  main.cpp:dispatch updates took  avg 85.79 s max 91.20 s balance 0.94  --- 
2023-02-13 21:38:35  ---  main.cpp:add new actives took  avg 4.07 s max 4.19 s balance 0.97  --- 
2023-02-13 21:38:35  ---  main.cpp:erase inactive took  avg 34.19 s max 35.28 s balance 0.97  --- 
2023-02-13 21:38:35  ---  main.cpp:sample took  avg 0.00 s max 0.00 s balance -nan  --- 
2023-02-13 21:38:35  ---  main.cpp:sample write took  avg 0.00 s max 0.00 s balance -nan  --- 
2023-02-13 21:38:35  ---  main.cpp:log took  avg 2.23 s max 2.25 s balance 0.99  --- 
2023-02-13 21:38:35 Finished 33120 time steps in 327.0025 s (0.0099 s per step)
2023-02-13 21:38:35  --- Elapsed time for main.cpp:run_sim:  (exiting barrier) 2023-02-13 21:38:35 ...
2023-02-13 21:38:35           ... (min/my/avg/max, bal) (327.00/327.00/327.00/327.00 s, 1.00) barrier(0.00 s) --- 
2023-02-13 21:38:35 Peak memory used across all nodes: 22.09GB
2023-02-13 21:38:35 Finished in 330.70 s at 02/13/23 21:38:35 for SimCov version 0.1.1.8024051-dirty
