2023-02-17 15:19:35 SimCov version SimCov version 0.1.1.8024051-dirty-master built on 20230202_133339
2023-02-17 15:19:35 _________________________
2023-02-17 15:19:35 Compiler definitions:
2023-02-17 15:19:35   _XOPEN_SOURCE=700
2023-02-17 15:19:35   CONFIG_USE_COLORS
2023-02-17 15:19:35   USE_BYTELL
2023-02-17 15:19:35   MAX_VIRIONS=125000
2023-02-17 15:19:35   MIN_VIRIONS=1e-10
2023-02-17 15:19:35   BLOCK_PARTITION
2023-02-17 15:19:35   MIN_BLOCKS_PER_PROC=1
2023-02-17 15:19:35   AVERAGE_SUBSAMPLE
2023-02-17 15:19:35 _________________________
2023-02-17 15:19:35 Options:
2023-02-17 15:19:35   dim =                         15000 15000 1
2023-02-17 15:19:35   whole-lung-dim =              48000 40000 20000
2023-02-17 15:19:35   timesteps =                   33120
2023-02-17 15:19:35   infection-coords =            uniform:1
2023-02-17 15:19:35   initial-infection =           1000
2023-02-17 15:19:35   incubation-period =           480
2023-02-17 15:19:35   apoptosis-period =            180
2023-02-17 15:19:35   expressing-period =           900
2023-02-17 15:19:35   infectivity =                 0.01
2023-02-17 15:19:35   infectivity-multiplier =      1.0
2023-02-17 15:19:35   virion-production =           0.11
2023-02-17 15:19:35   virion-production-multiplier = 1.0
2023-02-17 15:19:35   virion-clearance =            0.004
2023-02-17 15:19:35   virion-diffusion =            0.15
2023-02-17 15:19:35   chemokine-production =        1.0
2023-02-17 15:19:35   chemokine-decay =             0.01
2023-02-17 15:19:35   chemokine-diffusion =         1.0
2023-02-17 15:19:35   min-chemokine =               1e-6
2023-02-17 15:19:35   antibody-factor =             1
2023-02-17 15:19:35   antibody-period =             1150
2023-02-17 15:19:35   tcell-generation-rate =       105000
2023-02-17 15:19:35   tcell-initial-delay =         4320
2023-02-17 15:19:35   tcell-vascular-period =       5760
2023-02-17 15:19:35   tcell-tissue-period =         1440
2023-02-17 15:19:35   tcell-binding-period =        10
2023-02-17 15:19:35   max-binding-prob =            1
2023-02-17 15:19:35   tcells-follow-gradient =      false
2023-02-17 15:19:35   seed =                        3
2023-02-17 15:19:35   sample-period =               0
2023-02-17 15:19:35   sample-resolution =           1
2023-02-17 15:19:35   max-block-dim =               10
2023-02-17 15:19:35   output =                      results/chaotic/c2-3
2023-02-17 15:19:35 _________________________
2023-02-17 15:19:35 Starting run with 64 processes on 2 nodes at 02/17/23 15:19:35
2023-02-17 15:19:35 Pinned processes, with process 0 (pid 3894273) pinned to core 0
2023-02-17 15:19:35 Using block partitioning
2023-02-17 15:19:35 Initial free memory across all nodes: 152.18GB
2023-02-17 15:19:35 Starting with 76.38GB free on node 0
2023-02-17 15:19:35 Dividing 225000000 grid points into 3515625 squares of size 64 (8^2), with 54932 per process
2023-02-17 15:19:35 Total initial memory required per process is at least 281.63MB with each grid point requiring on average 84 bytes
2023-02-17 15:19:38  --- Elapsed time for tissue.cpp:Tissue:  (exiting barrier) 2023-02-17 15:19:38 ...
2023-02-17 15:19:38           ... (min/my/avg/max, bal) (3.47/3.47/3.47/3.47 s, 1.00) barrier(0.00 s) --- 
2023-02-17 15:19:38 Memory used on node 0 after initialization is  10.90GB
2023-02-17 15:19:38           ... (min/my/avg/max, bal) No-Time barrier(0.00 s) --- 
2023-02-17 15:19:38 Fraction of circulating T cells extravasating is 5.85938e-06
2023-02-17 15:19:38 # datetime                    step    incb       expr       apop       dead       tvas       ttis       chem       virs       chempts    %infct     <%active  lbln>
2023-02-17 15:19:38 [0] <main.cpp:141> WARNING: Time step 0: SUCCESSFUL initial infection at (7500, 7500, 0) after 0 tries
2023-02-17 15:19:38 [02/17/23 15:19:38    0.00s]: 0       1          0          0          0          0          0          0.00e+00   0.00e+00   1.00e+00   0.00       < 0.000 0.016 >
2023-02-17 15:19:39 [02/17/23 15:19:39    0.15s]: 662     308        213        0          0          0          0          2.75e-06   1.89e+03   7.41e+03   0.00       < 0.004 0.649 >
2023-02-17 15:19:39 [02/17/23 15:19:39    0.30s]: 1324    1076       821        0          1          0          0          8.64e-06   1.45e+04   1.90e+04   0.00       < 0.008 0.771 >
2023-02-17 15:19:39 [02/17/23 15:19:39    0.38s]: 1986    1590       1851       0          478        0          0          1.76e-05   3.93e+04   2.48e+04   0.00       < 0.011 0.778 >
2023-02-17 15:19:40 [02/17/23 15:19:40    0.59s]: 2648    2281       2831       0          1784       0          0          2.84e-05   6.73e+04   3.22e+04   0.00       < 0.014 0.874 >
2023-02-17 15:19:40 [02/17/23 15:19:40    0.58s]: 3310    2670       4154       0          3731       0          0          3.85e-05   1.01e+05   4.01e+04   0.00       < 0.018 0.873 >
2023-02-17 15:19:41 [02/17/23 15:19:41    0.69s]: 3972    3398       5111       0          6615       0          0          4.91e-05   1.30e+05   4.83e+04   0.01       < 0.021 0.894 >
2023-02-17 15:19:42 [02/17/23 15:19:42    0.81s]: 4634    3868       6163       16         10221      32084579   8          5.87e-05   1.58e+05   5.77e+04   0.01       < 0.026 0.871 >
2023-02-17 15:19:43 [02/17/23 15:19:43    0.99s]: 5296    4416       6922       211        14804      94258885   76         6.97e-05   1.84e+05   6.83e+04   0.01       < 0.030 0.922 >
2023-02-17 15:19:44 [02/17/23 15:19:44    1.16s]: 5958    4780       7301       578        20536      149682302  203        7.87e-05   2.05e+05   7.88e+04   0.01       < 0.035 0.881 >
2023-02-17 15:19:45 [02/17/23 15:19:45    1.35s]: 6620    4969       6841       1075       27575      199087595  399        8.72e-05   2.09e+05   8.96e+04   0.02       < 0.040 0.912 >
2023-02-17 15:19:47 [02/17/23 15:19:47    1.55s]: 7282    4904       6173       1415       35649      243128340  638        9.11e-05   1.98e+05   1.01e+05   0.02       < 0.045 0.947 >
2023-02-17 15:19:49 [02/17/23 15:19:49    1.73s]: 7944    4881       5517       1688       44156      282387055  890        9.47e-05   1.83e+05   1.13e+05   0.02       < 0.050 0.917 >
2023-02-17 15:19:51 [02/17/23 15:19:51    2.01s]: 8606    5174       4737       1700       53003      317382877  1145       9.78e-05   1.61e+05   1.24e+05   0.03       < 0.055 0.894 >
2023-02-17 15:19:53 [02/17/23 15:19:53    2.21s]: 9268    5076       4253       2207       61990      348578898  1359       9.79e-05   1.53e+05   1.37e+05   0.03       < 0.061 0.955 >
2023-02-17 15:19:55 [02/17/23 15:19:55    2.38s]: 9930    5091       3376       2552       71749      376387437  1659       9.91e-05   1.34e+05   1.50e+05   0.04       < 0.067 0.934 >
2023-02-17 15:19:58 [02/17/23 15:19:58    2.63s]: 10592   4827       2650       2608       81832      401176344  1963       9.56e-05   1.14e+05   1.62e+05   0.04       < 0.072 0.948 >
2023-02-17 15:20:01 [02/17/23 15:20:01    2.95s]: 11254   4873       2030       2740       91943      423273599  2251       9.31e-05   9.08e+04   1.75e+05   0.05       < 0.078 0.940 >
2023-02-17 15:20:04 [02/17/23 15:20:04    3.05s]: 11916   4919       1745       2497       102173     442971374  2433       8.84e-05   7.74e+04   1.88e+05   0.05       < 0.083 0.951 >
2023-02-17 15:20:07 [02/17/23 15:20:07    3.22s]: 12578   4722       1618       2788       112061     460530159  2631       8.58e-05   7.41e+04   2.01e+05   0.05       < 0.088 0.946 >
2023-02-17 15:20:11 [02/17/23 15:20:11    3.40s]: 13240   4715       1410       2890       122279     476182334  2825       8.43e-05   6.46e+04   2.14e+05   0.06       < 0.092 0.947 >
2023-02-17 15:20:14 [02/17/23 15:20:14    3.60s]: 13902   4840       1073       2779       132965     490134736  3071       8.35e-05   5.54e+04   2.27e+05   0.06       < 0.097 0.958 >
2023-02-17 15:20:18 [02/17/23 15:20:18    3.74s]: 14564   4596       1209       2864       143407     502572234  3358       7.93e-05   5.29e+04   2.41e+05   0.07       < 0.100 0.966 >
2023-02-17 15:20:22 [02/17/23 15:20:22    3.95s]: 15226   4723       1010       2847       154030     513659099  3567       8.06e-05   4.89e+04   2.54e+05   0.07       < 0.104 0.931 >
2023-02-17 15:20:26 [02/17/23 15:20:26    4.15s]: 15888   4406       854        3096       164963     523542113  3761       7.69e-05   4.58e+04   2.69e+05   0.08       < 0.108 0.954 >
2023-02-17 15:20:30 [02/17/23 15:20:30    4.28s]: 16550   3773       499        2917       175939     532352036  3887       6.64e-05   3.66e+04   2.81e+05   0.08       < 0.110 0.959 >
2023-02-17 15:20:35 [02/17/23 15:20:35    4.45s]: 17212   3195       341        2569       186001     540205343  4000       5.40e-05   2.38e+04   2.93e+05   0.09       < 0.113 0.963 >
2023-02-17 15:20:39 [02/17/23 15:20:39    4.62s]: 17874   3119       393        2222       194816     547205882  4053       4.85e-05   1.87e+04   3.04e+05   0.09       < 0.114 0.943 >
2023-02-17 15:20:44 [02/17/23 15:20:44    4.56s]: 18536   2658       308        2062       203273     553446281  4143       4.16e-05   1.78e+04   3.14e+05   0.09       < 0.116 0.962 >
2023-02-17 15:20:49 [02/17/23 15:20:49    4.63s]: 19198   2338       251        1937       210877     559009175  4230       3.65e-05   1.37e+04   3.21e+05   0.10       < 0.118 0.956 >
2023-02-17 15:20:53 [02/17/23 15:20:53    4.71s]: 19860   2129       261        1687       217850     563967967  4168       3.30e-05   1.30e+04   3.28e+05   0.10       < 0.119 0.947 >
2023-02-17 15:20:58 [02/17/23 15:20:58    4.68s]: 20522   1826       213        1598       224030     568388374  4113       2.77e-05   1.22e+04   3.33e+05   0.10       < 0.118 0.937 >
2023-02-17 15:21:03 [02/17/23 15:21:03    4.69s]: 21184   1289       133        1164       229521     572328921  3912       2.07e-05   8.73e+03   3.27e+05   0.10       < 0.117 0.943 >
2023-02-17 15:21:07 [02/17/23 15:21:07    4.46s]: 21846   1019       56         891        233495     575841724  3590       1.51e-05   5.24e+03   3.12e+05   0.10       < 0.116 0.947 >
2023-02-17 15:21:11 [02/17/23 15:21:11    4.28s]: 22508   833        40         802        236628     578973388  3114       1.22e-05   3.36e+03   3.10e+05   0.11       < 0.113 0.935 >
2023-02-17 15:21:15 [02/17/23 15:21:15    4.00s]: 23170   583        31         538        239313     581765070  2699       8.09e-06   2.35e+03   3.10e+05   0.11       < 0.108 0.944 >
2023-02-17 15:21:19 [02/17/23 15:21:19    3.78s]: 23832   404        16         417        241190     584253783  2436       5.48e-06   1.75e+03   2.97e+05   0.11       < 0.101 0.938 >
2023-02-17 15:21:23 [02/17/23 15:21:23    3.42s]: 24494   322        28         294        242498     586472599  2026       3.78e-06   1.05e+03   2.84e+05   0.11       < 0.092 0.957 >
2023-02-17 15:21:26 [02/17/23 15:21:26    3.08s]: 25156   278        28         227        243491     588450470  1648       3.42e-06   1.59e+03   2.84e+05   0.11       < 0.081 0.917 >
2023-02-17 15:21:28 [02/17/23 15:21:28    2.67s]: 25818   243        19         237        244318     590213930  1215       4.08e-06   1.11e+03   2.71e+05   0.11       < 0.072 0.905 >
2023-02-17 15:21:31 [02/17/23 15:21:31    2.36s]: 26480   234        7          277        245214     591785881  858        2.74e-06   9.17e+02   2.74e+05   0.11       < 0.063 0.905 >
2023-02-17 15:21:33 [02/17/23 15:21:33    2.09s]: 27142   108        7          159        246028     593187381  736        1.77e-06   4.80e+02   2.70e+05   0.11       < 0.054 0.898 >
2023-02-17 15:21:35 [02/17/23 15:21:35    1.79s]: 27804   38         2          58         246474     594436735  617        2.80e-07   9.70e+01   2.58e+05   0.11       < 0.044 0.870 >
2023-02-17 15:21:36 [02/17/23 15:21:36    1.48s]: 28466   4          0          16         246631     595550375  416        6.84e-09   1.48e+01   2.54e+05   0.11       < 0.033 0.867 >
2023-02-17 15:21:37 [02/17/23 15:21:37    1.14s]: 29128   0          0          1          246656     596543255  212        0.00e+00   1.04e+00   2.47e+05   0.11       < 0.022 0.867 >
2023-02-17 15:21:38 [02/17/23 15:21:38    0.86s]: 29790   0          0          0          246658     597428418  63         0.00e+00   7.33e-02   2.47e+05   0.11       < 0.018 0.832 >
2023-02-17 15:21:39 [02/17/23 15:21:39    0.77s]: 30452   0          0          0          246658     598217185  0          0.00e+00   5.16e-03   2.47e+05   0.11       < 0.014 0.782 >
2023-02-17 15:21:40 [02/17/23 15:21:40    0.66s]: 31114   0          0          0          246658     598920597  0          0.00e+00   3.62e-04   2.47e+05   0.11       < 0.009 0.830 >
2023-02-17 15:21:40 [02/17/23 15:21:40    0.55s]: 31776   0          0          0          246658     599547572  0          0.00e+00   2.44e-05   2.47e+05   0.11       < 0.004 0.609 >
2023-02-17 15:21:41 [02/17/23 15:21:41    0.46s]: 32438   0          0          0          246658     600106579  0          0.00e+00   1.06e-06   2.47e+05   0.11       < 0.001 0.630 >
2023-02-17 15:21:41 [02/17/23 15:21:41    0.38s]: 33100   0          0          0          246658     600604713  0          0.00e+00   0.00e+00   2.47e+05   0.11       < 0.000 1.000 >
2023-02-17 15:21:41 [02/17/23 15:21:41    0.01s]: 33119   0          0          0          246658     600618189  0          0.00e+00   0.00e+00   2.47e+05   0.11       < 0.000 1.000 >
2023-02-17 15:21:41  ---  main.cpp:generate tcells took  avg 0.00 s max 0.00 s balance 0.78  --- 
2023-02-17 15:21:41  ---  main.cpp:update circulating tcells took  avg 9.08 s max 9.49 s balance 0.96  --- 
2023-02-17 15:21:41  ---  main.cpp:update tcells took  avg 8.48 s max 9.33 s balance 0.91  --- 
2023-02-17 15:21:41  ---  main.cpp:update epicells took  avg 4.41 s max 4.55 s balance 0.97  --- 
2023-02-17 15:21:41  ---  main.cpp:update concentrations took  avg 17.80 s max 18.72 s balance 0.95  --- 
2023-02-17 15:21:41  ---  main.cpp:compute updates took  avg 69.49 s max 69.50 s balance 1.00  --- 
2023-02-17 15:21:41  ---  main.cpp:dispatch updates took  avg 32.41 s max 34.50 s balance 0.94  --- 
2023-02-17 15:21:41  ---  main.cpp:add new actives took  avg 1.92 s max 1.98 s balance 0.97  --- 
2023-02-17 15:21:41  ---  main.cpp:erase inactive took  avg 9.70 s max 10.08 s balance 0.96  --- 
2023-02-17 15:21:41  ---  main.cpp:sample took  avg 0.00 s max 0.00 s balance -nan  --- 
2023-02-17 15:21:41  ---  main.cpp:sample write took  avg 0.00 s max 0.00 s balance -nan  --- 
2023-02-17 15:21:41  ---  main.cpp:log took  avg 1.70 s max 1.72 s balance 0.99  --- 
2023-02-17 15:21:41 Finished 33120 time steps in 122.4699 s (0.0037 s per step)
2023-02-17 15:21:41  --- Elapsed time for main.cpp:run_sim:  (exiting barrier) 2023-02-17 15:21:41 ...
2023-02-17 15:21:41           ... (min/my/avg/max, bal) (122.47/122.47/122.47/122.47 s, 1.00) barrier(0.00 s) --- 
2023-02-17 15:21:41 Peak memory used across all nodes: 21.95GB
2023-02-17 15:21:41 Finished in 126.13 s at 02/17/23 15:21:41 for SimCov version 0.1.1.8024051-dirty
