2023-02-13 21:27:03 SimCov version SimCov version 0.1.1.8024051-dirty-master built on 20230202_133339
2023-02-13 21:27:03 _________________________
2023-02-13 21:27:03 Compiler definitions:
2023-02-13 21:27:03   _XOPEN_SOURCE=700
2023-02-13 21:27:03   CONFIG_USE_COLORS
2023-02-13 21:27:03   USE_BYTELL
2023-02-13 21:27:03   MAX_VIRIONS=125000
2023-02-13 21:27:03   MIN_VIRIONS=1e-10
2023-02-13 21:27:03   BLOCK_PARTITION
2023-02-13 21:27:03   MIN_BLOCKS_PER_PROC=1
2023-02-13 21:27:03   AVERAGE_SUBSAMPLE
2023-02-13 21:27:03 _________________________
2023-02-13 21:27:03 Options:
2023-02-13 21:27:03   dim =                         15000 15000 1
2023-02-13 21:27:03   whole-lung-dim =              48000 40000 20000
2023-02-13 21:27:03   timesteps =                   33120
2023-02-13 21:27:03   infection-coords =            uniform:1
2023-02-13 21:27:03   initial-infection =           1000
2023-02-13 21:27:03   incubation-period =           480
2023-02-13 21:27:03   apoptosis-period =            180
2023-02-13 21:27:03   expressing-period =           900
2023-02-13 21:27:03   infectivity =                 0.01
2023-02-13 21:27:03   infectivity-multiplier =      1.0
2023-02-13 21:27:03   virion-production =           0.11
2023-02-13 21:27:03   virion-production-multiplier = 1.0
2023-02-13 21:27:03   virion-clearance =            0.002
2023-02-13 21:27:03   virion-diffusion =            0.15
2023-02-13 21:27:03   chemokine-production =        1.0
2023-02-13 21:27:03   chemokine-decay =             0.01
2023-02-13 21:27:03   chemokine-diffusion =         1.0
2023-02-13 21:27:03   min-chemokine =               1e-6
2023-02-13 21:27:03   antibody-factor =             1
2023-02-13 21:27:03   antibody-period =             1150
2023-02-13 21:27:03   tcell-generation-rate =       105000
2023-02-13 21:27:03   tcell-initial-delay =         4320
2023-02-13 21:27:03   tcell-vascular-period =       5760
2023-02-13 21:27:03   tcell-tissue-period =         1440
2023-02-13 21:27:03   tcell-binding-period =        10
2023-02-13 21:27:03   max-binding-prob =            1
2023-02-13 21:27:03   tcells-follow-gradient =      false
2023-02-13 21:27:03   seed =                        3
2023-02-13 21:27:03   sample-period =               0
2023-02-13 21:27:03   sample-resolution =           1
2023-02-13 21:27:03   max-block-dim =               10
2023-02-13 21:27:03   output =                      results/stable/c5_r3-results
2023-02-13 21:27:03 _________________________
2023-02-13 21:27:03 Starting run with 64 processes on 2 nodes at 02/13/23 21:27:03
2023-02-13 21:27:03 Pinned processes, with process 0 (pid 3902368) pinned to core 0
2023-02-13 21:27:03 Using block partitioning
2023-02-13 21:27:03 Initial free memory across all nodes: 150.60GB
2023-02-13 21:27:03 Starting with 75.57GB free on node 0
2023-02-13 21:27:03 Dividing 225000000 grid points into 3515625 squares of size 64 (8^2), with 54932 per process
2023-02-13 21:27:03 Total initial memory required per process is at least 281.63MB with each grid point requiring on average 84 bytes
2023-02-13 21:27:06  --- Elapsed time for tissue.cpp:Tissue:  (exiting barrier) 2023-02-13 21:27:06 ...
2023-02-13 21:27:06           ... (min/my/avg/max, bal) (3.51/3.51/3.51/3.51 s, 1.00) barrier(0.00 s) --- 
2023-02-13 21:27:06 Memory used on node 0 after initialization is  10.90GB
2023-02-13 21:27:06           ... (min/my/avg/max, bal) No-Time barrier(0.00 s) --- 
2023-02-13 21:27:06 Fraction of circulating T cells extravasating is 5.85938e-06
2023-02-13 21:27:06 # datetime                    step    incb       expr       apop       dead       tvas       ttis       chem       virs       chempts    %infct     <%active  lbln>
2023-02-13 21:27:06 [0] <main.cpp:141> WARNING: Time step 0: SUCCESSFUL initial infection at (7500, 7500, 0) after 0 tries
2023-02-13 21:27:06 [02/13/23 21:27:06    0.00s]: 0       1          0          0          0          0          0          0.00e+00   0.00e+00   1.00e+00   0.00       < 0.000 0.016 >
2023-02-13 21:27:06 [02/13/23 21:27:06    0.16s]: 662     459        231        0          0          0          0          2.94e-06   2.42e+03   7.52e+03   0.00       < 0.004 0.614 >
2023-02-13 21:27:07 [02/13/23 21:27:07    0.31s]: 1324    1459       1012       0          1          0          0          1.08e-05   2.67e+04   2.01e+04   0.00       < 0.009 0.818 >
2023-02-13 21:27:07 [02/13/23 21:27:07    0.42s]: 1986    1938       2417       0          641        0          0          2.19e-05   8.10e+04   2.66e+04   0.00       < 0.012 0.811 >
2023-02-13 21:27:08 [02/13/23 21:27:08    0.53s]: 2648    2643       3639       0          2290       0          0          3.34e-05   1.49e+05   3.46e+04   0.00       < 0.015 0.868 >
2023-02-13 21:27:08 [02/13/23 21:27:08    0.63s]: 3310    3370       4936       0          4745       0          0          4.50e-05   2.18e+05   4.34e+04   0.01       < 0.019 0.838 >
2023-02-13 21:27:09 [02/13/23 21:27:09    0.77s]: 3972    4043       6235       0          8239       0          0          5.75e-05   2.88e+05   5.32e+04   0.01       < 0.024 0.917 >
2023-02-13 21:27:10 [02/13/23 21:27:10    0.91s]: 4634    4750       7723       4          12609      32084574   4          7.02e-05   3.61e+05   6.42e+04   0.01       < 0.029 0.905 >
2023-02-13 21:27:11 [02/13/23 21:27:11    1.16s]: 5296    5448       8835       252        18151      94259117   85         8.29e-05   4.36e+05   7.63e+04   0.01       < 0.034 0.882 >
2023-02-13 21:27:12 [02/13/23 21:27:12    1.31s]: 5958    5917       9102       757        25376      149682455  279        9.41e-05   4.94e+05   8.91e+04   0.02       < 0.040 0.927 >
2023-02-13 21:27:14 [02/13/23 21:27:14    1.52s]: 6620    6005       8299       1379       34449      199087800  503        1.02e-04   5.07e+05   1.02e+05   0.02       < 0.045 0.944 >
2023-02-13 21:27:16 [02/13/23 21:27:16    1.75s]: 7282    6185       7407       1798       44425      243128538  732        1.08e-04   4.85e+05   1.17e+05   0.03       < 0.052 0.920 >
2023-02-13 21:27:18 [02/13/23 21:27:18    2.04s]: 7944    6791       6255       2319       55140      282387130  1050       1.17e-04   4.50e+05   1.31e+05   0.03       < 0.058 0.941 >
2023-02-13 21:27:20 [02/13/23 21:27:20    2.27s]: 8606    6641       6248       2705       66056      317383048  1382       1.18e-04   4.29e+05   1.46e+05   0.04       < 0.065 0.950 >
2023-02-13 21:27:23 [02/13/23 21:27:23    2.53s]: 9268    6590       5020       2941       78469      348578894  1645       1.22e-04   4.02e+05   1.61e+05   0.04       < 0.072 0.947 >
2023-02-13 21:27:25 [02/13/23 21:27:25    2.83s]: 9930    7246       4622       3085       90457      376387391  1926       1.22e-04   3.58e+05   1.77e+05   0.05       < 0.079 0.945 >
2023-02-13 21:27:28 [02/13/23 21:27:28    3.05s]: 10592   6686       3986       3723       103635     401176067  2307       1.23e-04   3.39e+05   1.93e+05   0.05       < 0.086 0.965 >
2023-02-13 21:27:32 [02/13/23 21:27:32    3.30s]: 11254   6795       3016       3515       117500     423273241  2617       1.20e-04   2.89e+05   2.10e+05   0.06       < 0.093 0.952 >
2023-02-13 21:27:35 [02/13/23 21:27:35    3.60s]: 11916   6802       2934       3690       130817     442970801  2857       1.18e-04   2.53e+05   2.27e+05   0.06       < 0.101 0.964 >
2023-02-13 21:27:39 [02/13/23 21:27:39    3.91s]: 12578   7012       2420       3800       145007     460529557  3183       1.18e-04   2.30e+05   2.44e+05   0.07       < 0.109 0.963 >
2023-02-13 21:27:43 [02/13/23 21:27:43    4.24s]: 13240   7162       2368       3896       159260     476181644  3473       1.17e-04   2.15e+05   2.63e+05   0.08       < 0.117 0.956 >
2023-02-13 21:27:48 [02/13/23 21:27:48    4.58s]: 13902   7074       1951       4091       174202     490133956  3672       1.18e-04   2.02e+05   2.81e+05   0.08       < 0.125 0.964 >
2023-02-13 21:27:53 [02/13/23 21:27:53    4.84s]: 14564   7452       1906       4078       189029     502571415  3770       1.18e-04   1.82e+05   2.99e+05   0.09       < 0.133 0.970 >
2023-02-13 21:27:58 [02/13/23 21:27:58    5.15s]: 15226   7858       2108       4384       204300     513658149  4044       1.22e-04   1.83e+05   3.19e+05   0.10       < 0.142 0.960 >
2023-02-13 21:28:04 [02/13/23 21:28:04    5.72s]: 15888   7410       1842       4608       220864     523541046  4423       1.24e-04   1.86e+05   3.38e+05   0.10       < 0.150 0.971 >
2023-02-13 21:28:10 [02/13/23 21:28:10    5.96s]: 16550   7520       1701       4495       237528     532350676  4624       1.17e-04   1.69e+05   3.58e+05   0.11       < 0.159 0.978 >
2023-02-13 21:28:16 [02/13/23 21:28:16    6.32s]: 17212   7687       1601       4679       254129     540203611  4891       1.18e-04   1.63e+05   3.78e+05   0.12       < 0.168 0.965 >
2023-02-13 21:28:23 [02/13/23 21:28:23    6.62s]: 17874   7683       1646       4598       271219     547203850  5085       1.19e-04   1.55e+05   3.98e+05   0.13       < 0.177 0.965 >
2023-02-13 21:28:30 [02/13/23 21:28:30    7.02s]: 18536   7950       1523       4745       288724     553443925  5243       1.19e-04   1.51e+05   4.20e+05   0.13       < 0.187 0.967 >
2023-02-13 21:28:37 [02/13/23 21:28:37    7.32s]: 19198   8507       1614       4952       306492     559006505  5456       1.24e-04   1.53e+05   4.42e+05   0.14       < 0.195 0.969 >
2023-02-13 21:28:45 [02/13/23 21:28:45    7.73s]: 19860   8441       1664       5062       325120     563964818  5711       1.29e-04   1.62e+05   4.64e+05   0.15       < 0.202 0.974 >
2023-02-13 21:28:53 [02/13/23 21:28:53    8.05s]: 20522   8679       1614       5131       344186     568384761  5845       1.31e-04   1.58e+05   4.87e+05   0.16       < 0.209 0.971 >
2023-02-13 21:29:01 [02/13/23 21:29:01    8.63s]: 21184   8683       1549       5322       363983     572324571  6112       1.30e-04   1.56e+05   5.10e+05   0.17       < 0.216 0.972 >
2023-02-13 21:29:10 [02/13/23 21:29:10    9.04s]: 21846   8870       1640       5394       383892     575836695  6303       1.31e-04   1.54e+05   5.34e+05   0.18       < 0.224 0.971 >
2023-02-13 21:29:20 [02/13/23 21:29:20    9.44s]: 22508   9106       1652       5548       404199     578967383  6466       1.33e-04   1.58e+05   5.57e+05   0.19       < 0.230 0.975 >
2023-02-13 21:29:30 [02/13/23 21:29:30    9.79s]: 23170   9183       1381       5743       425269     581757839  6753       1.36e-04   1.56e+05   5.81e+05   0.20       < 0.237 0.963 >
2023-02-13 21:29:40 [02/13/23 21:29:40   10.11s]: 23832   8916       1358       5843       446958     584245426  7034       1.35e-04   1.45e+05   6.06e+05   0.21       < 0.244 0.971 >
2023-02-13 21:29:50 [02/13/23 21:29:50   10.43s]: 24494   9156       1305       5766       468366     586462705  7252       1.34e-04   1.38e+05   6.31e+05   0.22       < 0.250 0.986 >
2023-02-13 21:30:01 [02/13/23 21:30:01   10.78s]: 25156   9129       1357       5873       490009     588439191  7388       1.35e-04   1.40e+05   6.56e+05   0.23       < 0.257 0.968 >
2023-02-13 21:30:12 [02/13/23 21:30:12   11.19s]: 25818   9239       1478       6198       511755     590200944  7555       1.35e-04   1.41e+05   6.82e+05   0.23       < 0.263 0.974 >
2023-02-13 21:30:24 [02/13/23 21:30:24   11.32s]: 26480   9272       1356       6368       534621     591771389  7867       1.38e-04   1.41e+05   7.08e+05   0.25       < 0.269 0.976 >
2023-02-13 21:30:35 [02/13/23 21:30:35   11.56s]: 27142   9492       1185       6350       557899     593171202  7939       1.36e-04   1.34e+05   7.34e+05   0.26       < 0.276 0.977 >
2023-02-13 21:30:47 [02/13/23 21:30:47   12.05s]: 27804   9439       1335       6313       581189     594418897  8070       1.38e-04   1.32e+05   7.60e+05   0.27       < 0.282 0.959 >
2023-02-13 21:31:00 [02/13/23 21:31:00   12.56s]: 28466   9849       1219       6473       604752     595531030  8324       1.41e-04   1.35e+05   7.87e+05   0.28       < 0.289 0.976 >
2023-02-13 21:31:13 [02/13/23 21:31:13   13.08s]: 29128   9855       1224       6857       629108     596522324  8570       1.42e-04   1.32e+05   8.16e+05   0.29       < 0.295 0.978 >
2023-02-13 21:31:26 [02/13/23 21:31:26   13.18s]: 29790   10127      1290       6753       653811     597405817  8809       1.43e-04   1.32e+05   8.43e+05   0.30       < 0.302 0.969 >
2023-02-13 21:31:39 [02/13/23 21:31:39   13.51s]: 30452   9897       1274       6734       678839     598193178  9024       1.42e-04   1.33e+05   8.71e+05   0.31       < 0.308 0.974 >
2023-02-13 21:31:53 [02/13/23 21:31:53   13.76s]: 31114   9841       1103       7026       703944     598895189  8980       1.40e-04   1.28e+05   9.00e+05   0.32       < 0.314 0.971 >
2023-02-13 21:32:07 [02/13/23 21:32:07   14.19s]: 31776   10466      1283       6815       729165     599521019  9143       1.43e-04   1.25e+05   9.29e+05   0.33       < 0.320 0.977 >
2023-02-13 21:32:22 [02/13/23 21:32:22   14.48s]: 32438   10016      1233       6922       755106     600078684  9283       1.41e-04   1.35e+05   9.57e+05   0.34       < 0.326 0.969 >
2023-02-13 21:32:37 [02/13/23 21:32:37   14.68s]: 33100   10219      1224       6898       780754     600575890  9451       1.47e-04   1.32e+05   9.87e+05   0.36       < 0.332 0.974 >
2023-02-13 21:32:37 [02/13/23 21:32:37    0.43s]: 33119   10254      1216       6899       781496     600589328  9443       1.47e-04   1.32e+05   9.88e+05   0.36       < 0.332 0.973 >
2023-02-13 21:32:37  ---  main.cpp:generate tcells took  avg 0.01 s max 0.01 s balance 0.75  --- 
2023-02-13 21:32:37  ---  main.cpp:update circulating tcells took  avg 9.66 s max 10.26 s balance 0.94  --- 
2023-02-13 21:32:37  ---  main.cpp:update tcells took  avg 21.72 s max 23.84 s balance 0.91  --- 
2023-02-13 21:32:37  ---  main.cpp:update epicells took  avg 10.22 s max 10.41 s balance 0.98  --- 
2023-02-13 21:32:37  ---  main.cpp:update concentrations took  avg 63.45 s max 64.86 s balance 0.98  --- 
2023-02-13 21:32:37  ---  main.cpp:compute updates took  avg 187.96 s max 187.97 s balance 1.00  --- 
2023-02-13 21:32:37  ---  main.cpp:dispatch updates took  avg 86.66 s max 91.88 s balance 0.94  --- 
2023-02-13 21:32:37  ---  main.cpp:add new actives took  avg 4.09 s max 4.24 s balance 0.97  --- 
2023-02-13 21:32:37  ---  main.cpp:erase inactive took  avg 34.65 s max 35.70 s balance 0.97  --- 
2023-02-13 21:32:37  ---  main.cpp:sample took  avg 0.00 s max 0.00 s balance -nan  --- 
2023-02-13 21:32:37  ---  main.cpp:sample write took  avg 0.00 s max 0.00 s balance -nan  --- 
2023-02-13 21:32:37  ---  main.cpp:log took  avg 2.25 s max 2.25 s balance 1.00  --- 
2023-02-13 21:32:37 Finished 33120 time steps in 330.7922 s (0.0100 s per step)
2023-02-13 21:32:37  --- Elapsed time for main.cpp:run_sim:  (exiting barrier) 2023-02-13 21:32:37 ...
2023-02-13 21:32:37           ... (min/my/avg/max, bal) (330.79/330.79/330.79/330.79 s, 1.00) barrier(0.00 s) --- 
2023-02-13 21:32:37 Peak memory used across all nodes: 22.09GB
2023-02-13 21:32:37 Finished in 334.69 s at 02/13/23 21:32:37 for SimCov version 0.1.1.8024051-dirty
