2023-02-16 21:47:36 SimCov version SimCov version 0.1.1.8024051-dirty-master built on 20230202_133339
2023-02-16 21:47:36 _________________________
2023-02-16 21:47:36 Compiler definitions:
2023-02-16 21:47:36   _XOPEN_SOURCE=700
2023-02-16 21:47:36   CONFIG_USE_COLORS
2023-02-16 21:47:36   USE_BYTELL
2023-02-16 21:47:36   MAX_VIRIONS=125000
2023-02-16 21:47:36   MIN_VIRIONS=1e-10
2023-02-16 21:47:36   BLOCK_PARTITION
2023-02-16 21:47:36   MIN_BLOCKS_PER_PROC=1
2023-02-16 21:47:36   AVERAGE_SUBSAMPLE
2023-02-16 21:47:36 _________________________
2023-02-16 21:47:36 Options:
2023-02-16 21:47:36   dim =                         15000 15000 1
2023-02-16 21:47:36   whole-lung-dim =              48000 40000 20000
2023-02-16 21:47:36   timesteps =                   33120
2023-02-16 21:47:36   infection-coords =            uniform:1
2023-02-16 21:47:36   initial-infection =           1000
2023-02-16 21:47:36   incubation-period =           600
2023-02-16 21:47:36   apoptosis-period =            120
2023-02-16 21:47:36   expressing-period =           1100
2023-02-16 21:47:36   infectivity =                 0.002
2023-02-16 21:47:36   infectivity-multiplier =      0.9
2023-02-16 21:47:36   virion-production =           1.1
2023-02-16 21:47:36   virion-production-multiplier = 1.0
2023-02-16 21:47:36   virion-clearance =            0.002
2023-02-16 21:47:36   virion-diffusion =            0.2
2023-02-16 21:47:36   chemokine-production =        1.0
2023-02-16 21:47:36   chemokine-decay =             0.01
2023-02-16 21:47:36   chemokine-diffusion =         1.0
2023-02-16 21:47:36   min-chemokine =               1e-6
2023-02-16 21:47:36   antibody-factor =             0.8
2023-02-16 21:47:36   antibody-period =             5760
2023-02-16 21:47:36   tcell-generation-rate =       130000
2023-02-16 21:47:36   tcell-initial-delay =         9000
2023-02-16 21:47:36   tcell-vascular-period =       5760
2023-02-16 21:47:36   tcell-tissue-period =         1600
2023-02-16 21:47:36   tcell-binding-period =        7
2023-02-16 21:47:36   max-binding-prob =            1
2023-02-16 21:47:36   tcells-follow-gradient =      false
2023-02-16 21:47:36   seed =                        1
2023-02-16 21:47:36   sample-period =               0
2023-02-16 21:47:36   sample-resolution =           1
2023-02-16 21:47:36   max-block-dim =               10
2023-02-16 21:47:36   output =                      results/chaotic/c7-1
2023-02-16 21:47:36 _________________________
2023-02-16 21:47:36 Starting run with 64 processes on 2 nodes at 02/16/23 21:47:36
2023-02-16 21:47:36 Pinned processes, with process 0 (pid 3875736) pinned to core 0
2023-02-16 21:47:36 Using block partitioning
2023-02-16 21:47:36 Initial free memory across all nodes: 151.81GB
2023-02-16 21:47:36 Starting with 76.18GB free on node 0
2023-02-16 21:47:36 Dividing 225000000 grid points into 3515625 squares of size 64 (8^2), with 54932 per process
2023-02-16 21:47:36 Total initial memory required per process is at least 281.63MB with each grid point requiring on average 84 bytes
2023-02-16 21:47:39  --- Elapsed time for tissue.cpp:Tissue:  (exiting barrier) 2023-02-16 21:47:39 ...
2023-02-16 21:47:39           ... (min/my/avg/max, bal) (3.55/3.55/3.55/3.55 s, 1.00) barrier(0.00 s) --- 
2023-02-16 21:47:39 Memory used on node 0 after initialization is  10.90GB
2023-02-16 21:47:39           ... (min/my/avg/max, bal) No-Time barrier(0.00 s) --- 
2023-02-16 21:47:39 Fraction of circulating T cells extravasating is 5.85938e-06
2023-02-16 21:47:39 # datetime                    step    incb       expr       apop       dead       tvas       ttis       chem       virs       chempts    %infct     <%active  lbln>
2023-02-16 21:47:39 [0] <main.cpp:141> WARNING: Time step 0: SUCCESSFUL initial infection at (7500, 7500, 0) after 0 tries
2023-02-16 21:47:39 [02/16/23 21:47:39    0.00s]: 0       1          0          0          0          0          0          0.00e+00   0.00e+00   1.00e+00   0.00       < 0.000 0.016 >
2023-02-16 21:47:39 [02/16/23 21:47:39    0.16s]: 662     305        52         0          0          0          0          9.83e-07   2.25e+03   3.41e+03   0.00       < 0.005 0.684 >
2023-02-16 21:47:40 [02/16/23 21:47:40    0.33s]: 1324    1721       420        0          0          0          0          7.95e-06   1.11e+05   1.76e+04   0.00       < 0.009 0.792 >
2023-02-16 21:47:40 [02/16/23 21:47:40    0.44s]: 1986    2365       2143       0          201        0          0          1.83e-05   6.03e+05   2.43e+04   0.00       < 0.012 0.804 >
2023-02-16 21:47:41 [02/16/23 21:47:41    0.56s]: 2648    3731       4073       0          924        0          0          3.35e-05   1.52e+06   3.33e+04   0.00       < 0.016 0.877 >
2023-02-16 21:47:41 [02/16/23 21:47:41    0.67s]: 3310    4613       6044       0          3118       0          0          4.99e-05   2.50e+06   4.25e+04   0.01       < 0.020 0.846 >
2023-02-16 21:47:42 [02/16/23 21:47:42    0.81s]: 3972    5637       8027       0          6304       0          0          6.56e-05   3.59e+06   5.30e+04   0.01       < 0.025 0.882 >
2023-02-16 21:47:43 [02/16/23 21:47:43    0.98s]: 4634    7154       9866       0          10737      0          0          8.32e-05   4.63e+06   6.60e+04   0.01       < 0.030 0.924 >
2023-02-16 21:47:44 [02/16/23 21:47:44    1.14s]: 5296    7957       12215      0          16334      0          0          9.98e-05   5.78e+06   7.91e+04   0.02       < 0.036 0.906 >
2023-02-16 21:47:45 [02/16/23 21:47:45    1.30s]: 5958    9246       14300      0          23163      0          0          1.17e-04   7.43e+06   9.40e+04   0.02       < 0.043 0.937 >
2023-02-16 21:47:47 [02/16/23 21:47:47    1.51s]: 6620    10518      16372      0          31404      0          0          1.35e-04   9.48e+06   1.10e+05   0.03       < 0.051 0.926 >
2023-02-16 21:47:49 [02/16/23 21:47:49    1.82s]: 7282    11783      18652      0          40808      0          0          1.54e-04   1.12e+07   1.27e+05   0.03       < 0.059 0.946 >
2023-02-16 21:47:51 [02/16/23 21:47:51    2.03s]: 7944    13193      21035      0          51542      0          0          1.70e-04   1.28e+07   1.47e+05   0.04       < 0.067 0.956 >
2023-02-16 21:47:53 [02/16/23 21:47:53    2.28s]: 8606    14583      23360      0          63704      0          0          1.91e-04   1.45e+07   1.67e+05   0.05       < 0.077 0.942 >
2023-02-16 21:47:56 [02/16/23 21:47:56    2.56s]: 9268    15260      25758      41         77474      34038961   16         2.10e-04   1.61e+07   1.89e+05   0.05       < 0.086 0.955 >
2023-02-16 21:47:59 [02/16/23 21:47:59    2.92s]: 9930    16573      27088      609        92906      111634039  266        2.28e-04   1.76e+07   2.13e+05   0.06       < 0.097 0.969 >
2023-02-16 21:48:02 [02/16/23 21:48:02    3.40s]: 10592   15736      24758      2007       113794     180803492  756        2.39e-04   1.81e+07   2.36e+05   0.07       < 0.108 0.973 >
2023-02-16 21:48:06 [02/16/23 21:48:06    3.85s]: 11254   15039      18483      3246       139108     242462315  1365       2.37e-04   1.66e+07   2.59e+05   0.08       < 0.120 0.956 >
2023-02-16 21:48:10 [02/16/23 21:48:10    4.35s]: 11916   13992      12393      3927       165221     297425805  2028       2.25e-04   1.34e+07   2.83e+05   0.09       < 0.131 0.969 >
2023-02-16 21:48:15 [02/16/23 21:48:15    4.88s]: 12578   13169      7291       4162       191084     346421195  2698       1.98e-04   9.80e+06   3.07e+05   0.10       < 0.143 0.967 >
2023-02-16 21:48:21 [02/16/23 21:48:21    5.43s]: 13240   12503      4185       4213       215202     390096103  3393       1.71e-04   6.73e+06   3.31e+05   0.10       < 0.155 0.973 >
2023-02-16 21:48:26 [02/16/23 21:48:26    5.93s]: 13902   11090      2515       4167       238611     429028519  3952       1.37e-04   4.41e+06   3.55e+05   0.11       < 0.167 0.971 >
2023-02-16 21:48:33 [02/16/23 21:48:33    6.48s]: 14564   9897       1199       3958       261293     463733572  4455       1.08e-04   2.70e+06   3.79e+05   0.12       < 0.179 0.973 >
2023-02-16 21:48:40 [02/16/23 21:48:40    6.97s]: 15226   8827       564        3629       282933     494670216  4914       7.78e-05   1.56e+06   4.01e+05   0.13       < 0.192 0.970 >
2023-02-16 21:48:47 [02/16/23 21:48:47    7.41s]: 15888   7793       369        3460       303305     522247536  5300       6.14e-05   9.10e+05   4.24e+05   0.14       < 0.204 0.982 >
2023-02-16 21:48:55 [02/16/23 21:48:55    7.91s]: 16550   6333       226        3419       322586     546830417  5625       4.39e-05   5.50e+05   4.45e+05   0.15       < 0.216 0.974 >
2023-02-16 21:49:04 [02/16/23 21:49:04    8.69s]: 17212   5126       128        2916       340439     568743942  5912       3.08e-05   3.37e+05   4.63e+05   0.15       < 0.227 0.981 >
2023-02-16 21:49:13 [02/16/23 21:49:13    9.11s]: 17874   3929       75         2501       356108     588278140  6039       1.94e-05   2.11e+05   4.79e+05   0.16       < 0.239 0.976 >
2023-02-16 21:49:23 [02/16/23 21:49:23    9.47s]: 18536   2588       21         1975       369032     605691307  6105       9.69e-06   1.13e+05   4.80e+05   0.17       < 0.250 0.981 >
2023-02-16 21:49:32 [02/16/23 21:49:32    9.75s]: 19198   1642       22         1383       378508     621214146  5643       5.93e-06   5.78e+04   4.65e+05   0.17       < 0.260 0.979 >
2023-02-16 21:49:42 [02/16/23 21:49:42    9.76s]: 19860   979        4          868        384947     635051986  4607       1.96e-06   2.90e+04   4.41e+05   0.17       < 0.270 0.980 >
2023-02-16 21:49:52 [02/16/23 21:49:52    9.84s]: 20522   689        8          538        388989     647387722  3376       2.24e-06   1.57e+04   4.37e+05   0.17       < 0.279 0.977 >
2023-02-16 21:50:02 [02/16/23 21:50:02   10.26s]: 21184   1118       22         587        391974     658383886  2832       4.27e-06   1.56e+04   4.65e+05   0.17       < 0.287 0.985 >
2023-02-16 21:50:13 [02/16/23 21:50:13   10.78s]: 21846   2640       59         1219       396260     668185682  3379       1.10e-05   3.46e+04   5.08e+05   0.18       < 0.294 0.986 >
2023-02-16 21:50:24 [02/16/23 21:50:24   11.35s]: 22508   3744       135        1900       404614     676922657  4492       2.05e-05   8.66e+04   5.35e+05   0.18       < 0.301 0.979 >
2023-02-16 21:50:36 [02/16/23 21:50:36   11.74s]: 23170   4093       121        2454       417034     684710600  5484       2.04e-05   1.34e+05   5.55e+05   0.19       < 0.307 0.980 >
2023-02-16 21:50:48 [02/16/23 21:50:48   12.15s]: 23832   3196       86         2200       430108     691652774  6086       1.61e-05   1.47e+05   5.65e+05   0.19       < 0.314 0.974 >
2023-02-16 21:51:00 [02/16/23 21:51:00   12.37s]: 24494   2492       51         1780       440956     697841632  5867       1.17e-05   1.17e+05   5.36e+05   0.20       < 0.323 0.976 >
2023-02-16 21:51:13 [02/16/23 21:51:13   12.46s]: 25156   1653       14         1270       449744     703358974  4896       6.70e-06   7.14e+04   5.13e+05   0.20       < 0.332 0.980 >
2023-02-16 21:51:25 [02/16/23 21:51:25   12.38s]: 25818   1990       31         1064       455943     708277297  4139       6.89e-06   3.81e+04   5.54e+05   0.20       < 0.336 0.984 >
2023-02-16 21:51:38 [02/16/23 21:51:38   12.86s]: 26480   3915       137        1914       463129     712660796  4864       1.85e-05   9.39e+04   6.06e+05   0.21       < 0.340 0.980 >
2023-02-16 21:51:52 [02/16/23 21:51:52   13.51s]: 27142   4243       70         2597       475517     716567670  6682       2.27e-05   1.37e+05   6.11e+05   0.21       < 0.343 0.980 >
2023-02-16 21:52:05 [02/16/23 21:52:05   13.77s]: 27804   3432       107        2497       490251     720050277  7624       1.70e-05   1.12e+05   6.37e+05   0.22       < 0.344 0.980 >
2023-02-16 21:52:19 [02/16/23 21:52:19   13.95s]: 28466   2166       20         1824       502994     723154622  7888       6.20e-06   6.99e+04   6.44e+05   0.23       < 0.344 0.980 >
2023-02-16 21:52:33 [02/16/23 21:52:33   13.71s]: 29128   2350       37         1653       512152     725922451  7484       7.81e-06   4.83e+04   6.18e+05   0.23       < 0.342 0.975 >
2023-02-16 21:52:46 [02/16/23 21:52:46   13.25s]: 29790   2200       43         1543       521173     728390456  6055       8.29e-06   4.42e+04   6.20e+05   0.23       < 0.338 0.983 >
2023-02-16 21:53:00 [02/16/23 21:53:00   13.16s]: 30452   2785       46         1538       529478     730589991  5621       9.28e-06   4.37e+04   6.75e+05   0.24       < 0.338 0.984 >
2023-02-16 21:53:14 [02/16/23 21:53:14   14.01s]: 31114   4450       84         2409       539687     732549703  7070       1.89e-05   7.28e+04   7.11e+05   0.24       < 0.344 0.980 >
2023-02-16 21:53:28 [02/16/23 21:53:28   14.56s]: 31776   4553       112        3146       554734     734296445  8641       2.15e-05   1.24e+05   7.35e+05   0.25       < 0.352 0.979 >
2023-02-16 21:53:43 [02/16/23 21:53:43   15.07s]: 32438   3403       38         2621       570855     735853558  9256       1.29e-05   1.04e+05   7.44e+05   0.26       < 0.362 0.976 >
2023-02-16 21:53:59 [02/16/23 21:53:59   15.34s]: 33100   3003       70         2132       584159     737241590  9242       1.03e-05   7.73e+04   7.54e+05   0.26       < 0.373 0.983 >
2023-02-16 21:53:59 [02/16/23 21:53:59    0.45s]: 33119   3033       67         2157       584464     737279135  9233       1.03e-05   7.70e+04   7.53e+05   0.26       < 0.373 0.983 >
2023-02-16 21:53:59  ---  main.cpp:generate tcells took  avg 0.01 s max 0.01 s balance 0.73  --- 
2023-02-16 21:53:59  ---  main.cpp:update circulating tcells took  avg 9.52 s max 10.21 s balance 0.93  --- 
2023-02-16 21:53:59  ---  main.cpp:update tcells took  avg 19.05 s max 20.77 s balance 0.92  --- 
2023-02-16 21:53:59  ---  main.cpp:update epicells took  avg 13.33 s max 13.76 s balance 0.97  --- 
2023-02-16 21:53:59  ---  main.cpp:update concentrations took  avg 76.32 s max 78.49 s balance 0.97  --- 
2023-02-16 21:53:59  ---  main.cpp:compute updates took  avg 219.02 s max 219.04 s balance 1.00  --- 
2023-02-16 21:53:59  ---  main.cpp:dispatch updates took  avg 93.89 s max 100.86 s balance 0.93  --- 
2023-02-16 21:53:59  ---  main.cpp:add new actives took  avg 4.68 s max 4.85 s balance 0.96  --- 
2023-02-16 21:53:59  ---  main.cpp:erase inactive took  avg 43.64 s max 44.82 s balance 0.97  --- 
2023-02-16 21:53:59  ---  main.cpp:sample took  avg 0.00 s max 0.00 s balance -nan  --- 
2023-02-16 21:53:59  ---  main.cpp:sample write took  avg 0.00 s max 0.00 s balance -nan  --- 
2023-02-16 21:53:59  ---  main.cpp:log took  avg 2.19 s max 2.21 s balance 0.99  --- 
2023-02-16 21:53:59 Finished 33120 time steps in 379.8750 s (0.0115 s per step)
2023-02-16 21:53:59  --- Elapsed time for main.cpp:run_sim:  (exiting barrier) 2023-02-16 21:53:59 ...
2023-02-16 21:53:59           ... (min/my/avg/max, bal) (379.88/379.88/379.88/379.88 s, 1.00) barrier(0.00 s) --- 
2023-02-16 21:53:59 Peak memory used across all nodes: 22.09GB
2023-02-16 21:53:59 Finished in 383.67 s at 02/16/23 21:53:59 for SimCov version 0.1.1.8024051-dirty
