2023-02-13 21:14:06 SimCov version SimCov version 0.1.1.8024051-dirty-master built on 20230202_133339
2023-02-13 21:14:06 _________________________
2023-02-13 21:14:06 Compiler definitions:
2023-02-13 21:14:06   _XOPEN_SOURCE=700
2023-02-13 21:14:06   CONFIG_USE_COLORS
2023-02-13 21:14:06   USE_BYTELL
2023-02-13 21:14:06   MAX_VIRIONS=125000
2023-02-13 21:14:06   MIN_VIRIONS=1e-10
2023-02-13 21:14:06   BLOCK_PARTITION
2023-02-13 21:14:06   MIN_BLOCKS_PER_PROC=1
2023-02-13 21:14:06   AVERAGE_SUBSAMPLE
2023-02-13 21:14:06 _________________________
2023-02-13 21:14:06 Options:
2023-02-13 21:14:06   dim =                         15000 15000 1
2023-02-13 21:14:06   whole-lung-dim =              48000 40000 20000
2023-02-13 21:14:06   timesteps =                   33120
2023-02-13 21:14:06   infection-coords =            uniform:1
2023-02-13 21:14:06   initial-infection =           1000
2023-02-13 21:14:06   incubation-period =           480
2023-02-13 21:14:06   apoptosis-period =            180
2023-02-13 21:14:06   expressing-period =           900
2023-02-13 21:14:06   infectivity =                 0.01
2023-02-13 21:14:06   infectivity-multiplier =      1.0
2023-02-13 21:14:06   virion-production =           0.11
2023-02-13 21:14:06   virion-production-multiplier = 1.0
2023-02-13 21:14:06   virion-clearance =            0.002
2023-02-13 21:14:06   virion-diffusion =            0.15
2023-02-13 21:14:06   chemokine-production =        1.0
2023-02-13 21:14:06   chemokine-decay =             0.01
2023-02-13 21:14:06   chemokine-diffusion =         1.0
2023-02-13 21:14:06   min-chemokine =               1e-6
2023-02-13 21:14:06   antibody-factor =             1
2023-02-13 21:14:06   antibody-period =             1150
2023-02-13 21:14:06   tcell-generation-rate =       105000
2023-02-13 21:14:06   tcell-initial-delay =         4320
2023-02-13 21:14:06   tcell-vascular-period =       5760
2023-02-13 21:14:06   tcell-tissue-period =         1440
2023-02-13 21:14:06   tcell-binding-period =        10
2023-02-13 21:14:06   max-binding-prob =            1
2023-02-13 21:14:06   tcells-follow-gradient =      false
2023-02-13 21:14:06   seed =                        2
2023-02-13 21:14:06   sample-period =               0
2023-02-13 21:14:06   sample-resolution =           1
2023-02-13 21:14:06   max-block-dim =               10
2023-02-13 21:14:06   output =                      results/stable/c5_r2-results
2023-02-13 21:14:06 _________________________
2023-02-13 21:14:06 Starting run with 64 processes on 2 nodes at 02/13/23 21:14:06
2023-02-13 21:14:06 Pinned processes, with process 0 (pid 3901263) pinned to core 0
2023-02-13 21:14:06 Using block partitioning
2023-02-13 21:14:06 Initial free memory across all nodes: 150.60GB
2023-02-13 21:14:06 Starting with 75.58GB free on node 0
2023-02-13 21:14:06 Dividing 225000000 grid points into 3515625 squares of size 64 (8^2), with 54932 per process
2023-02-13 21:14:06 Total initial memory required per process is at least 281.63MB with each grid point requiring on average 84 bytes
2023-02-13 21:14:09  --- Elapsed time for tissue.cpp:Tissue:  (exiting barrier) 2023-02-13 21:14:09 ...
2023-02-13 21:14:09           ... (min/my/avg/max, bal) (3.41/3.41/3.41/3.41 s, 1.00) barrier(0.00 s) --- 
2023-02-13 21:14:09 Memory used on node 0 after initialization is  10.90GB
2023-02-13 21:14:09           ... (min/my/avg/max, bal) No-Time barrier(0.00 s) --- 
2023-02-13 21:14:09 Fraction of circulating T cells extravasating is 5.85938e-06
2023-02-13 21:14:09 # datetime                    step    incb       expr       apop       dead       tvas       ttis       chem       virs       chempts    %infct     <%active  lbln>
2023-02-13 21:14:09 [0] <main.cpp:141> WARNING: Time step 0: SUCCESSFUL initial infection at (7500, 7500, 0) after 0 tries
2023-02-13 21:14:09 [02/13/23 21:14:09    0.00s]: 0       1          0          0          0          0          0          0.00e+00   0.00e+00   1.00e+00   0.00       < 0.000 0.016 >
2023-02-13 21:14:09 [02/13/23 21:14:09    0.15s]: 662     434        242        0          0          0          0          2.81e-06   2.45e+03   7.26e+03   0.00       < 0.004 0.614 >
2023-02-13 21:14:10 [02/13/23 21:14:10    0.32s]: 1324    1388       1007       0          2          0          0          1.02e-05   2.65e+04   1.99e+04   0.00       < 0.009 0.808 >
2023-02-13 21:14:10 [02/13/23 21:14:10    0.41s]: 1986    2025       2355       0          636        0          0          2.22e-05   7.84e+04   2.69e+04   0.00       < 0.012 0.822 >
2023-02-13 21:14:10 [02/13/23 21:14:10    0.53s]: 2648    2815       3778       0          2199       0          0          3.42e-05   1.50e+05   3.56e+04   0.00       < 0.016 0.882 >
2023-02-13 21:14:11 [02/13/23 21:14:11    0.63s]: 3310    3539       5246       0          4757       0          0          4.78e-05   2.29e+05   4.47e+04   0.01       < 0.020 0.851 >
2023-02-13 21:14:12 [02/13/23 21:14:12    0.82s]: 3972    4308       6611       0          8435       0          0          6.04e-05   3.03e+05   5.49e+04   0.01       < 0.024 0.902 >
2023-02-13 21:14:13 [02/13/23 21:14:13    0.93s]: 4634    4897       8081       16         13075      32084574   10         7.28e-05   3.82e+05   6.61e+04   0.01       < 0.029 0.920 >
2023-02-13 21:14:14 [02/13/23 21:14:14    1.09s]: 5296    5520       8935       258        19038      94259055   93         8.46e-05   4.51e+05   7.79e+04   0.02       < 0.035 0.887 >
2023-02-13 21:14:15 [02/13/23 21:14:15    1.31s]: 5958    5808       8940       893        26567      149682421  271        9.48e-05   5.01e+05   9.06e+04   0.02       < 0.040 0.922 >
2023-02-13 21:14:17 [02/13/23 21:14:17    1.50s]: 6620    6368       8457       1250       35630      199087788  482        1.05e-04   5.05e+05   1.05e+05   0.02       < 0.047 0.933 >
2023-02-13 21:14:18 [02/13/23 21:14:18    1.76s]: 7282    6452       8059       1926       45296      243128550  742        1.13e-04   5.10e+05   1.19e+05   0.03       < 0.053 0.906 >
2023-02-13 21:14:20 [02/13/23 21:14:20    2.02s]: 7944    6691       6771       2229       56744      282387197  1012       1.18e-04   4.74e+05   1.33e+05   0.03       < 0.059 0.957 >
2023-02-13 21:14:23 [02/13/23 21:14:23    2.24s]: 8606    6933       6623       2456       67608      317382820  1328       1.23e-04   4.51e+05   1.48e+05   0.04       < 0.066 0.954 >
2023-02-13 21:14:25 [02/13/23 21:14:25    2.51s]: 9268    6789       6439       2871       79348      348578587  1645       1.25e-04   4.40e+05   1.64e+05   0.04       < 0.073 0.957 >
2023-02-13 21:14:28 [02/13/23 21:14:28    2.78s]: 9930    6941       4879       3233       92633      376387071  1928       1.28e-04   4.07e+05   1.80e+05   0.05       < 0.080 0.943 >
2023-02-13 21:14:31 [02/13/23 21:14:31    3.00s]: 10592   7156       4208       3333       105701     401175772  2275       1.26e-04   3.50e+05   1.96e+05   0.05       < 0.087 0.956 >
2023-02-13 21:14:34 [02/13/23 21:14:34    3.29s]: 11254   7343       4200       3557       118735     423273020  2501       1.27e-04   3.28e+05   2.14e+05   0.06       < 0.095 0.959 >
2023-02-13 21:14:38 [02/13/23 21:14:38    3.53s]: 11916   7266       3330       3761       133222     442970635  2734       1.29e-04   3.05e+05   2.31e+05   0.07       < 0.103 0.972 >
2023-02-13 21:14:42 [02/13/23 21:14:42    3.84s]: 12578   7457       3054       3918       147462     460529330  3079       1.26e-04   2.71e+05   2.49e+05   0.07       < 0.111 0.962 >
2023-02-13 21:14:46 [02/13/23 21:14:46    4.21s]: 13240   7218       2506       4184       162530     476181391  3400       1.25e-04   2.49e+05   2.67e+05   0.08       < 0.119 0.951 >
2023-02-13 21:14:50 [02/13/23 21:14:50    4.52s]: 13902   6969       1987       4063       178006     490133919  3584       1.19e-04   2.14e+05   2.85e+05   0.08       < 0.127 0.960 >
2023-02-13 21:14:55 [02/13/23 21:14:55    4.79s]: 14564   7488       1843       4252       193032     502571284  3812       1.17e-04   1.84e+05   3.04e+05   0.09       < 0.135 0.966 >
2023-02-13 21:15:00 [02/13/23 21:15:00    5.16s]: 15226   7747       1903       4344       208617     513658002  4194       1.21e-04   1.77e+05   3.24e+05   0.10       < 0.144 0.970 >
2023-02-13 21:15:06 [02/13/23 21:15:06    5.69s]: 15888   7609       1529       4334       225278     523540919  4442       1.21e-04   1.69e+05   3.43e+05   0.11       < 0.152 0.970 >
2023-02-13 21:15:12 [02/13/23 21:15:12    5.99s]: 16550   7543       1535       4683       241762     532350594  4655       1.17e-04   1.56e+05   3.63e+05   0.11       < 0.162 0.976 >
2023-02-13 21:15:18 [02/13/23 21:15:18    6.38s]: 17212   7530       1406       4494       258691     540203542  4894       1.14e-04   1.46e+05   3.83e+05   0.12       < 0.170 0.968 >
2023-02-13 21:15:25 [02/13/23 21:15:25    6.65s]: 17874   7658       1389       4790       275426     547203868  5097       1.18e-04   1.43e+05   4.04e+05   0.13       < 0.179 0.972 >
2023-02-13 21:15:32 [02/13/23 21:15:32    7.01s]: 18536   7739       1299       4914       293082     553443887  5370       1.18e-04   1.38e+05   4.25e+05   0.14       < 0.189 0.969 >
2023-02-13 21:15:39 [02/13/23 21:15:39    7.40s]: 19198   7960       1083       4889       311197     559006272  5594       1.13e-04   1.28e+05   4.46e+05   0.14       < 0.196 0.974 >
2023-02-13 21:15:47 [02/13/23 21:15:47    7.71s]: 19860   7793       1316       4764       329229     563964855  5610       1.17e-04   1.26e+05   4.67e+05   0.15       < 0.203 0.977 >
