2023-02-13 21:21:04 SimCov version SimCov version 0.1.1.8024051-dirty-master built on 20230202_133339
2023-02-13 21:21:04 _________________________
2023-02-13 21:21:04 Compiler definitions:
2023-02-13 21:21:04   _XOPEN_SOURCE=700
2023-02-13 21:21:04   CONFIG_USE_COLORS
2023-02-13 21:21:04   USE_BYTELL
2023-02-13 21:21:04   MAX_VIRIONS=125000
2023-02-13 21:21:04   MIN_VIRIONS=1e-10
2023-02-13 21:21:04   BLOCK_PARTITION
2023-02-13 21:21:04   MIN_BLOCKS_PER_PROC=1
2023-02-13 21:21:04   AVERAGE_SUBSAMPLE
2023-02-13 21:21:04 _________________________
2023-02-13 21:21:04 Options:
2023-02-13 21:21:04   dim =                         15000 15000 1
2023-02-13 21:21:04   whole-lung-dim =              48000 40000 20000
2023-02-13 21:21:04   timesteps =                   33120
2023-02-13 21:21:04   infection-coords =            uniform:1
2023-02-13 21:21:04   initial-infection =           1000
2023-02-13 21:21:04   incubation-period =           480
2023-02-13 21:21:04   apoptosis-period =            180
2023-02-13 21:21:04   expressing-period =           900
2023-02-13 21:21:04   infectivity =                 0.01
2023-02-13 21:21:04   infectivity-multiplier =      1.0
2023-02-13 21:21:04   virion-production =           0.11
2023-02-13 21:21:04   virion-production-multiplier = 1.0
2023-02-13 21:21:04   virion-clearance =            0.002
2023-02-13 21:21:04   virion-diffusion =            0.15
2023-02-13 21:21:04   chemokine-production =        1.0
2023-02-13 21:21:04   chemokine-decay =             0.01
2023-02-13 21:21:04   chemokine-diffusion =         1.0
2023-02-13 21:21:04   min-chemokine =               1e-6
2023-02-13 21:21:04   antibody-factor =             1
2023-02-13 21:21:04   antibody-period =             1150
2023-02-13 21:21:04   tcell-generation-rate =       105000
2023-02-13 21:21:04   tcell-initial-delay =         4320
2023-02-13 21:21:04   tcell-vascular-period =       5760
2023-02-13 21:21:04   tcell-tissue-period =         1440
2023-02-13 21:21:04   tcell-binding-period =        10
2023-02-13 21:21:04   max-binding-prob =            1
2023-02-13 21:21:04   tcells-follow-gradient =      false
2023-02-13 21:21:04   seed =                        2
2023-02-13 21:21:04   sample-period =               0
2023-02-13 21:21:04   sample-resolution =           1
2023-02-13 21:21:04   max-block-dim =               10
2023-02-13 21:21:04   output =                      results/stable/c5_r2-results
2023-02-13 21:21:04 _________________________
2023-02-13 21:21:04 Starting run with 64 processes on 2 nodes at 02/13/23 21:21:04
2023-02-13 21:21:04 Pinned processes, with process 0 (pid 3901836) pinned to core 0
2023-02-13 21:21:04 Using block partitioning
2023-02-13 21:21:04 Initial free memory across all nodes: 150.60GB
2023-02-13 21:21:04 Starting with 75.57GB free on node 0
2023-02-13 21:21:04 Dividing 225000000 grid points into 3515625 squares of size 64 (8^2), with 54932 per process
2023-02-13 21:21:04 Total initial memory required per process is at least 281.63MB with each grid point requiring on average 84 bytes
2023-02-13 21:21:07  --- Elapsed time for tissue.cpp:Tissue:  (exiting barrier) 2023-02-13 21:21:07 ...
2023-02-13 21:21:07           ... (min/my/avg/max, bal) (3.43/3.43/3.43/3.43 s, 1.00) barrier(0.00 s) --- 
2023-02-13 21:21:07 Memory used on node 0 after initialization is  10.89GB
2023-02-13 21:21:07           ... (min/my/avg/max, bal) No-Time barrier(0.00 s) --- 
2023-02-13 21:21:07 Fraction of circulating T cells extravasating is 5.85938e-06
2023-02-13 21:21:07 # datetime                    step    incb       expr       apop       dead       tvas       ttis       chem       virs       chempts    %infct     <%active  lbln>
2023-02-13 21:21:07 [0] <main.cpp:141> WARNING: Time step 0: SUCCESSFUL initial infection at (7500, 7500, 0) after 0 tries
2023-02-13 21:21:07 [02/13/23 21:21:07    0.00s]: 0       1          0          0          0          0          0          0.00e+00   0.00e+00   1.00e+00   0.00       < 0.000 0.016 >
2023-02-13 21:21:07 [02/13/23 21:21:07    0.15s]: 662     449        244        0          0          0          0          2.88e-06   2.42e+03   7.22e+03   0.00       < 0.004 0.614 >
2023-02-13 21:21:08 [02/13/23 21:21:08    0.32s]: 1324    1372       997        0          1          0          0          1.03e-05   2.65e+04   1.96e+04   0.00       < 0.009 0.799 >
2023-02-13 21:21:08 [02/13/23 21:21:08    0.42s]: 1986    1904       2316       0          640        0          0          2.13e-05   7.74e+04   2.64e+04   0.00       < 0.012 0.805 >
2023-02-13 21:21:09 [02/13/23 21:21:09    0.52s]: 2648    2705       3518       0          2188       0          0          3.28e-05   1.44e+05   3.43e+04   0.00       < 0.015 0.849 >
2023-02-13 21:21:09 [02/13/23 21:21:09    0.62s]: 3310    3385       4893       0          4602       0          0          4.50e-05   2.15e+05   4.31e+04   0.01       < 0.019 0.835 >
2023-02-13 21:21:10 [02/13/23 21:21:10    0.75s]: 3972    4114       6256       0          8075       0          0          5.75e-05   2.87e+05   5.35e+04   0.01       < 0.024 0.910 >
2023-02-13 21:21:11 [02/13/23 21:21:11    0.90s]: 4634    4908       7660       11         12462      32084604   9          7.01e-05   3.64e+05   6.44e+04   0.01       < 0.029 0.884 >
2023-02-13 21:21:12 [02/13/23 21:21:12    1.15s]: 5296    5514       8750       196        18146      94259030   88         8.27e-05   4.38e+05   7.63e+04   0.01       < 0.034 0.883 >
2023-02-13 21:21:13 [02/13/23 21:21:13    1.29s]: 5958    5756       9107       708        25384      149682496  247        9.28e-05   4.94e+05   8.89e+04   0.02       < 0.040 0.929 >
2023-02-13 21:21:15 [02/13/23 21:21:15    1.48s]: 6620    5916       8144       1385       34510      199087941  461        1.00e-04   5.04e+05   1.02e+05   0.02       < 0.045 0.947 >
2023-02-13 21:21:16 [02/13/23 21:21:16    1.70s]: 7282    6317       6925       1778       44657      243128667  727        1.07e-04   4.70e+05   1.16e+05   0.03       < 0.051 0.907 >
2023-02-13 21:21:18 [02/13/23 21:21:18    2.00s]: 7944    6486       6265       2351       55021      282387280  1073       1.14e-04   4.40e+05   1.30e+05   0.03       < 0.058 0.935 >
2023-02-13 21:21:21 [02/13/23 21:21:21    2.22s]: 8606    6609       6196       2364       65845      317383006  1321       1.18e-04   4.20e+05   1.45e+05   0.04       < 0.064 0.942 >
2023-02-13 21:21:23 [02/13/23 21:21:23    2.48s]: 9268    6913       5846       2883       77164      348578768  1573       1.23e-04   4.15e+05   1.61e+05   0.04       < 0.072 0.951 >
2023-02-13 21:21:26 [02/13/23 21:21:26    2.76s]: 9930    6983       4791       3236       90089      376387191  1842       1.26e-04   3.88e+05   1.77e+05   0.05       < 0.079 0.940 >
2023-02-13 21:21:29 [02/13/23 21:21:29    2.99s]: 10592   7519       4750       3246       102699     401176031  2171       1.30e-04   3.55e+05   1.94e+05   0.05       < 0.086 0.962 >
2023-02-13 21:21:32 [02/13/23 21:21:32    3.24s]: 11254   7107       4037       3740       116646     423272885  2584       1.31e-04   3.44e+05   2.11e+05   0.06       < 0.094 0.952 >
2023-02-13 21:21:36 [02/13/23 21:21:36    3.55s]: 11916   7142       3220       3811       131035     442970595  2897       1.25e-04   2.99e+05   2.28e+05   0.06       < 0.101 0.967 >
2023-02-13 21:21:40 [02/13/23 21:21:40    3.85s]: 12578   6999       2589       3885       145557     460529255  3144       1.20e-04   2.57e+05   2.45e+05   0.07       < 0.109 0.973 >
2023-02-13 21:21:44 [02/13/23 21:21:44    4.17s]: 13240   7090       2270       4017       160018     476181417  3409       1.18e-04   2.24e+05   2.63e+05   0.08       < 0.117 0.946 >
2023-02-13 21:21:48 [02/13/23 21:21:48    4.50s]: 13902   7549       2169       3860       174757     490133847  3593       1.20e-04   1.99e+05   2.81e+05   0.08       < 0.125 0.966 >
2023-02-13 21:21:53 [02/13/23 21:21:53    4.75s]: 14564   7738       2648       4094       189389     502571142  3722       1.24e-04   2.05e+05   3.01e+05   0.09       < 0.134 0.967 >
2023-02-13 21:21:58 [02/13/23 21:21:58    5.04s]: 15226   7938       2368       4540       205229     513658050  3997       1.31e-04   2.17e+05   3.20e+05   0.10       < 0.142 0.959 >
2023-02-13 21:22:04 [02/13/23 21:22:04    5.62s]: 15888   7767       2068       4521       222010     523541014  4324       1.28e-04   2.03e+05   3.40e+05   0.11       < 0.151 0.970 >
2023-02-13 21:22:10 [02/13/23 21:22:10    5.91s]: 16550   8018       1786       4467       238953     532350509  4682       1.27e-04   1.84e+05   3.60e+05   0.11       < 0.160 0.970 >
2023-02-13 21:22:16 [02/13/23 21:22:16    6.34s]: 17212   7869       1788       4778       255896     540203411  4933       1.26e-04   1.75e+05   3.80e+05   0.12       < 0.169 0.966 >
2023-02-13 21:22:23 [02/13/23 21:22:23    6.69s]: 17874   7928       1634       4678       273752     547203699  5127       1.23e-04   1.63e+05   4.02e+05   0.13       < 0.179 0.972 >
2023-02-13 21:22:30 [02/13/23 21:22:30    7.06s]: 18536   7852       1497       4914       291450     553443695  5346       1.20e-04   1.57e+05   4.22e+05   0.14       < 0.188 0.956 >
2023-02-13 21:22:37 [02/13/23 21:22:37    7.41s]: 19198   7929       1305       4758       309672     559006138  5567       1.19e-04   1.41e+05   4.44e+05   0.14       < 0.195 0.973 >
2023-02-13 21:22:45 [02/13/23 21:22:45    7.73s]: 19860   7946       1333       5080       327758     563964600  5707       1.23e-04   1.37e+05   4.66e+05   0.15       < 0.203 0.978 >
2023-02-13 21:22:53 [02/13/23 21:22:53    8.08s]: 20522   7757       1273       5111       346646     568384509  5957       1.22e-04   1.32e+05   4.88e+05   0.16       < 0.210 0.975 >
2023-02-13 21:23:02 [02/13/23 21:23:02    8.69s]: 21184   8013       1317       5101       365361     572324393  6108       1.18e-04   1.29e+05   5.09e+05   0.17       < 0.217 0.968 >
2023-02-13 21:23:11 [02/13/23 21:23:11    9.08s]: 21846   8246       1189       5207       384541     575836221  6370       1.19e-04   1.27e+05   5.33e+05   0.18       < 0.224 0.969 >
2023-02-13 21:23:20 [02/13/23 21:23:20    9.48s]: 22508   8310       1271       5441       403815     578966971  6535       1.23e-04   1.29e+05   5.55e+05   0.19       < 0.230 0.972 >
2023-02-13 21:23:30 [02/13/23 21:23:30    9.74s]: 23170   8724       1323       5483       423745     581757419  6768       1.26e-04   1.29e+05   5.79e+05   0.20       < 0.236 0.966 >
2023-02-13 21:23:40 [02/13/23 21:23:40   10.28s]: 23832   8567       1233       5696       444478     584244907  7003       1.27e-04   1.30e+05   6.03e+05   0.20       < 0.242 0.973 >
2023-02-13 21:23:50 [02/13/23 21:23:50   10.29s]: 24494   8662       1083       5716       465417     586462390  7196       1.25e-04   1.23e+05   6.28e+05   0.21       < 0.249 0.980 >
2023-02-13 21:24:01 [02/13/23 21:24:01   10.52s]: 25156   9046       1228       5922       486574     588438770  7301       1.29e-04   1.21e+05   6.53e+05   0.22       < 0.255 0.972 >
2023-02-13 21:24:12 [02/13/23 21:24:12   10.92s]: 25818   8619       1191       6112       508568     590200461  7506       1.28e-04   1.26e+05   6.77e+05   0.23       < 0.261 0.976 >
2023-02-13 21:24:23 [02/13/23 21:24:23   11.07s]: 26480   8787       958        5853       530848     591770857  7705       1.26e-04   1.14e+05   7.02e+05   0.24       < 0.267 0.973 >
2023-02-13 21:24:34 [02/13/23 21:24:34   11.42s]: 27142   9171       1267       6107       552577     593170553  7896       1.27e-04   1.15e+05   7.29e+05   0.25       < 0.273 0.975 >
2023-02-13 21:24:46 [02/13/23 21:24:46   11.77s]: 27804   9372       1260       6341       575336     594418265  8102       1.36e-04   1.26e+05   7.55e+05   0.26       < 0.279 0.965 >
2023-02-13 21:24:58 [02/13/23 21:24:58   12.30s]: 28466   10131      1318       6762       598733     595530362  8412       1.42e-04   1.33e+05   7.82e+05   0.27       < 0.285 0.973 >
2023-02-13 21:25:11 [02/13/23 21:25:11   12.91s]: 29128   9959       1336       6449       623357     596521658  8587       1.44e-04   1.38e+05   8.09e+05   0.28       < 0.291 0.976 >
2023-02-13 21:25:25 [02/13/23 21:25:25   13.23s]: 29790   10018      1369       6741       647777     597405202  8707       1.44e-04   1.39e+05   8.37e+05   0.30       < 0.297 0.971 >
2023-02-13 21:25:38 [02/13/23 21:25:38   13.35s]: 30452   10192      1307       6831       672732     598192869  8865       1.44e-04   1.38e+05   8.65e+05   0.31       < 0.303 0.975 >
2023-02-13 21:25:52 [02/13/23 21:25:52   13.74s]: 31114   9851       1034       6969       698149     598894935  9013       1.41e-04   1.32e+05   8.93e+05   0.32       < 0.309 0.976 >
2023-02-13 21:26:06 [02/13/23 21:26:06   14.03s]: 31776   9960       1256       6741       723122     599520796  8991       1.39e-04   1.24e+05   9.21e+05   0.33       < 0.315 0.982 >
2023-02-13 21:26:20 [02/13/23 21:26:20   14.16s]: 32438   10236      1152       7111       748418     600078636  9203       1.44e-04   1.32e+05   9.51e+05   0.34       < 0.322 0.971 >
2023-02-13 21:26:34 [02/13/23 21:26:34   14.47s]: 33100   11149      1461       7101       774024     600575705  9385       1.54e-04   1.34e+05   9.81e+05   0.35       < 0.328 0.977 >
2023-02-13 21:26:35 [02/13/23 21:26:35    0.42s]: 33119   11200      1443       7115       774794     600589133  9413       1.54e-04   1.34e+05   9.82e+05   0.35       < 0.328 0.977 >
2023-02-13 21:26:35  ---  main.cpp:generate tcells took  avg 0.01 s max 0.01 s balance 0.72  --- 
2023-02-13 21:26:35  ---  main.cpp:update circulating tcells took  avg 9.63 s max 10.01 s balance 0.96  --- 
2023-02-13 21:26:35  ---  main.cpp:update tcells took  avg 21.56 s max 23.67 s balance 0.91  --- 
2023-02-13 21:26:35  ---  main.cpp:update epicells took  avg 10.12 s max 10.35 s balance 0.98  --- 
2023-02-13 21:26:35  ---  main.cpp:update concentrations took  avg 62.69 s max 64.38 s balance 0.97  --- 
2023-02-13 21:26:35  ---  main.cpp:compute updates took  avg 186.06 s max 186.07 s balance 1.00  --- 
2023-02-13 21:26:35  ---  main.cpp:dispatch updates took  avg 85.93 s max 91.09 s balance 0.94  --- 
2023-02-13 21:26:35  ---  main.cpp:add new actives took  avg 4.09 s max 4.24 s balance 0.96  --- 
2023-02-13 21:26:35  ---  main.cpp:erase inactive took  avg 34.46 s max 35.31 s balance 0.98  --- 
2023-02-13 21:26:35  ---  main.cpp:sample took  avg 0.00 s max 0.00 s balance -nan  --- 
2023-02-13 21:26:35  ---  main.cpp:sample write took  avg 0.00 s max 0.00 s balance -nan  --- 
2023-02-13 21:26:35  ---  main.cpp:log took  avg 2.25 s max 2.26 s balance 1.00  --- 
2023-02-13 21:26:35 Finished 33120 time steps in 327.5734 s (0.0099 s per step)
2023-02-13 21:26:35  --- Elapsed time for main.cpp:run_sim:  (exiting barrier) 2023-02-13 21:26:35 ...
2023-02-13 21:26:35           ... (min/my/avg/max, bal) (327.57/327.57/327.57/327.57 s, 1.00) barrier(0.00 s) --- 
2023-02-13 21:26:35 Peak memory used across all nodes: 22.08GB
2023-02-13 21:26:35 Finished in 331.19 s at 02/13/23 21:26:35 for SimCov version 0.1.1.8024051-dirty
